do run
loading script "jan_co2_whiff_120_60_large.py"
loading script "jan_pump_ms.py"
loading script "jan_co2.py"
loading script "jan_pump_extraction_line.py"
testing...
no interpolation path defined
executed snippet estimated_duration=201.56, duration=0.000210046768188
script duration name:co2_whiff_120_60_large seconds:202.0
loading script "jan_co2_whiff_120_60_large.py"
loading script "jan_pump_ms.py"
loading script "jan_co2.py"
loading script "jan_pump_extraction_line.py"
testing...
no interpolation path defined
executed snippet estimated_duration=0, duration=2.31266021729e-05
loading script "jan_co2_whiff_120_60_large.py"
loading script "jan_pump_ms.py"
loading script "jan_co2.py"
loading script "jan_pump_extraction_line.py"
testing...
no interpolation path defined
calculate duration
testing...
no interpolation path defined
executed snippet estimated_duration=0, duration=5.19752502441e-05
calculate duration
testing...
no interpolation path defined
executed snippet estimated_duration=0, duration=9.20295715332e-05
executed snippet estimated_duration=0.0, duration=0.00256299972534
script duration name:co2 seconds:0.0
loading script "jan_co2_whiff_120_60_large.py"
loading script "jan_pump_ms.py"
loading script "jan_co2.py"
loading script "jan_pump_extraction_line.py"
testing...
no interpolation path defined
calculate duration
testing...
no interpolation path defined
executed snippet estimated_duration=4.0, duration=0.000135183334351
executed snippet estimated_duration=4.0, duration=0.00108695030212
Script duration 202.0
Run total estimated duration= 203.000
run duration: 0:03:23
doing event level: 2
15:15:03 -- Setting default integration. t=1.048576
setting integration time = 1.048576
SetIntegrationTime 1.048576 ===>> OK
----------------- start -----------------
**************** Experiment Type: Ar/Ar, Ar/Ar
create new session 4965161584
close session 4965161584
$$$$$ Clearing conditionals
adding conditionals 
Add queue conditionals
add default conditionals
adding default conditionals from /Users/jan/PychronDev/setupfiles/spectrometer/default_conditionals.yaml
Start automated run 65804-21
loading script "jan_co2_whiff_120_60_large.py"
loading script "jan_pump_ms.py"
loading script "jan_co2.py"
loading script "jan_pump_extraction_line.py"
%%%%%%%%%%%%%%%%%% setting automated run 65804-21
No value "sensitivity_multiplier" in metadata
$$$$$$$$$$$$$$$ auto_save_detector_ic=False
============================= Pre Extraction Check =============================
loading queue conditionals pre_run_terminations
loading system conditionals pre_run_terminations
loading conditionals from /Users/jan/PychronDev/setupfiles/spectrometer/default_conditionals.yaml
15:15:04 -- ******* Pre Extraction Check *******
Get a measurement from the spectrometer
Pre Extraction Termination data. keys=H2,H1,AX,L1,L2,CDD, signals=-0.10039,0.22860,-0.09341,-0.04546,-0.05695,0.00223
15:15:04 -- testing system defined conditionals
Checking default pre extraction terminations n=2
testing CDD
evaluate ot="CDD.inactive" t="CDD", ctx="{'CDD': False}"
GetDeflection CDD ===>> 50
testing CDD==2000
evaluate ot="CDD.deflection==2000" t="CDD==2000", ctx="{'CDD': 50.0}"
15:15:04 -- ******* Pre Extraction Check Passed *******
=================================================================================
15:15:04 -- stopping status monitor
stop 4942042608
Status monitor stopped
Status monitor finished
15:15:05 -- starting status monitor
start 4942042608
StatusMonitor period=1. Frequencies(state=2, checksum=3, lock=5, owner=5)
start extraction
do extraction
Analysis started at 15:15:07.092404
Extraction Started jan_co2.py
15:15:07 -- ******* Extraction Started jan_co2.py *******
state changed from not run to extraction
DO EXTRACTION <pychron.extraction_line.pyscript_runner.RemotePyScriptRunner object at 0x1295a4050>
testing...
no interpolation path defined
calculate duration
testing...
no interpolation path defined
executed snippet estimated_duration=0, duration=4.50611114502e-05
calculate duration
testing...
no interpolation path defined
executed snippet estimated_duration=0, duration=9.08374786377e-05
executed snippet estimated_duration=100.0, duration=0.00238800048828
Jan CO2 laser analysis
doing GOSUB
testing...
no interpolation path defined
executed snippet estimated_duration=0, duration=4.10079956055e-05
Waiting for CO2 access
wait ('FelixCO2Flag', 0) {}
waiting for FelixCO2Flag = 0
Read FelixCO2Flag ===>> 0
finished waiting
CO2 free
wait ('CO2PumpTimeFlag', 0) {}
waiting for CO2PumpTimeFlag = 0
Read CO2PumpTimeFlag ===>> 0
finished waiting
acquire ('JanCO2Flag',) {'clear': True}
acquire JanCO2Flag
Set JanCO2Flag 1 ===>> OK
JanCO2Flag acquired
set extraction state False (0.75, 'red', 1.5)
CO2 acquired
executed snippet estimated_duration=0, duration=0.0176181793213
WaitForCO2Access.py completed successfully
gosub finished
doing GOSUB
testing...
no interpolation path defined
executed snippet estimated_duration=0, duration=9.79900360107e-05
Prepare for CO2 analysis
close () {'description': 'Jan Inlet'}
close name=--- desc=Jan Inlet
checking ownership. requestor=129.138.12.150
check software interlocks R
interlocks []
actuate state mode=None-script, software_lock=False
doing actuation None-script close_channel False
Close R ===>> OK
GetIndicatorState R ===>> False
change switch state (True, True)
update switch state R False args=() kw={} ncanvase=2
15:15:07 -- CLOSE  VALVE-R (Jan Inlet)
-------------------------- close None (Jan Inlet) result=[(True, True)]
action=close, ok=True, locked=[False]
open () {'description': 'Jan Ion Pump'}
open name=--- desc=Jan Ion Pump
checking ownership. requestor=129.138.12.150
check software interlocks O
interlocks []
actuate state mode=None-script, software_lock=False
doing actuation None-script open_channel False
Open O ===>> OK
GetIndicatorState O ===>> OK
change switch state (True, True)
update switch state O True args=() kw={} ncanvase=2
15:15:07 -- OPEN   VALVE-O (Jan Ion Pump)
-------------------------- open None (Jan Ion Pump) result=[(True, True)]
action=open, ok=True, locked=[False]
close () {'description': 'Microbone to Minibone'}
close name=--- desc=Microbone to Minibone
checking ownership. requestor=129.138.12.150
check software interlocks L
interlocks []
actuate state mode=None-script, software_lock=False
doing actuation None-script close_channel False
Close L ===>> OK
GetIndicatorState L ===>> False
change switch state (True, True)
update switch state L False args=() kw={} ncanvase=2
15:15:08 -- CLOSE  VALVE-L (Microbone to Minibone)
-------------------------- close None (Microbone to Minibone) result=[(True, True)]
action=close, ok=True, locked=[False]
open () {'description': 'Microbone to Turbo'}
open name=--- desc=Microbone to Turbo
checking ownership. requestor=129.138.12.150
check software interlocks U
interlocks []
actuate state mode=None-script, software_lock=False
doing actuation None-script open_channel False
Open U ===>> OK
GetIndicatorState U ===>> OK
change switch state (True, True)
update switch state U True args=() kw={} ncanvase=2
15:15:09 -- OPEN   VALVE-U (Microbone to Turbo)
-------------------------- open None (Microbone to Turbo) result=[(True, True)]
action=open, ok=True, locked=[False]
open () {'description': 'Microbone to Inlet Pipette'}
open name=--- desc=Microbone to Inlet Pipette
checking ownership. requestor=129.138.12.150
check software interlocks S
interlocks []
actuate state mode=None-script, software_lock=False
doing actuation None-script open_channel False
Open S ===>> OK
GetIndicatorState S ===>> OK
change switch state (True, True)
update switch state S True args=() kw={} ncanvase=2
15:15:09 -- OPEN   VALVE-S (Microbone to Inlet Pipette)
-------------------------- open None (Microbone to Inlet Pipette) result=[(True, True)]
action=open, ok=True, locked=[False]
open () {'description': 'Microbone to Getter D-50'}
open name=--- desc=Microbone to Getter D-50
checking ownership. requestor=129.138.12.150
check software interlocks K
interlocks []
actuate state mode=None-script, software_lock=False
doing actuation None-script open_channel False
Open K ===>> OK
GetIndicatorState K ===>> OK
change switch state (True, True)
update switch state K True args=() kw={} ncanvase=2
15:15:10 -- OPEN   VALVE-K (Microbone to Getter D-50)
-------------------------- open None (Microbone to Getter D-50) result=[(True, True)]
action=open, ok=True, locked=[False]
open () {'description': 'Microbone to Getter NP-10'}
open name=--- desc=Microbone to Getter NP-10
checking ownership. requestor=129.138.12.150
check software interlocks M
interlocks []
actuate state mode=None-script, software_lock=False
doing actuation None-script open_channel False
Open M ===>> OK
GetIndicatorState M ===>> OK
change switch state (True, True)
update switch state M True args=() kw={} ncanvase=2
15:15:10 -- OPEN   VALVE-M (Microbone to Getter NP-10)
-------------------------- open None (Microbone to Getter NP-10) result=[(True, True)]
action=open, ok=True, locked=[False]
close () {'description': 'CO2 Laser to Felix'}
close name=--- desc=CO2 Laser to Felix
checking ownership. requestor=129.138.12.150
check software interlocks F
interlocks []
actuate state mode=None-script, software_lock=True
VALVE-F(CO2 Laser to Felix) software locked
change switch state (True, False)
-------------------------- close None (CO2 Laser to Felix) result=[(True, False)]
action=close, ok=True, locked=[True]
open () {'description': 'CO2 Laser to Jan'}
open name=--- desc=CO2 Laser to Jan
checking ownership. requestor=129.138.12.150
check software interlocks A
interlocks []
actuate state mode=None-script, software_lock=False
doing actuation None-script open_channel False
Open A ===>> OK
GetIndicatorState A ===>> OK
change switch state (True, True)
update switch state A True args=() kw={} ncanvase=2
15:15:11 -- OPEN   VALVE-A (CO2 Laser to Jan)
-------------------------- open None (CO2 Laser to Jan) result=[(True, True)]
action=open, ok=True, locked=[False]
open () {'description': 'Microbone to CO2 Laser'}
open name=--- desc=Microbone to CO2 Laser
checking ownership. requestor=129.138.12.150
check software interlocks T
interlocks []
actuate state mode=None-script, software_lock=False
doing actuation None-script open_channel False
Open T ===>> OK
GetIndicatorState T ===>> OK
change switch state (True, True)
update switch state T True args=() kw={} ncanvase=2
15:15:11 -- OPEN   VALVE-T (Microbone to CO2 Laser)
-------------------------- open None (Microbone to CO2 Laser) result=[(True, True)]
action=open, ok=True, locked=[False]
executed snippet estimated_duration=0, duration=4.9700961113
PrepareForCO2Analysis.py completed successfully
gosub finished
set_motor ('beam', '1.25') {}
setting motor "beam" to 1.25
set motor beam to 1.25
SetMotor beam,1.25 ===>> OK
GetMotorMoving beam ===>> False
GetMotorMoving beam ===>> False
Block completed
move_to_position ('102',) {'autocenter': True}
FusionsCO2 move to position 102
sending GoToHole 102,True
GoToHole 102,True ===>> OK
GetDriveMoving ===>> OK
GetDriveMoving ===>> OK
GetDriveMoving ===>> OK
GetDriveMoving ===>> OK
GetDriveMoving ===>> OK
GetDriveMoving ===>> False
GetDriveMoving ===>> False
Block completed
GetAutoCorrecting ===>> OK
GetAutoCorrecting ===>> OK
GetAutoCorrecting ===>> OK
GetAutoCorrecting ===>> False
GetAutoCorrecting ===>> False
Block completed
update position
GetPosition ===>> 15.95120,1.99390,1.00000
got position (15.9512, 1.9939, 1.0)
move to position succeeded
sleep (5,) {}
SLEEP 5.0
block started
WaitControl setup for 5.0  
Join finished
block finished. duration 5.02824282646
close () {'description': 'Microbone to Turbo'}
close name=--- desc=Microbone to Turbo
checking ownership. requestor=129.138.12.150
check software interlocks U
interlocks []
actuate state mode=None-script, software_lock=False
doing actuation None-script close_channel True
Close U ===>> OK
GetIndicatorState U ===>> False
change switch state (True, True)
update switch state U False args=() kw={} ncanvase=2
15:15:23 -- CLOSE  VALVE-U (Microbone to Turbo)
-------------------------- close None (Microbone to Turbo) result=[(True, True)]
action=close, ok=True, locked=[False]
enable laser
enable () {}
set extraction state FusionsCO2 Enabled (False, 'red', 1.5)
enabling laser
Enable ===>> OK
begin interval
BEGIN INTERVAL Interval 1 waiting for 30.0
block started
set extract to 5.0
WaitControl setup for 30.0  
extract (5.0,) {}
GetPosition ===>> 15.95120,1.99390,1.00000
set extraction state FusionsCO2 ON! 5.0(watts) (0.75, 'red', 1.5)
extract sample to 5.0 (watts)
set laser output
SetLaserOutput 5.0,watts ===>> OK
executing pattern triangle.lp
execute_pattern ('triangle.lp',) {}
executing pattern triangle.lp
IsPatterning ===>> OK
IsPatterning ===>> OK
IsPatterning ===>> OK
IsPatterning ===>> OK
IsPatterning ===>> OK
IsPatterning ===>> OK
IsPatterning ===>> OK
IsPatterning ===>> OK
IsPatterning ===>> OK
IsPatterning ===>> OK
IsPatterning ===>> OK
IsPatterning ===>> OK
IsPatterning ===>> OK
IsPatterning ===>> OK
IsPatterning ===>> OK
IsPatterning ===>> OK
IsPatterning ===>> OK
IsPatterning ===>> OK
IsPatterning ===>> OK
IsPatterning ===>> OK
IsPatterning ===>> OK
IsPatterning ===>> OK
IsPatterning ===>> OK
IsPatterning ===>> OK
IsPatterning ===>> OK
IsPatterning ===>> OK
IsPatterning ===>> OK
IsPatterning ===>> False
Join finished
block finished. duration 30.1218891144
Interval 1 finished
IsPatterning ===>> False
Block completed
COMPLETE INTERVAL waiting for Interval 1 to complete
end_extract () {}
ending extraction. set laser power to 0
set laser power 0
SetLaserPower 0 ===>> OK
disable () {}
%%%%%%%%%%%%%%%%%%%%%%%%%%%%%%%%%%% disable
set extraction state False (0.75, 'red', 1.5)
disabling laser
Disable ===>> OK
sleep (30.0,) {}
SLEEP 30.0
block started
WaitControl setup for 30.0  
Join finished
block finished. duration 30.1169760227
executed snippet estimated_duration=165.0, duration=77.228112936
jan_co2.py completed successfully
GetAchievedOutput ===>> No Response
Requested Output= 0.000
Achieved Output=  0.000
GetResponseBlob ===>> No Response
GetOutputBlob ===>> No Response
persistence save...
persistence save - db
AutomatedRunPersister post_extraction_save deprecated
persistence save - dvc
no extraction position for 102
not connected to db mysql://janexp@129.138.12.160/labspy
Enviromentals: {'lab_humiditys': [{'device': 'EnvironmentalMonitor',
                    'name': 'Lab Hum.',
                    'pub_date': '2017-08-15T15:16:11',
                    'title': 'iServer Hum.',
                    'value': 36.3}],
 'lab_pneumatics': [{'device': 'AirPressure',
                     'name': 'Pressure',
                     'pub_date': '2017-08-15T15:15:08',
                     'title': None,
                     'value': 82.95},
                    {'device': 'AirPressure2',
                     'name': 'Pressure2',
                     'pub_date': '2017-08-15T15:15:29',
                     'title': None,
                     'value': 83.44648}],
 'lab_temperatures': [{'device': 'EnvironmentalMonitor',
                       'name': 'Lab Temp.',
                       'pub_date': '2017-08-15T15:07:02',
                       'title': 'iServer Temp.',
                       'value': 73.5},
                      {'device': 'Chiller',
                       'name': 'Coolant Temp.',
                       'pub_date': '2017-08-15T13:17:11',
                       'title': None,
                       'value': 18.0}]}
Extraction Finished
15:16:26 -- ******* Extraction Finished *******
no overlap. not waiting for min ms pumptime
15:16:26 -- Sending spectrometer configuration
======== Sending configuration ========
SetDeflection CDD,50.0 ===>> OK
SetDeflection H2,0.0 ===>> OK
SetDeflection H1,0.0 ===>> OK
SetDeflection L2,825.0 ===>> OK
SetDeflection L1,400.0 ===>> OK
SetDeflection AX,190.0 ===>> OK
SetZFocus 74.64 ===>> OK
SetZSymmetry -50.72 ===>> OK
SetExtractionLens 26.13 ===>> OK
SetIonRepeller -3.81 ===>> OK
SetElectronEnergy 75.08 ===>> OK
SetYSymmetry -2.81 ===>> OK
SetIonCounterVoltage 1590.0 ===>> OK
send trap current 200.0
GetParameter Trap Current Readback ===>> 198.147042666178
SetParameter Trap Current Set,200.0 ===>> OK
updating mftable name mftable
Using mftable located at /Users/jan/PychronDev/setupfiles/spectrometer/mftables/mftable.csv
============ MFtable ===========
Isotope  H2     H1     AX     L1     L2     CDD    
Ar40     6.0553 5.8788 5.9927 6.1938 6.2301 6.6791
Ar39     6.0102 5.7698 6.0567 6.3369 6.1128 6.5656
Ar36     5.6877 5.4388 5.7201 5.9958 5.7678 6.2167
================================
get initial guess parabolic
get initial guess parabolic
get initial guess parabolic
get initial guess parabolic
get initial guess parabolic
get initial guess parabolic
======== Configuration Finished ========
GetYSymmetry ===>> -2.81
GetZSymmetry ===>> -50.72
GetParameter Trap Current Readback ===>> 198.258926936459
GetHighVoltage ===>> 4499.94659342336
start measurement
do measurement
L#=65804 analysis type=unknown
Measurement Started jan_co2_whiff_120_60_large.py
15:16:26 -- ******* Measurement Started jan_co2_whiff_120_60_large.py *******
state changed from extraction to measurement
setting trap, emission, spec, defl, and gains
GetExtractionLens ===>> 26.13
GetYSymmetry ===>> -2.81
GetZSymmetry ===>> -50.72
GetZFocus ===>> 74.64
GetDeflection H2 ===>> 0
GetDeflection H1 ===>> 0
GetDeflection AX ===>> 190
GetDeflection L1 ===>> 400
GetDeflection L2 ===>> 825
GetDeflection CDD ===>> 50
GetGain H2 ===>> 0.0113
GetGain H1 ===>> 0.1
GetGain AX ===>> 0.09645
GetGain L1 ===>> 0.010309
GetGain L2 ===>> 0.091218
GetGain CDD ===>> 0
GetParameter Trap Current Readback ===>> 198.147042666178
GetParameter Source Current Readback ===>> 553.509735701642
pre measurement save
New frame /Users/jan/PychronDev/data/isotopes/ab/5da7ad-96c4-4452-8666-b3e8ee841a3a.h5
flush and close file /Users/jan/PychronDev/data/isotopes/ab/5da7ad-96c4-4452-8666-b3e8ee841a3a.h5
testing...
no interpolation path defined
executed snippet estimated_duration=201.56, duration=0.000187873840332
co2 whiff measurement script
activate_detectors ('H2', 'H1', 'AX', 'L1', 'L2', 'CDD') {}
activate detectors
*************** Set Analysis View Ar/Ar
create graphs
clearing graphs
clear isotope group
setting isotope det=H2, iso=Ar41
setting isotope det=H1, iso=Ar40
setting isotope det=AX, iso=Ar39
setting isotope det=L1, iso=Ar38
setting isotope det=L2, iso=Ar37
setting isotope det=CDD, iso=Ar36
setting previous blanks
 - setting Ar41 blank 0.007+/-0.004
 - setting Ar40 blank 0.408+/-0.007
 - setting Ar36 blank 0.00373+/-0.00018
 - setting Ar37 blank 0.061+/-0.005
 - setting Ar38 blank 0.0078+/-0.0022
 - setting Ar39 blank 0.033+/-0.010
load analysis view
position_magnet ('Ar40',) {'detector': 'H1'}
detector Detector(H1)
POSITION Ar40 H1
setting detector H2 to Ar41 (40.9624)
setting detector H1 to Ar40 (39.9624)
setting detector AX to Ar39 (38.9624)
setting detector L1 to Ar38 (37.9624)
setting detector L2 to Ar37 (36.9624)
setting detector CDD to Ar36 (35.9624)
Mapping mass to dac mass func: "parabolic"
H1 map mass coeffs = [ -3.11428344e-04   1.33794662e-01   1.02944323e+00]
H1 map mass to dac 39.9624 >> 5.87885
GetDeflection H1 ===>> 0
GetHighVoltage ===>> 4499.94659342336
positioning Ar40 (5.87881538) on H1
setting magnet DAC
current  : 5.878816
requested: 5.878815
Delta Dac: 0.000000
Checking detector protection. dv=0.00000
Checking detector "CDD". Protection Threshold: 0.5 (V)
SetMagnetDAC 5.87881538 ===>> OK
Magnet settling time: 0.500 0.500
Magnet settling complete
set_dac. change=True
close ('S',) {}
close name=S desc=---
checking ownership. requestor=129.138.12.150
check software interlocks S
interlocks []
actuate state mode=None-script, software_lock=False
doing actuation None-script close_channel True
update labels <pychron.experiment.plot_panel.PlotPanel object at 0x133cb7650>
update labels "<pychron.graph.stacked_regression_graph.StackedRegressionGraph object at 0x1309fe0b0>"
setting label 0 H2 Ar41
setting label 1 H1 Ar40
setting label 2 AX Ar39
setting label 3 L1 Ar38
setting label 4 L2 Ar37
setting label 5 CDD Ar36
update labels "<pychron.graph.stacked_graph.StackedGraph object at 0x1309fe890>"
setting label 0 H2 Ar41
setting label 1 H1 Ar40
setting label 2 AX Ar39
setting label 3 L1 Ar38
setting label 4 L2 Ar37
setting label 5 CDD Ar36
Close S ===>> OK
GetIndicatorState S ===>> False
change switch state (True, True)
update switch state S False args=() kw={} ncanvase=2
15:16:28 -- CLOSE  VALVE-S (Microbone to Inlet Pipette)
-------------------------- close S () result=[(True, True)]
action=close, ok=True, locked=[False]
equilibrate () {'do_post_equilibration': False, 'inlet': 'R', 'outlet': 'O', 'eqtime': 4}
Equilibration Started
15:16:28 -- ******* Equilibration Started *******
checking ownership. requestor=129.138.12.150
check software interlocks O
interlocks []
actuate state mode=None-script, software_lock=False
doing actuation None-script close_channel True
Close O ===>> OK
GetIndicatorState O ===>> False
change switch state (True, True)
update switch state O False args=() kw={} ncanvase=2
15:16:28 -- CLOSE  VALVE-O (Jan Ion Pump)
waiting 3s before opening inlet value ('R',)
checking ownership. requestor=129.138.12.150
check software interlocks R
interlocks []
actuate state mode=None-script, software_lock=False
doing actuation None-script open_channel True
Open R ===>> OK
GetIndicatorState R ===>> OK
change switch state (True, True)
update switch state R True args=() kw={} ncanvase=2
15:16:32 -- OPEN   VALVE-R (Jan Inlet)
set_time_zero (0,) {}
equilibrating for 4sec
sniff (4,) {}
py_sniff
build tables- sniff [Detector(H2), Detector(H1), Detector(AX), Detector(L1), Detector(L2), Detector(CDD)]
add group /sniff/Ar41 (Group) '' table H2
add group /sniff/Ar40 (Group) '' table H1
add group /sniff/Ar39 (Group) '' table AX
add group /sniff/Ar38 (Group) '' table L1
add group /sniff/Ar37 (Group) '' table L2
add group /sniff/Ar36 (Group) '' table CDD
flush and close file /Users/jan/PychronDev/data/isotopes/ab/5da7ad-96c4-4452-8666-b3e8ee841a3a.h5
measuring sniff. ncounts=4
"sniff" increment series count="1" fit count="0" regressing="False"
starting measurement
Equilibration Finished
15:16:36 -- ******* Equilibration Finished *******
checking ownership. requestor=129.138.12.150
check software interlocks R
interlocks []
actuate state mode=None-script, software_lock=False
doing actuation None-script close_channel True
Close R ===>> OK
GetIndicatorState R ===>> False
change switch state (True, True)
update switch state R False args=() kw={} ncanvase=2
15:16:36 -- CLOSE  VALVE-R (Jan Inlet)
waiting for write to finish
measurement finished
estimated time: 4.194 actual time: :4.306
flush and close file /Users/jan/PychronDev/data/isotopes/ab/5da7ad-96c4-4452-8666-b3e8ee841a3a.h5
set_fits () {}
using default fits file=/Users/jan/PychronDev/scripts/measurement/fits/nominal_linear.yaml
set "Ar41" to "('Average', 'SEM')"
set "Ar40" to "('Linear', 'SEM')"
set "Ar36" to "('Linear', 'SEM')"
set "Ar37" to "('linear', 'SEM')"
set "Ar38" to "('linear', 'SEM')"
set "Ar39" to "('Linear', 'SEM')"
set_baseline_fits () {}
using default fits file=/Users/jan/PychronDev/scripts/measurement/fits/nominal_linear.yaml
set "H2" to "('average', 'SEM')"
set "H1" to "('average', 'SEM')"
set "CDD" to "('average', 'SEM')"
set "L2" to "('average', 'SEM')"
set "L1" to "('average', 'SEM')"
set "AX" to "('average', 'SEM')"
whiff () {'ncounts': 1, 'conditionals': [{'action': 'run_remainder', 'attr': 'Ar40', 'teststr': 'Ar40.cur<=175'}, {'action': 'run_pipette', 'attr': 'Ar40', 'teststr': 'Ar40.cur>500'}, {'action': 'run_chamber_split', 'attr': 'Ar40', 'teststr': 'Ar40.cur>=300'}, {'action': 'pump', 'attr': 'Ar40', 'teststr': 'Ar40.cur>175'}]}
build tables- whiff [Detector(H2), Detector(H1), Detector(AX), Detector(L1), Detector(L2), Detector(CDD)]
add group /whiff/Ar41 (Group) '' table H2
add group /whiff/Ar40 (Group) '' table H1
add group /whiff/Ar39 (Group) '' table AX
add group /whiff/Ar38 (Group) '' table L1
add group /whiff/Ar37 (Group) '' table L2
add group /whiff/Ar36 (Group) '' table CDD
flush and close file /Users/jan/PychronDev/data/isotopes/ab/5da7ad-96c4-4452-8666-b3e8ee841a3a.h5
measuring whiff. ncounts=1
"whiff" increment series count="2" fit count="1" regressing="True"
starting measurement
testing Ar40<=175
evaluate ot="Ar40.cur<=175" t="Ar40<=175", ctx="{'Ar40': 79.963414631240099}"
condition Ar40<=175 is true trips=1/1
15:16:38 -- Conditional tripped: Ar40.cur<=175 condition Ar40<=175 is True
waiting for write to finish
measurement finished
estimated time: 1.049 actual time: :1.127
flush and close file /Users/jan/PychronDev/data/isotopes/ab/5da7ad-96c4-4452-8666-b3e8ee841a3a.h5
WHIFF Result=run_remainder
Whiff result=run_remainder
open ('R',) {}
open name=R desc=---
checking ownership. requestor=129.138.12.150
check software interlocks R
interlocks []
actuate state mode=None-script, software_lock=False
doing actuation None-script open_channel True
Open R ===>> OK
GetIndicatorState R ===>> OK
change switch state (True, True)
update switch state R True args=() kw={} ncanvase=2
15:16:39 -- OPEN   VALVE-R (Jan Inlet)
-------------------------- open R () result=[(True, True)]
action=open, ok=True, locked=[False]
open ('S',) {}
open name=S desc=---
checking ownership. requestor=129.138.12.150
check software interlocks S
interlocks []
actuate state mode=None-script, software_lock=False
doing actuation None-script open_channel True
Open S ===>> OK
set states for children of S. state=True
handle state [('S', True)]
update switch state S True args=() kw={'refresh': False} ncanvase=2
refresh_canvas_needed fired
GetIndicatorState S ===>> OK
change switch state (True, True)
update switch state S True args=() kw={} ncanvase=2
15:16:40 -- OPEN   VALVE-S (Microbone to Inlet Pipette)
-------------------------- open S () result=[(True, True)]
action=open, ok=True, locked=[False]
sleep (12.0,) {}
SLEEP 12.0
block started
WaitControl setup for 12.0  
Join finished
block finished. duration 12.0333549976
close ('R',) {}
close name=R desc=---
checking ownership. requestor=129.138.12.150
check software interlocks R
interlocks []
actuate state mode=None-script, software_lock=False
doing actuation None-script close_channel True
Close R ===>> OK
GetIndicatorState R ===>> False
change switch state (True, True)
update switch state R False args=() kw={} ncanvase=2
15:16:52 -- CLOSE  VALVE-R (Jan Inlet)
-------------------------- close R () result=[(True, True)]
action=close, ok=True, locked=[False]
post_equilibration () {}
multicollect () {'integration_time': 1, 'ncounts': 120.0}
Post Equilibration Started jan_pump_extraction_line.py
build tables- signal [Detector(H2), Detector(H1), Detector(AX), Detector(L1), Detector(L2), Detector(CDD)]
15:16:53 -- ******* Post Equilibration Started jan_pump_extraction_line.py *******
testing...
add group /signal/Ar41 (Group) '' table H2
no interpolation path defined
add group /signal/Ar40 (Group) '' table H1
add group /signal/Ar39 (Group) '' table AX
calculate duration
add group /signal/Ar38 (Group) '' table L1
testing...
add group /signal/Ar37 (Group) '' table L2
no interpolation path defined
add group /signal/Ar36 (Group) '' table CDD
executed snippet estimated_duration=4.0, duration=0.00018310546875
flush and close file /Users/jan/PychronDev/data/isotopes/ab/5da7ad-96c4-4452-8666-b3e8ee841a3a.h5
executed snippet estimated_duration=4.0, duration=0.00864505767822
Pump after analysis
measuring signal. ncounts=120.0
doing GOSUB
testing...
no interpolation path defined
executed snippet estimated_duration=4.0, duration=0.000160932540894
Pump Microbone
close () {'description': 'Jan Inlet'}
close name=--- desc=Jan Inlet
checking ownership. requestor=129.138.12.150
check software interlocks R
interlocks []
actuate state mode=None-script, software_lock=False
doing actuation None-script close_channel False
"signal" increment series count="2" fit count="1" regressing="True"
Close R ===>> OK
GetIndicatorState R ===>> False
change switch state (True, True)
update switch state R False args=() kw={} ncanvase=2
15:16:53 -- CLOSE  VALVE-R (Jan Inlet)
-------------------------- close None (Jan Inlet) result=[(True, True)]
starting measurement
action=close, ok=True, locked=[False]
is_closed ('F',) {}
is F () closed?
is closed True
open () {'description': 'CO2 Laser to Jan'}
open name=--- desc=CO2 Laser to Jan
checking ownership. requestor=129.138.12.150
check software interlocks A
interlocks []
actuate state mode=None-script, software_lock=False
doing actuation None-script open_channel False
Open A ===>> OK
GetIndicatorState A ===>> OK
change switch state (True, True)
update switch state A True args=() kw={} ncanvase=2
15:16:54 -- OPEN   VALVE-A (CO2 Laser to Jan)
-------------------------- open None (CO2 Laser to Jan) result=[(True, True)]
action=open, ok=True, locked=[False]
sleep (1,) {}
SLEEP 1.0
close () {'description': 'CO2 Laser to Roughing'}
close name=--- desc=CO2 Laser to Roughing
checking ownership. requestor=129.138.12.150
check software interlocks G
interlocks []
actuate state mode=None-script, software_lock=True
VALVE-G(CO2 Laser to Roughing) software locked
change switch state (True, False)
-------------------------- close None (CO2 Laser to Roughing) result=[(True, False)]
action=close, ok=True, locked=[True]
open () {'description': 'Microbone to Turbo'}
open name=--- desc=Microbone to Turbo
checking ownership. requestor=129.138.12.150
check software interlocks U
interlocks []
actuate state mode=None-script, software_lock=False
doing actuation None-script open_channel True
Open U ===>> OK
GetIndicatorState U ===>> OK
change switch state (True, True)
update switch state U True args=() kw={} ncanvase=2
15:16:55 -- OPEN   VALVE-U (Microbone to Turbo)
-------------------------- open None (Microbone to Turbo) result=[(True, True)]
action=open, ok=True, locked=[False]
open () {'description': 'Microbone to Getter NP-10'}
open name=--- desc=Microbone to Getter NP-10
checking ownership. requestor=129.138.12.150
check software interlocks M
interlocks []
actuate state mode=None-script, software_lock=False
doing actuation None-script open_channel False
Open M ===>> OK
GetIndicatorState M ===>> OK
change switch state (True, True)
update switch state M True args=() kw={} ncanvase=2
15:16:55 -- OPEN   VALVE-M (Microbone to Getter NP-10)
-------------------------- open None (Microbone to Getter NP-10) result=[(True, True)]
action=open, ok=True, locked=[False]
open () {'description': 'Microbone to Getter D-50'}
open name=--- desc=Microbone to Getter D-50
checking ownership. requestor=129.138.12.150
check software interlocks K
interlocks []
actuate state mode=None-script, software_lock=False
doing actuation None-script open_channel False
Open K ===>> OK
GetIndicatorState K ===>> OK
change switch state (True, True)
update switch state K True args=() kw={} ncanvase=2
15:16:56 -- OPEN   VALVE-K (Microbone to Getter D-50)
-------------------------- open None (Microbone to Getter D-50) result=[(True, True)]
action=open, ok=True, locked=[False]
open () {'description': 'Microbone to CO2 Laser'}
open name=--- desc=Microbone to CO2 Laser
checking ownership. requestor=129.138.12.150
check software interlocks T
interlocks []
actuate state mode=None-script, software_lock=False
doing actuation None-script open_channel False
Open T ===>> OK
GetIndicatorState T ===>> OK
change switch state (True, True)
update switch state T True args=() kw={} ncanvase=2
15:16:57 -- OPEN   VALVE-T (Microbone to CO2 Laser)
-------------------------- open None (Microbone to CO2 Laser) result=[(True, True)]
action=open, ok=True, locked=[False]
open () {'description': 'Microbone to Inlet Pipette'}
open name=--- desc=Microbone to Inlet Pipette
checking ownership. requestor=129.138.12.150
check software interlocks S
interlocks []
actuate state mode=None-script, software_lock=False
doing actuation None-script open_channel False
Open S ===>> OK
GetIndicatorState S ===>> OK
change switch state (True, True)
update switch state S True args=() kw={} ncanvase=2
testing H1<-5.0
evaluate ot="H1.bs<-5.0" t="H1<-5.0", ctx="{'H1': 0.10836557330636794}"
15:16:57 -- OPEN   VALVE-S (Microbone to Inlet Pipette)
-------------------------- open None (Microbone to Inlet Pipette) result=[(True, True)]
action=open, ok=True, locked=[False]
sleep (1,) {}
SLEEP 1.0
set_resource () {'name': 'CO2PumpTimeFlag', 'value': 30}
Set CO2PumpTimeFlag 30 ===>> OK
release ('JanCO2Flag',) {}
release JanCO2Flag
Set JanCO2Flag 0 ===>> OK
executed snippet estimated_duration=6.0, duration=6.0320417881
PumpMicrobone.py completed successfully
gosub finished
get_resource_value () {'name': 'JanMiniboneFlag'}
Read JanMiniboneFlag ===>> 0
Get Resource Value JanMiniboneFlag=0.0
get resource value 0.0
get_resource_value () {'name': 'JanMiniboneFlag'}
Read JanMiniboneFlag ===>> 0
Get Resource Value JanMiniboneFlag=0.0
executed snippet estimated_duration=4.0, duration=6.04685497284
jan_pump_extraction_line.py completed successfully
Post Equilibration Finished
15:16:59 -- ******* Post Equilibration Finished *******
testing H1<-5.0
evaluate ot="H1.bs<-5.0" t="H1<-5.0", ctx="{'H1': 0.10836557330636794}"
testing H1<-5.0
evaluate ot="H1.bs<-5.0" t="H1<-5.0", ctx="{'H1': 0.10836557330636794}"
testing H1<-5.0
evaluate ot="H1.bs<-5.0" t="H1<-5.0", ctx="{'H1': 0.10836557330636794}"
testing H1<-5.0
evaluate ot="H1.bs<-5.0" t="H1<-5.0", ctx="{'H1': 0.10836557330636794}"
15:17:18 -- collecting point 25
testing H1<-5.0
evaluate ot="H1.bs<-5.0" t="H1<-5.0", ctx="{'H1': 0.10836557330636794}"
testing H1<-5.0
evaluate ot="H1.bs<-5.0" t="H1<-5.0", ctx="{'H1': 0.10836557330636794}"
testing H1<-5.0
evaluate ot="H1.bs<-5.0" t="H1<-5.0", ctx="{'H1': 0.10836557330636794}"
testing H1<-5.0
evaluate ot="H1.bs<-5.0" t="H1<-5.0", ctx="{'H1': 0.10836557330636794}"
testing H1<-5.0
evaluate ot="H1.bs<-5.0" t="H1<-5.0", ctx="{'H1': 0.10836557330636794}"
15:17:45 -- collecting point 50
testing H1<-5.0
evaluate ot="H1.bs<-5.0" t="H1<-5.0", ctx="{'H1': 0.10836557330636794}"
testing H1<-5.0
evaluate ot="H1.bs<-5.0" t="H1<-5.0", ctx="{'H1': 0.10836557330636794}"
testing H1<-5.0
evaluate ot="H1.bs<-5.0" t="H1<-5.0", ctx="{'H1': 0.10836557330636794}"
testing H1<-5.0
evaluate ot="H1.bs<-5.0" t="H1<-5.0", ctx="{'H1': 0.10836557330636794}"
testing H1<-5.0
evaluate ot="H1.bs<-5.0" t="H1<-5.0", ctx="{'H1': 0.10836557330636794}"
15:18:11 -- collecting point 75
testing H1<-5.0
evaluate ot="H1.bs<-5.0" t="H1<-5.0", ctx="{'H1': 0.10836557330636794}"
testing Ar36<0.001
evaluate ot="Ar36.bs_corrected<0.001" t="Ar36<0.001", ctx="{'Ar36': 0.05073315110721301}"
testing H1<-5.0
evaluate ot="H1.bs<-5.0" t="H1<-5.0", ctx="{'H1': 0.10836557330636794}"
testing Ar36<0.001
evaluate ot="Ar36.bs_corrected<0.001" t="Ar36<0.001", ctx="{'Ar36': 0.05067842643548576}"
testing H1<-5.0
evaluate ot="H1.bs<-5.0" t="H1<-5.0", ctx="{'H1': 0.10836557330636794}"
testing Ar36<0.001
evaluate ot="Ar36.bs_corrected<0.001" t="Ar36<0.001", ctx="{'Ar36': 0.05061967896867196}"
testing H1<-5.0
evaluate ot="H1.bs<-5.0" t="H1<-5.0", ctx="{'H1': 0.10836557330636794}"
testing Ar36<0.001
evaluate ot="Ar36.bs_corrected<0.001" t="Ar36<0.001", ctx="{'Ar36': 0.050757183630275475}"
testing H1<-5.0
evaluate ot="H1.bs<-5.0" t="H1<-5.0", ctx="{'H1': 0.10836557330636794}"
testing Ar36<0.001
evaluate ot="Ar36.bs_corrected<0.001" t="Ar36<0.001", ctx="{'Ar36': 0.0509660796956056}"
15:18:37 -- collecting point 100
testing H1<-5.0
evaluate ot="H1.bs<-5.0" t="H1<-5.0", ctx="{'H1': 0.10836557330636794}"
testing Ar36<0.001
evaluate ot="Ar36.bs_corrected<0.001" t="Ar36<0.001", ctx="{'Ar36': 0.05068224657642877}"
testing H1<-5.0
evaluate ot="H1.bs<-5.0" t="H1<-5.0", ctx="{'H1': 0.10836557330636794}"
testing Ar36<0.001
evaluate ot="Ar36.bs_corrected<0.001" t="Ar36<0.001", ctx="{'Ar36': 0.050729927696833176}"
testing H1<-5.0
evaluate ot="H1.bs<-5.0" t="H1<-5.0", ctx="{'H1': 0.10836557330636794}"
testing Ar36<0.001
evaluate ot="Ar36.bs_corrected<0.001" t="Ar36<0.001", ctx="{'Ar36': 0.05094159725259379}"
testing H1<-5.0
evaluate ot="H1.bs<-5.0" t="H1<-5.0", ctx="{'H1': 0.10836557330636794}"
testing Ar36<0.001
evaluate ot="Ar36.bs_corrected<0.001" t="Ar36<0.001", ctx="{'Ar36': 0.050963664186303034}"
waiting for write to finish
measurement finished
estimated time: 125.829 actual time: :126.103
flush and close file /Users/jan/PychronDev/data/isotopes/ab/5da7ad-96c4-4452-8666-b3e8ee841a3a.h5
baselines () {'settling_time': 15.0, 'detector': 'H1', 'mass': 34.2, 'ncounts': 60.0}
%%%%%%%%%%%%%%%%%%%%%%%%%%%%%%%% Baseline
build tables- baseline [Detector(H2), Detector(H1), Detector(AX), Detector(L1), Detector(L2), Detector(CDD)]
add group baseline table H2
add group baseline table H1
add group baseline table AX
add group baseline table L1
add group baseline table L2
add group baseline table CDD
flush and close file /Users/jan/PychronDev/data/isotopes/ab/5da7ad-96c4-4452-8666-b3e8ee841a3a.h5
detector Detector(H1)
POSITION 34.2 H1
Mapping mass to dac mass func: "parabolic"
H1 map mass coeffs = [ -3.11428344e-04   1.33794662e-01   1.02944323e+00]
H1 map mass to dac 34.2 >> 5.24096160773
GetDeflection H1 ===>> 0
GetHighVoltage ===>> 4499.94659342336
positioning 34.2 (5.24093074419) on H1
setting magnet DAC
current  : 5.878815
requested: 5.240931
Delta Dac: 0.637885
Checking detector protection. dv=0.63788
Checking detector "CDD". Protection Threshold: 0.5 (V)
ProtectDetector CDD,On ===>> OK
GetDeflection CDD ===>> 2000
Protected = 2000
SetMagnetDAC 5.24093074419 ===>> OK
Magnet settling time: 0.500 0.500
Magnet settling complete
Wait for magnet to stop moving
GetMagnetMoving ===>> True
GetMagnetMoving ===>> True
GetMagnetMoving ===>> True
GetMagnetMoving ===>> True
GetMagnetMoving ===>> True
GetMagnetMoving ===>> True
GetMagnetMoving ===>> True
GetMagnetMoving ===>> True
GetMagnetMoving ===>> True
GetMagnetMoving ===>> False
Magnet move complete
Unprotect detectors
ProtectDetector CDD,Off ===>> OK
GetDeflection CDD ===>> 50
set_dac. change=True
Delaying 15.0s for detectors to settle
Join finished
measuring baseline. ncounts=60.0
"baseline" increment series count="2" fit count="1" regressing="True"
starting measurement
testing H1<-5.0
evaluate ot="H1.bs<-5.0" t="H1<-5.0", ctx="{'H1': 0.04969514907834379}"
testing H1<-5.0
evaluate ot="H1.bs<-5.0" t="H1<-5.0", ctx="{'H1': 0.0785190922037907}"
testing H1<-5.0
evaluate ot="H1.bs<-5.0" t="H1<-5.0", ctx="{'H1': 0.0938916943575349}"
testing H1<-5.0
evaluate ot="H1.bs<-5.0" t="H1<-5.0", ctx="{'H1': 0.09765570943259695}"
testing H1<-5.0
evaluate ot="H1.bs<-5.0" t="H1<-5.0", ctx="{'H1': 0.11075243038791525}"
15:19:43 -- collecting point 25
testing H1<-5.0
evaluate ot="H1.bs<-5.0" t="H1<-5.0", ctx="{'H1': 0.12118560768050085}"
testing H1<-5.0
evaluate ot="H1.bs<-5.0" t="H1<-5.0", ctx="{'H1': 0.13116962832505635}"
testing H1<-5.0
evaluate ot="H1.bs<-5.0" t="H1<-5.0", ctx="{'H1': 0.1318300344031915}"
testing H1<-5.0
evaluate ot="H1.bs<-5.0" t="H1<-5.0", ctx="{'H1': 0.14001717814919784}"
testing H1<-5.0
evaluate ot="H1.bs<-5.0" t="H1<-5.0", ctx="{'H1': 0.14239476849044064}"
15:20:09 -- collecting point 50
testing H1<-5.0
evaluate ot="H1.bs<-5.0" t="H1<-5.0", ctx="{'H1': 0.14508666008146534}"
testing H1<-5.0
evaluate ot="H1.bs<-5.0" t="H1<-5.0", ctx="{'H1': 0.1454877855360763}"
waiting for write to finish
measurement finished
estimated time: 62.915 actual time: :63.135
flush and close file /Users/jan/PychronDev/data/isotopes/ab/5da7ad-96c4-4452-8666-b3e8ee841a3a.h5
activate_detectors ('H1', 'AX', 'CDD') {'peak_center': True}
peak_center () {'detector': 'H1', 'isotope': 'Ar40'}
peak center: mean=2115.8225786 threshold=5.0
peak center started
setup peak center. detector=['H1', 'AX', 'CDD'], isotope=Ar40
VersionedUnpickler [<apptools.sweet_pickle.versioned_unpickler.VersionedUnpickler object at 0x13e0f4890>] using Updater [<apptools.sweet_pickle.updater.Updater object at 0x130d11d10>]
VersionedUnpickler [<apptools.sweet_pickle.versioned_unpickler.VersionedUnpickler object at 0x13e0f4890>] using Updater [<apptools.sweet_pickle.updater.Updater object at 0x130d11d10>]
VersionedUnpickler [<apptools.sweet_pickle.versioned_unpickler.VersionedUnpickler object at 0x13ea22b90>] using Updater [<apptools.sweet_pickle.updater.Updater object at 0x130d11d10>]
setting integration time = 0.524288
SetIntegrationTime 0.524288 ===>> OK
Mapping mass to dac mass func: "parabolic"
H1 map mass coeffs = [ -3.11428344e-04   1.33794662e-01   1.02944323e+00]
H1 map mass to dac 39.9624 >> 5.87885
GetDeflection H1 ===>> 0
GetHighVoltage ===>> 4499.94659342336
do peak center. <pychron.spectrometer.jobs.peak_center.PeakCenter object at 0x13162e230>
doing pc
starting peak center. center dac= 5.87881538 step_width=0.001
width = 0.001
get scan parameters. half-width=0.015,window=0.015, i=0, scalar=1
Scan parameters center=5.87882 width=0.03000 (5.86382 - 5.89382)
Moving to starting dac 5.86381538
setting magnet DAC
current  : 5.240931
requested: 5.863815
Delta Dac: 0.622885
Checking detector protection. dv=0.62288
Checking detector "CDD". Protection Threshold: 0.5 (V)
ProtectDetector CDD,On ===>> OK
GetDeflection CDD ===>> 2000
Protected = 2000
SetMagnetDAC 5.86381538 ===>> OK
Magnet settling time: 0.500 0.500
Magnet settling complete
Wait for magnet to stop moving
GetMagnetMoving ===>> True
GetMagnetMoving ===>> True
GetMagnetMoving ===>> True
GetMagnetMoving ===>> True
GetMagnetMoving ===>> True
GetMagnetMoving ===>> True
GetMagnetMoving ===>> True
GetMagnetMoving ===>> True
GetMagnetMoving ===>> True
GetMagnetMoving ===>> False
Magnet move complete
Unprotect detectors
ProtectDetector CDD,Off ===>> OK
GetDeflection CDD ===>> 50
set_dac. change=True
Wait until signal near baseline. tol= 0.0927588391603. timeout= 10
Peak center failed to move to a baseline position
_do_sweep sm= 5.86381538, em= 5.89381538, stm= 0.001
calculated step values: start=5.86381538, end=5.89381538, width=0.001, nsteps=31.0
setting magnet DAC
current  : 5.863815
requested: 5.863815
Delta Dac: 0.000000
Checking detector protection. dv=0.00000
Checking detector "CDD". Protection Threshold: 0.5 (V)
SetMagnetDAC 5.86381538 ===>> OK
set_dac. change=False
setting magnet DAC
current  : 5.863815
requested: 5.864850
Delta Dac: 0.001034
Checking detector protection. dv=0.00103
Checking detector "CDD". Protection Threshold: 0.5 (V)
SetMagnetDAC 5.86484986276 ===>> OK
Magnet settling time: 1.049 0.500
Magnet settling complete
set_dac. change=True
setting magnet DAC
current  : 5.864850
requested: 5.865884
Delta Dac: 0.001034
Checking detector protection. dv=0.00103
Checking detector "CDD". Protection Threshold: 0.5 (V)
SetMagnetDAC 5.86588434552 ===>> OK
Magnet settling time: 1.049 0.500
Magnet settling complete
set_dac. change=True
setting magnet DAC
current  : 5.865884
requested: 5.866919
Delta Dac: 0.001034
Checking detector protection. dv=0.00103
Checking detector "CDD". Protection Threshold: 0.5 (V)
SetMagnetDAC 5.86691882828 ===>> OK
Magnet settling time: 1.049 0.500
Magnet settling complete
set_dac. change=True
setting magnet DAC
current  : 5.866919
requested: 5.867953
Delta Dac: 0.001034
Checking detector protection. dv=0.00103
Checking detector "CDD". Protection Threshold: 0.5 (V)
SetMagnetDAC 5.86795331104 ===>> OK
Magnet settling time: 1.049 0.500
Magnet settling complete
set_dac. change=True
setting magnet DAC
current  : 5.867953
requested: 5.868988
Delta Dac: 0.001034
Checking detector protection. dv=0.00103
Checking detector "CDD". Protection Threshold: 0.5 (V)
SetMagnetDAC 5.8689877938 ===>> OK
Magnet settling time: 1.049 0.500
Magnet settling complete
set_dac. change=True
setting magnet DAC
current  : 5.868988
requested: 5.870022
Delta Dac: 0.001034
Checking detector protection. dv=0.00103
Checking detector "CDD". Protection Threshold: 0.5 (V)
SetMagnetDAC 5.87002227656 ===>> OK
Magnet settling time: 1.049 0.500
Magnet settling complete
set_dac. change=True
setting magnet DAC
current  : 5.870022
requested: 5.871057
Delta Dac: 0.001034
Checking detector protection. dv=0.00103
Checking detector "CDD". Protection Threshold: 0.5 (V)
SetMagnetDAC 5.87105675931 ===>> OK
Magnet settling time: 1.049 0.500
Magnet settling complete
set_dac. change=True
setting magnet DAC
current  : 5.871057
requested: 5.872091
Delta Dac: 0.001034
Checking detector protection. dv=0.00103
Checking detector "CDD". Protection Threshold: 0.5 (V)
SetMagnetDAC 5.87209124207 ===>> OK
Magnet settling time: 1.049 0.500
Magnet settling complete
set_dac. change=True
setting magnet DAC
current  : 5.872091
requested: 5.873126
Delta Dac: 0.001034
Checking detector protection. dv=0.00103
Checking detector "CDD". Protection Threshold: 0.5 (V)
SetMagnetDAC 5.87312572483 ===>> OK
Magnet settling time: 1.049 0.500
Magnet settling complete
set_dac. change=True
setting magnet DAC
current  : 5.873126
requested: 5.874160
Delta Dac: 0.001034
Checking detector protection. dv=0.00103
Checking detector "CDD". Protection Threshold: 0.5 (V)
SetMagnetDAC 5.87416020759 ===>> OK
Magnet settling time: 1.049 0.500
Magnet settling complete
set_dac. change=True
setting magnet DAC
current  : 5.874160
requested: 5.875195
Delta Dac: 0.001034
Checking detector protection. dv=0.00103
Checking detector "CDD". Protection Threshold: 0.5 (V)
SetMagnetDAC 5.87519469035 ===>> OK
Magnet settling time: 1.049 0.500
Magnet settling complete
set_dac. change=True
setting magnet DAC
current  : 5.875195
requested: 5.876229
Delta Dac: 0.001034
Checking detector protection. dv=0.00103
Checking detector "CDD". Protection Threshold: 0.5 (V)
SetMagnetDAC 5.87622917311 ===>> OK
Magnet settling time: 1.049 0.500
Magnet settling complete
set_dac. change=True
setting magnet DAC
current  : 5.876229
requested: 5.877264
Delta Dac: 0.001034
Checking detector protection. dv=0.00103
Checking detector "CDD". Protection Threshold: 0.5 (V)
SetMagnetDAC 5.87726365587 ===>> OK
Magnet settling time: 1.049 0.500
Magnet settling complete
set_dac. change=True
setting magnet DAC
current  : 5.877264
requested: 5.878298
Delta Dac: 0.001034
Checking detector protection. dv=0.00103
Checking detector "CDD". Protection Threshold: 0.5 (V)
SetMagnetDAC 5.87829813862 ===>> OK
Magnet settling time: 1.049 0.500
Magnet settling complete
set_dac. change=True
setting magnet DAC
current  : 5.878298
requested: 5.879333
Delta Dac: 0.001034
Checking detector protection. dv=0.00103
Checking detector "CDD". Protection Threshold: 0.5 (V)
SetMagnetDAC 5.87933262138 ===>> OK
Magnet settling time: 1.049 0.500
Magnet settling complete
set_dac. change=True
setting magnet DAC
current  : 5.879333
requested: 5.880367
Delta Dac: 0.001034
Checking detector protection. dv=0.00103
Checking detector "CDD". Protection Threshold: 0.5 (V)
SetMagnetDAC 5.88036710414 ===>> OK
Magnet settling time: 1.049 0.500
Magnet settling complete
set_dac. change=True
setting magnet DAC
current  : 5.880367
requested: 5.881402
Delta Dac: 0.001034
Checking detector protection. dv=0.00103
Checking detector "CDD". Protection Threshold: 0.5 (V)
SetMagnetDAC 5.8814015869 ===>> OK
Magnet settling time: 1.049 0.500
Magnet settling complete
set_dac. change=True
setting magnet DAC
current  : 5.881402
requested: 5.882436
Delta Dac: 0.001034
Checking detector protection. dv=0.00103
Checking detector "CDD". Protection Threshold: 0.5 (V)
SetMagnetDAC 5.88243606966 ===>> OK
Magnet settling time: 1.049 0.500
Magnet settling complete
set_dac. change=True
setting magnet DAC
current  : 5.882436
requested: 5.883471
Delta Dac: 0.001034
Checking detector protection. dv=0.00103
Checking detector "CDD". Protection Threshold: 0.5 (V)
SetMagnetDAC 5.88347055242 ===>> OK
Magnet settling time: 1.049 0.500
Magnet settling complete
set_dac. change=True
setting magnet DAC
current  : 5.883471
requested: 5.884505
Delta Dac: 0.001034
Checking detector protection. dv=0.00103
Checking detector "CDD". Protection Threshold: 0.5 (V)
SetMagnetDAC 5.88450503518 ===>> OK
Magnet settling time: 1.049 0.500
Magnet settling complete
set_dac. change=True
setting magnet DAC
current  : 5.884505
requested: 5.885540
Delta Dac: 0.001034
Checking detector protection. dv=0.00103
Checking detector "CDD". Protection Threshold: 0.5 (V)
SetMagnetDAC 5.88553951793 ===>> OK
Magnet settling time: 1.049 0.500
Magnet settling complete
set_dac. change=True
setting magnet DAC
current  : 5.885540
requested: 5.886574
Delta Dac: 0.001034
Checking detector protection. dv=0.00103
Checking detector "CDD". Protection Threshold: 0.5 (V)
SetMagnetDAC 5.88657400069 ===>> OK
Magnet settling time: 1.049 0.500
Magnet settling complete
set_dac. change=True
setting magnet DAC
current  : 5.886574
requested: 5.887608
Delta Dac: 0.001034
Checking detector protection. dv=0.00103
Checking detector "CDD". Protection Threshold: 0.5 (V)
SetMagnetDAC 5.88760848345 ===>> OK
Magnet settling time: 1.049 0.500
Magnet settling complete
set_dac. change=True
setting magnet DAC
current  : 5.887608
requested: 5.888643
Delta Dac: 0.001034
Checking detector protection. dv=0.00103
Checking detector "CDD". Protection Threshold: 0.5 (V)
SetMagnetDAC 5.88864296621 ===>> OK
Magnet settling time: 1.049 0.500
Magnet settling complete
set_dac. change=True
setting magnet DAC
current  : 5.888643
requested: 5.889677
Delta Dac: 0.001034
Checking detector protection. dv=0.00103
Checking detector "CDD". Protection Threshold: 0.5 (V)
SetMagnetDAC 5.88967744897 ===>> OK
Magnet settling time: 1.049 0.500
Magnet settling complete
set_dac. change=True
setting magnet DAC
current  : 5.889677
requested: 5.890712
Delta Dac: 0.001034
Checking detector protection. dv=0.00103
Checking detector "CDD". Protection Threshold: 0.5 (V)
SetMagnetDAC 5.89071193173 ===>> OK
Magnet settling time: 1.049 0.500
Magnet settling complete
set_dac. change=True
setting magnet DAC
current  : 5.890712
requested: 5.891746
Delta Dac: 0.001034
Checking detector protection. dv=0.00103
Checking detector "CDD". Protection Threshold: 0.5 (V)
SetMagnetDAC 5.89174641449 ===>> OK
Magnet settling time: 1.049 0.500
Magnet settling complete
set_dac. change=True
setting magnet DAC
current  : 5.891746
requested: 5.892781
Delta Dac: 0.001034
Checking detector protection. dv=0.00103
Checking detector "CDD". Protection Threshold: 0.5 (V)
SetMagnetDAC 5.89278089724 ===>> OK
Magnet settling time: 1.049 0.500
Magnet settling complete
set_dac. change=True
setting magnet DAC
current  : 5.892781
requested: 5.893815
Delta Dac: 0.001034
Checking detector protection. dv=0.00103
Checking detector "CDD". Protection Threshold: 0.5 (V)
SetMagnetDAC 5.89381538 ===>> OK
Magnet settling time: 1.049 0.500
Magnet settling complete
set_dac. change=True
result of _do_sweep=True
result of _calculate_peak_center=([5.8708193880196511, 5.8786350192821759, 5.8864506505447007], [1489.9462302772331, 2023.720536044927, 1500.3075697481911], 5.8763203900236594, 2023.720536044927)
Failed to find a valid peak. No peak greater than 1.0. max = 0.0629889307125
new center pos Detector(H1) (Ar40) @ 5.87863501928
GetHighVoltage ===>> 4499.94659342336
GetDeflection H1 ===>> 0
dac uncorrected for HV and deflection 5.87866963822
update mftable H1 Ar40 5.87866963822 message=automated run peakcenter
get initial guess parabolic
get initial guess parabolic
get initial guess parabolic
get initial guess parabolic
get initial guess parabolic
get initial guess parabolic
dump mftable to /Users/jan/PychronDev/setupfiles/spectrometer/mftables/mftable.csv
add to repo msg=modified - automated run peakcenter
sweep finished
locally archiving mftable
setting magnet DAC
current  : 5.893815
requested: 5.878635
Delta Dac: 0.015180
Checking detector protection. dv=0.01518
Checking detector "CDD". Protection Threshold: 0.5 (V)
SetMagnetDAC 5.87863501928 ===>> OK
Magnet settling time: 0.500 0.500
Magnet settling complete
set_dac. change=True
setting integration time = 1.048576
SetIntegrationTime 1.048576 ===>> OK
Failed to find a valid peak. No peak greater than 1.0. max = 0.0629889307125
flush and close file /Users/jan/PychronDev/data/isotopes/ab/5da7ad-96c4-4452-8666-b3e8ee841a3a.h5
finished measure script
executed snippet estimated_duration=213.56, duration=280.861047983
jan_co2_whiff_120_60_large.py completed successfully
Measurement Finished
15:21:07 -- ******* Measurement Finished *******
Post Measurement Started jan_pump_ms.py
15:21:07 -- ******* Post Measurement Started jan_pump_ms.py *******
testing...
no interpolation path defined
executed snippet estimated_duration=0, duration=2.59876251221e-05
Pumping spectrometer
open () {'name': 'O'}
open name=O desc=---
checking ownership. requestor=129.138.12.150
check software interlocks O
interlocks []
actuate state mode=None-script, software_lock=False
doing actuation None-script open_channel True
Open O ===>> OK
set states for children of O. state=True
handle state [('O', True)]
update switch state O True args=() kw={'refresh': False} ncanvase=2
refresh_canvas_needed fired
GetIndicatorState O ===>> OK
change switch state (True, True)
update switch state O True args=() kw={} ncanvase=2
15:21:08 -- OPEN   VALVE-O (Jan Ion Pump)
-------------------------- open O () result=[(True, True)]
action=open, ok=True, locked=[False]
executed snippet estimated_duration=0, duration=0.340961933136
jan_pump_ms.py completed successfully
setting _ms_pumptime
Post Measurement Finished
15:21:08 -- ******* Post Measurement Finished *******
$$$$$$$$$$$$$$$$$$$$ state at run end measurement
state changed from measurement to success
post measurement save measured=True aborted=False
Set filtering
setting fod for Ar41= {'filter_outliers': True, 'std_devs': 2, 'iterations': 1}
setting fod for H2= {'filter_outliers': True, 'std_devs': 2, 'iterations': 1}
setting fod for Ar40= {'filter_outliers': True, 'std_devs': 2, 'iterations': 1}
setting fod for H1= {'filter_outliers': True, 'std_devs': 2, 'iterations': 1}
setting fod for Ar36= {'filter_outliers': True, 'std_devs': 2, 'iterations': 1}
setting fod for CDD= {'filter_outliers': True, 'std_devs': 10, 'iterations': 1}
setting fod for Ar37= {'filter_outliers': True, 'std_devs': 2, 'iterations': 1}
setting fod for L2= {'filter_outliers': True, 'std_devs': 2, 'iterations': 1}
setting fod for Ar38= {'filter_outliers': True, 'std_devs': 2, 'iterations': 1}
setting fod for L1= {'filter_outliers': True, 'std_devs': 2, 'iterations': 1}
setting fod for Ar39= {'filter_outliers': True, 'std_devs': 2, 'iterations': 1}
setting fod for AX= {'filter_outliers': True, 'std_devs': 2, 'iterations': 1}
not connected to db mysql://janexp@129.138.12.160/labspy
Enviromentals: {'lab_humiditys': [{'device': 'EnvironmentalMonitor',
                    'name': 'Lab Hum.',
                    'pub_date': '2017-08-15T15:19:13',
                    'title': 'iServer Hum.',
                    'value': 35.9}],
 'lab_pneumatics': [{'device': 'AirPressure',
                     'name': 'Pressure',
                     'pub_date': '2017-08-15T15:19:10',
                     'title': None,
                     'value': 79.425},
                    {'device': 'AirPressure2',
                     'name': 'Pressure2',
                     'pub_date': '2017-08-15T15:19:31',
                     'title': None,
                     'value': 78.9256}],
 'lab_temperatures': [{'device': 'EnvironmentalMonitor',
                       'name': 'Lab Temp.',
                       'pub_date': '2017-08-15T15:07:02',
                       'title': 'iServer Temp.',
                       'value': 73.5},
                      {'device': 'Chiller',
                       'name': 'Coolant Temp.',
                       'pub_date': '2017-08-15T13:17:11',
                       'title': None,
                       'value': 18.0}]}
persistence save...
persistence save - db
post measurement save
5107198192 connecting to database sqlite://@/
connected to db sqlite://@/
create new session 5107198192
close session 5107198192
No database instance. Not saving post measurement to isotopedb database
$$$$$$$$$$$$$$$ auto_save_detector_ic=False
massspec enabled True
create new session 4981422800
MassSpec Database Version: 16.0
close session 4981422800
saving post measurement to secondary database
saving to massspec database 129.138.12.160/massspecdata
setting labnumber to 65804
setting aliquot to 21
setting step to 
setting uuid to ab5da7ad-96c4-4452-8666-b3e8ee841a3a
setting irradpos to 65804
setting extract_device to Fusions CO2
setting tray to 
setting position to 102
setting power_requested to 5.0
setting extract_value to 5.0
setting duration to 30.0
setting duration_at_request to 30.0
setting first_stage_delay to 30.0
setting cleanup to 30.0
setting comment to D:2
setting irradiation to NM-291
setting level to D
setting irradiation_level to D
setting sample to Og-15
setting material to Sanidine
setting project to IR1009
setting mass_spectrometer to Jan
no attribute chron_dosages
no attribute production_ratios
no attribute interference_corrections
no attribute production_name
no attribute j
Reference Isotope=Ar40
Reference Detector=H1
%%%%%%%%%%%%%%%%%%%% Comment: D:2 %%%%%%%%%%%%%%%%%%%
adding isotope Ar41 H2
add baseline dbdet= Ar41. original det= H2
get baseline data Ar41 H2
Get data baseline <pychron.processing.isotope.Baseline object at 0x13918a650> len t=60
baseline Ar41. v=-0.0908509832497, e=0.00448043658618
get signal data Ar41 H2
Get data signal Ar41 0.1217+/-0.0035 len t=120
adding isotope Ar40 H1
add baseline dbdet= Ar40. original det= H1
get baseline data Ar40 H1
Get data baseline <pychron.processing.isotope.Baseline object at 0x13918aa90> len t=60
baseline Ar40. v=0.146375527338, e=0.00601147826181
get signal data Ar40 H1
Get data signal Ar40 2211.07+/-0.12 len t=120
adding isotope Ar39 AX
add baseline dbdet= Ar39. original det= AX
get baseline data Ar39 AX
Get data baseline <pychron.processing.isotope.Baseline object at 0x13918a550> len t=60
baseline Ar39. v=-0.0318962269838, e=0.00621688131147
get signal data Ar39 AX
Get data signal Ar39 6.632+/-0.015 len t=120
adding isotope Ar38 L1
add baseline dbdet= Ar38. original det= L1
get baseline data Ar38 L1
Get data baseline <pychron.processing.isotope.Baseline object at 0x13918ab90> len t=60
baseline Ar38. v=-0.0261342311248, e=0.00268799288853
get signal data Ar38 L1
Get data signal Ar38 0.113+/-0.005 len t=120
adding isotope Ar37 L2
add baseline dbdet= Ar37. original det= L2
get baseline data Ar37 L2
Get data baseline <pychron.processing.isotope.Baseline object at 0x13918a910> len t=60
baseline Ar37. v=-0.00759989354533, e=0.00633013670334
get signal data Ar37 L2
Get data signal Ar37 0.064+/-0.010 len t=120
adding isotope Ar36 CDD
add baseline dbdet= Ar36. original det= CDD
get baseline data Ar36 CDD
Get data baseline <pychron.processing.isotope.Baseline object at 0x13918a890> len t=60
baseline Ar36. v=0.000474704351416, e=3.89143928274e-05
get signal data Ar36 CDD
Get data signal Ar36 0.0505+/-0.0006 len t=120
65804-21 added analysis time 0.561794996262s
analysis added to mass spec database
mass spec save time= 0.571
persistence save - dvc
================= post measurement started
create new session 4941776560
close session 4941776560
---------------- Experiment Queue saving disabled
DVC saving peakcenter
Failed to find a valid peak. No peak greater than 1.0. max = 0.0629889307125
Smart pull ahead: 0 behind: 0
Up-to-date with origin
add to repo msg=modified - ad8224ebc6dbfeb9f5997218dfa5fe690569839d.json
add to repo msg=modified - 04-21.json
add to repo msg=modified - 04-21.dat.json
add to repo msg=modified - 04-21.blan.json
add to repo msg=modified - 04-21.inte.json
add to repo msg=modified - 04-21.icfa.json
add to repo msg=modified - 04-21.base.json
not at valid file /Users/jan/PychronDev/data/.dvc/repositories/IR1009/658/tags/04-21.tags.json
add to repo msg=modified - 04-21.peak.json
add to repo msg=modified - 04-21.extr.json
not at valid file /Users/jan/PychronDev/data/.dvc/repositories/IR1009/658/monitor/04-21.moni.json
commit message=<COLLECTION>
add to repo msg=modified - 04-21.inte.json
add to repo msg=modified - 04-21.base.json
commit message=<ISOEVO> default collection fits
add to repo msg=modified - 04-21.blan.json
commit message=<BLANKS> preceding bc-02-J-873
add to repo msg=modified - 04-21.icfa.json
commit message=<ICFactor> default
push repository <pychron.git_archive.repo_manager.GitRepoManager object at 0x12f305b90>
pushing to remote=origin, url=https://github.com
no changes to meta repo
create new session 4941776560
add association IR1009
get identifier "65804"
setting analysis irradiation position=<pychron.dvc.dvc_orm.IrradiationPositionTbl object at 0x13b468d50>
close session 4941776560
================= post measurement finished
15:21:22 -- ******* Post Run Check *******
loading queue conditionals post_run_actions
loading system conditionals post_run_actions
loading conditionals from /Users/jan/PychronDev/setupfiles/spectrometer/default_conditionals.yaml
loading queue conditionals post_run_terminations
loading system conditionals post_run_terminations
loading conditionals from /Users/jan/PychronDev/setupfiles/spectrometer/default_conditionals.yaml
Checking default post run terminations n=1
GetDeflection CDD ===>> 50
testing CDD==2000
evaluate ot="CDD.deflection==2000" t="CDD==2000", ctx="{'CDD': 50.0}"
15:21:22 -- ******* Post Run Check Passed *******
15:21:22 -- Automated run 65804-21 success duration: 378.291 s
----------------- finish -----------------
----------------- stop -----------------
retroactive repository identifiers disabled
finish run. runs completed=4
update duration runid=65804-21, duration=378.291454077, md5=3d9034cf
loading script "jan_unknown400_120.py"
loading script "jan_pump_ms.py"
loading script "jan_sniffair_x2.py"
loading script "jan_pump_extraction_line.py"
testing...
no interpolation path defined
executed snippet estimated_duration=539.8, duration=0.000272035598755
script duration name:unknown400_120 seconds:540.0
loading script "jan_unknown400_120.py"
loading script "jan_pump_ms.py"
loading script "jan_sniffair_x2.py"
loading script "jan_pump_extraction_line.py"
testing...
no interpolation path defined
executed snippet estimated_duration=0, duration=3.00407409668e-05
loading script "jan_unknown400_120.py"
loading script "jan_pump_ms.py"
loading script "jan_sniffair_x2.py"
loading script "jan_pump_extraction_line.py"
testing...
no interpolation path defined
calculate duration
testing...
no interpolation path defined
executed snippet estimated_duration=0, duration=5.19752502441e-05
calculate duration
testing...
no interpolation path defined
executed snippet estimated_duration=0, duration=0.000159978866577
calculate duration
testing...
no interpolation path defined
executed snippet estimated_duration=32.0, duration=9.70363616943e-05
calculate duration
testing...
no interpolation path defined
executed snippet estimated_duration=34.0, duration=0.000123023986816
calculate duration
testing...
no interpolation path defined
executed snippet estimated_duration=4.0, duration=7.60555267334e-05
calculate duration
testing...
no interpolation path defined
executed snippet estimated_duration=36.0, duration=0.0001060962677
calculate duration
testing...
no interpolation path defined
executed snippet estimated_duration=34.0, duration=0.000114917755127
calculate duration
testing...
no interpolation path defined
executed snippet estimated_duration=4.0, duration=0.000294923782349
calculate duration
testing...
no interpolation path defined
executed snippet estimated_duration=36.0, duration=0.000103950500488
calculate duration
testing...
no interpolation path defined
executed snippet estimated_duration=70.0, duration=0.000108957290649
executed snippet estimated_duration=250.0, duration=0.0303828716278
script duration name:sniffair_x2 seconds:250.0
loading script "jan_unknown400_120.py"
loading script "jan_pump_ms.py"
loading script "jan_sniffair_x2.py"
loading script "jan_pump_extraction_line.py"
testing...
no interpolation path defined
calculate duration
testing...
no interpolation path defined
executed snippet estimated_duration=4.0, duration=0.000200986862183
executed snippet estimated_duration=4.0, duration=0.00810408592224
Script duration 790.0
Run total estimated duration= 791.000
unknown400_120 in script context. using previous estimated duration
script duration name:unknown400_120 seconds:540.0
pump_ms in script context. using previous estimated duration
sniffair_x2 in script context. using previous estimated duration
script duration name:sniffair_x2 seconds:250.0
pump_extraction_line in script context. using previous estimated duration
Script duration 790.0
Run total estimated duration= 791.000
loading script "jan_co2_whiff_120_60_large.py"
loading script "jan_pump_ms.py"
loading script "jan_co2.py"
loading script "jan_pump_extraction_line.py"
testing...
no interpolation path defined
executed snippet estimated_duration=201.56, duration=0.000200986862183
script duration name:co2_whiff_120_60_large seconds:202.0
loading script "jan_co2_whiff_120_60_large.py"
loading script "jan_pump_ms.py"
loading script "jan_co2.py"
loading script "jan_pump_extraction_line.py"
testing...
no interpolation path defined
calculate duration
testing...
no interpolation path defined
executed snippet estimated_duration=0, duration=5.10215759277e-05
calculate duration
testing...
no interpolation path defined
executed snippet estimated_duration=0, duration=0.000140905380249
executed snippet estimated_duration=0.0, duration=0.00409388542175
script duration name:co2 seconds:0.0
Script duration 202.0
Run total estimated duration= 203.000
co2_whiff_120_60_large in script context. using previous estimated duration
script duration name:co2_whiff_120_60_large seconds:202.0
co2 in script context. using previous estimated duration
script duration name:co2 seconds:0.0
Script duration 202.0
Run total estimated duration= 203.000
script duration name:co2_whiff_120_60_large seconds:202.0
script duration name:co2 seconds:0.0
Script duration 202.0
Run total estimated duration= 203.000
script duration name:co2_whiff_120_60_large seconds:202.0
script duration name:co2 seconds:0.0
Script duration 202.0
Run total estimated duration= 203.000
script duration name:co2_whiff_120_60_large seconds:202.0
script duration name:co2 seconds:0.0
Script duration 202.0
Run total estimated duration= 203.000
script duration name:unknown400_120 seconds:540.0
script duration name:co2 seconds:0.0
Script duration 540.0
Run total estimated duration= 541.000
script duration name:unknown400_120 seconds:540.0
loading script "jan_unknown400_120.py"
loading script "jan_pump_ms.py"
loading script "jan_cocktail_x1.py"
loading script "jan_pump_extraction_line.py"
testing...
no interpolation path defined
calculate duration
testing...
no interpolation path defined
executed snippet estimated_duration=0, duration=4.6968460083e-05
calculate duration
testing...
no interpolation path defined
executed snippet estimated_duration=0, duration=0.00015115737915
calculate duration
testing...
no interpolation path defined
executed snippet estimated_duration=32.0, duration=0.000123977661133
calculate duration
testing...
no interpolation path defined
executed snippet estimated_duration=34.0, duration=0.000127077102661
calculate duration
testing...
no interpolation path defined
executed snippet estimated_duration=4.0, duration=7.48634338379e-05
calculate duration
testing...
no interpolation path defined
executed snippet estimated_duration=38.0, duration=0.000109910964966
executed snippet estimated_duration=108.0, duration=0.023209810257
script duration name:cocktail_x1 seconds:108.0
Script duration 648.0
Run total estimated duration= 649.000
script duration name:unknown400_120 seconds:540.0
cocktail_x1 in script context. using previous estimated duration
script duration name:cocktail_x1 seconds:108.0
Script duration 648.0
Run total estimated duration= 649.000
script duration name:co2_whiff_120_60_large seconds:202.0
script duration name:co2 seconds:0.0
Script duration 202.0
Run total estimated duration= 203.000
script duration name:co2_whiff_120_60_large seconds:202.0
script duration name:co2 seconds:0.0
Script duration 202.0
Run total estimated duration= 203.000
script duration name:co2_whiff_120_60_large seconds:202.0
script duration name:co2 seconds:0.0
Script duration 202.0
Run total estimated duration= 203.000
script duration name:co2_whiff_120_60_large seconds:202.0
script duration name:co2 seconds:0.0
Script duration 202.0
Run total estimated duration= 203.000
script duration name:co2_whiff_120_60_large seconds:202.0
script duration name:co2 seconds:0.0
Script duration 202.0
Run total estimated duration= 203.000
script duration name:co2_whiff_120_60_large seconds:202.0
script duration name:co2 seconds:0.0
Script duration 202.0
Run total estimated duration= 203.000
script duration name:co2_whiff_120_60_large seconds:202.0
script duration name:co2 seconds:0.0
Script duration 202.0
Run total estimated duration= 203.000
script duration name:unknown400_120 seconds:540.0
script duration name:sniffair_x2 seconds:250.0
Script duration 790.0
Run total estimated duration= 791.000
script duration name:co2_whiff_120_60_large seconds:202.0
script duration name:co2 seconds:0.0
Script duration 202.0
Run total estimated duration= 203.000
script duration name:co2_whiff_120_60_large seconds:202.0
script duration name:co2 seconds:0.0
Script duration 202.0
Run total estimated duration= 203.000
script duration name:co2_whiff_120_60_large seconds:202.0
script duration name:co2 seconds:0.0
Script duration 202.0
Run total estimated duration= 203.000
script duration name:co2_whiff_120_60_large seconds:202.0
script duration name:co2 seconds:0.0
Script duration 202.0
Run total estimated duration= 203.000
script duration name:co2_whiff_120_60_large seconds:202.0
script duration name:co2 seconds:0.0
Script duration 202.0
Run total estimated duration= 203.000
script duration name:co2_whiff_120_60_large seconds:202.0
script duration name:co2 seconds:0.0
Script duration 202.0
Run total estimated duration= 203.000
script duration name:co2_whiff_120_60_large seconds:202.0
script duration name:co2 seconds:0.0
Script duration 202.0
Run total estimated duration= 203.000
script duration name:co2_whiff_120_60_large seconds:202.0
script duration name:co2 seconds:0.0
Script duration 202.0
Run total estimated duration= 203.000
script duration name:unknown400_120 seconds:540.0
script duration name:co2 seconds:0.0
Script duration 540.0
Run total estimated duration= 541.000
script duration name:unknown400_120 seconds:540.0
script duration name:cocktail_x1 seconds:108.0
Script duration 648.0
Run total estimated duration= 649.000
script duration name:unknown400_120 seconds:540.0
script duration name:cocktail_x1 seconds:108.0
Script duration 648.0
Run total estimated duration= 649.000
script duration name:unknown400_120 seconds:540.0
script duration name:sniffair_x2 seconds:250.0
Script duration 790.0
Run total estimated duration= 791.000
script duration name:co2_whiff_120_60_large seconds:202.0
script duration name:co2 seconds:0.0
Script duration 202.0
Run total estimated duration= 203.000
script duration name:co2_whiff_120_60_large seconds:202.0
script duration name:co2 seconds:0.0
Script duration 202.0
Run total estimated duration= 203.000
script duration name:co2_whiff_120_60_large seconds:202.0
script duration name:co2 seconds:0.0
Script duration 202.0
Run total estimated duration= 203.000
script duration name:co2_whiff_120_60_large seconds:202.0
script duration name:co2 seconds:0.0
Script duration 202.0
Run total estimated duration= 203.000
script duration name:co2_whiff_120_60_large seconds:202.0
script duration name:co2 seconds:0.0
Script duration 202.0
Run total estimated duration= 203.000
script duration name:co2_whiff_120_60_large seconds:202.0
script duration name:co2 seconds:0.0
Script duration 202.0
Run total estimated duration= 203.000
script duration name:co2_whiff_120_60_large seconds:202.0
script duration name:co2 seconds:0.0
Script duration 202.0
Run total estimated duration= 203.000
script duration name:co2_whiff_120_60_large seconds:202.0
script duration name:co2 seconds:0.0
Script duration 202.0
Run total estimated duration= 203.000
script duration name:co2_whiff_120_60_large seconds:202.0
script duration name:co2 seconds:0.0
Script duration 202.0
Run total estimated duration= 203.000
script duration name:co2_whiff_120_60_large seconds:202.0
script duration name:co2 seconds:0.0
Script duration 202.0
Run total estimated duration= 203.000
script duration name:co2_whiff_120_60_large seconds:202.0
script duration name:co2 seconds:0.0
Script duration 202.0
Run total estimated duration= 203.000
script duration name:co2_whiff_120_60_large seconds:202.0
script duration name:co2 seconds:0.0
Script duration 202.0
Run total estimated duration= 203.000
script duration name:co2_whiff_120_60_large seconds:202.0
script duration name:co2 seconds:0.0
Script duration 202.0
Run total estimated duration= 203.000
script duration name:co2_whiff_120_60_large seconds:202.0
script duration name:co2 seconds:0.0
Script duration 202.0
Run total estimated duration= 203.000
script duration name:co2_whiff_120_60_large seconds:202.0
script duration name:co2 seconds:0.0
Script duration 202.0
Run total estimated duration= 203.000
script duration name:unknown400_120 seconds:540.0
script duration name:co2 seconds:0.0
Script duration 540.0
Run total estimated duration= 541.000
script duration name:unknown400_120 seconds:540.0
script duration name:cocktail_x1 seconds:108.0
Script duration 648.0
Run total estimated duration= 649.000
script duration name:unknown400_120 seconds:540.0
script duration name:cocktail_x1 seconds:108.0
Script duration 648.0
Run total estimated duration= 649.000
script duration name:co2_whiff_120_60_large seconds:202.0
script duration name:co2 seconds:0.0
Script duration 202.0
Run total estimated duration= 203.000
script duration name:co2_whiff_120_60_large seconds:202.0
script duration name:co2 seconds:0.0
Script duration 202.0
Run total estimated duration= 203.000
script duration name:co2_whiff_120_60_large seconds:202.0
script duration name:co2 seconds:0.0
Script duration 202.0
Run total estimated duration= 203.000
script duration name:co2_whiff_120_60_large seconds:202.0
script duration name:co2 seconds:0.0
Script duration 202.0
Run total estimated duration= 203.000
script duration name:co2_whiff_120_60_large seconds:202.0
script duration name:co2 seconds:0.0
Script duration 202.0
Run total estimated duration= 203.000
script duration name:unknown400_120 seconds:540.0
script duration name:sniffair_x2 seconds:250.0
Script duration 790.0
Run total estimated duration= 791.000
script duration name:unknown400_120 seconds:540.0
script duration name:sniffair_x2 seconds:250.0
Script duration 790.0
Run total estimated duration= 791.000
script duration name:co2_whiff_120_60_large seconds:202.0
script duration name:co2 seconds:0.0
Script duration 202.0
Run total estimated duration= 203.000
script duration name:co2_whiff_120_60_large seconds:202.0
script duration name:co2 seconds:0.0
Script duration 202.0
Run total estimated duration= 203.000
script duration name:co2_whiff_120_60_large seconds:202.0
script duration name:co2 seconds:0.0
Script duration 202.0
Run total estimated duration= 203.000
script duration name:co2_whiff_120_60_large seconds:202.0
script duration name:co2 seconds:0.0
Script duration 202.0
Run total estimated duration= 203.000
script duration name:co2_whiff_120_60_large seconds:202.0
script duration name:co2 seconds:0.0
Script duration 202.0
Run total estimated duration= 203.000
script duration name:co2_whiff_120_60_large seconds:202.0
script duration name:co2 seconds:0.0
Script duration 202.0
Run total estimated duration= 203.000
script duration name:co2_whiff_120_60_large seconds:202.0
script duration name:co2 seconds:0.0
Script duration 202.0
Run total estimated duration= 203.000
script duration name:co2_whiff_120_60_large seconds:202.0
script duration name:co2 seconds:0.0
Script duration 202.0
Run total estimated duration= 203.000
script duration name:co2_whiff_120_60_large seconds:202.0
script duration name:co2 seconds:0.0
Script duration 202.0
Run total estimated duration= 203.000
script duration name:co2_whiff_120_60_large seconds:202.0
script duration name:co2 seconds:0.0
Script duration 202.0
Run total estimated duration= 203.000
script duration name:unknown400_120 seconds:540.0
script duration name:co2 seconds:0.0
Script duration 540.0
Run total estimated duration= 541.000
script duration name:unknown400_120 seconds:540.0
script duration name:cocktail_x1 seconds:108.0
Script duration 648.0
Run total estimated duration= 649.000
script duration name:unknown400_120 seconds:540.0
script duration name:cocktail_x1 seconds:108.0
Script duration 648.0
Run total estimated duration= 649.000
script duration name:co2_whiff_120_60_large seconds:202.0
script duration name:co2 seconds:0.0
Script duration 202.0
Run total estimated duration= 203.000
script duration name:co2_whiff_120_60_large seconds:202.0
script duration name:co2 seconds:0.0
Script duration 202.0
Run total estimated duration= 203.000
script duration name:co2_whiff_120_60_large seconds:202.0
script duration name:co2 seconds:0.0
Script duration 202.0
Run total estimated duration= 203.000
script duration name:co2_whiff_120_60_large seconds:202.0
script duration name:co2 seconds:0.0
Script duration 202.0
Run total estimated duration= 203.000
script duration name:co2_whiff_120_60_large seconds:202.0
script duration name:co2 seconds:0.0
Script duration 202.0
Run total estimated duration= 203.000
script duration name:co2_whiff_120_60_large seconds:202.0
script duration name:co2 seconds:0.0
Script duration 202.0
Run total estimated duration= 203.000
script duration name:co2_whiff_120_60_large seconds:202.0
script duration name:co2 seconds:0.0
Script duration 202.0
Run total estimated duration= 203.000
script duration name:co2_whiff_120_60_large seconds:202.0
script duration name:co2 seconds:0.0
Script duration 202.0
Run total estimated duration= 203.000
script duration name:co2_whiff_120_60_large seconds:202.0
script duration name:co2 seconds:0.0
Script duration 202.0
Run total estimated duration= 203.000
script duration name:co2_whiff_120_60_large seconds:202.0
script duration name:co2 seconds:0.0
Script duration 202.0
Run total estimated duration= 203.000
script duration name:unknown400_120 seconds:540.0
script duration name:sniffair_x2 seconds:250.0
Script duration 790.0
Run total estimated duration= 791.000
script duration name:co2_whiff_120_60_large seconds:202.0
script duration name:co2 seconds:0.0
Script duration 202.0
Run total estimated duration= 203.000
script duration name:co2_whiff_120_60_large seconds:202.0
script duration name:co2 seconds:0.0
Script duration 202.0
Run total estimated duration= 203.000
script duration name:co2_whiff_120_60_large seconds:202.0
script duration name:co2 seconds:0.0
Script duration 202.0
Run total estimated duration= 203.000
script duration name:co2_whiff_120_60_large seconds:202.0
script duration name:co2 seconds:0.0
Script duration 202.0
Run total estimated duration= 203.000
script duration name:co2_whiff_120_60_large seconds:202.0
script duration name:co2 seconds:0.0
Script duration 202.0
Run total estimated duration= 203.000
script duration name:unknown400_120 seconds:540.0
script duration name:co2 seconds:0.0
Script duration 540.0
Run total estimated duration= 541.000
script duration name:unknown400_120 seconds:540.0
script duration name:cocktail_x1 seconds:108.0
Script duration 648.0
Run total estimated duration= 649.000
script duration name:unknown400_120 seconds:540.0
script duration name:cocktail_x1 seconds:108.0
Script duration 648.0
Run total estimated duration= 649.000
script duration name:co2_whiff_120_60_large seconds:202.0
script duration name:co2 seconds:0.0
Script duration 202.0
Run total estimated duration= 203.000
script duration name:co2_whiff_120_60_large seconds:202.0
script duration name:co2 seconds:0.0
Script duration 202.0
Run total estimated duration= 203.000
script duration name:co2_whiff_120_60_large seconds:202.0
script duration name:co2 seconds:0.0
Script duration 202.0
Run total estimated duration= 203.000
script duration name:co2_whiff_120_60_large seconds:202.0
script duration name:co2 seconds:0.0
Script duration 202.0
Run total estimated duration= 203.000
script duration name:co2_whiff_120_60_large seconds:202.0
script duration name:co2 seconds:0.0
Script duration 202.0
Run total estimated duration= 203.000
script duration name:co2_whiff_120_60_large seconds:202.0
script duration name:co2 seconds:0.0
Script duration 202.0
Run total estimated duration= 203.000
script duration name:co2_whiff_120_60_large seconds:202.0
script duration name:co2 seconds:0.0
Script duration 202.0
Run total estimated duration= 203.000
script duration name:co2_whiff_120_60_large seconds:202.0
script duration name:co2 seconds:0.0
Script duration 202.0
Run total estimated duration= 203.000
script duration name:co2_whiff_120_60_large seconds:202.0
script duration name:co2 seconds:0.0
Script duration 202.0
Run total estimated duration= 203.000
script duration name:co2_whiff_120_60_large seconds:202.0
script duration name:co2 seconds:0.0
Script duration 202.0
Run total estimated duration= 203.000
script duration name:co2_whiff_120_60_large seconds:202.0
script duration name:co2 seconds:0.0
Script duration 202.0
Run total estimated duration= 203.000
script duration name:co2_whiff_120_60_large seconds:202.0
script duration name:co2 seconds:0.0
Script duration 202.0
Run total estimated duration= 203.000
script duration name:co2_whiff_120_60_large seconds:202.0
script duration name:co2 seconds:0.0
Script duration 202.0
Run total estimated duration= 203.000
script duration name:co2_whiff_120_60_large seconds:202.0
script duration name:co2 seconds:0.0
Script duration 202.0
Run total estimated duration= 203.000
script duration name:co2_whiff_120_60_large seconds:202.0
script duration name:co2 seconds:0.0
Script duration 202.0
Run total estimated duration= 203.000
script duration name:unknown400_120 seconds:540.0
script duration name:co2 seconds:0.0
Script duration 540.0
Run total estimated duration= 541.000
script duration name:unknown400_120 seconds:540.0
script duration name:sniffair_x2 seconds:250.0
Script duration 790.0
Run total estimated duration= 791.000
script duration name:unknown400_120 seconds:540.0
script duration name:sniffair_x2 seconds:250.0
Script duration 790.0
Run total estimated duration= 791.000
script duration name:unknown400_120 seconds:540.0
script duration name:cocktail_x1 seconds:108.0
Script duration 648.0
Run total estimated duration= 649.000
script duration name:unknown400_120 seconds:540.0
script duration name:cocktail_x1 seconds:108.0
Script duration 648.0
Run total estimated duration= 649.000
script duration name:co2_whiff_120_60_large seconds:202.0
script duration name:co2 seconds:0.0
Script duration 202.0
Run total estimated duration= 203.000
script duration name:co2_whiff_120_60_large seconds:202.0
script duration name:co2 seconds:0.0
Script duration 202.0
Run total estimated duration= 203.000
script duration name:co2_whiff_120_60_large seconds:202.0
script duration name:co2 seconds:0.0
Script duration 202.0
Run total estimated duration= 203.000
script duration name:co2_whiff_120_60_large seconds:202.0
script duration name:co2 seconds:0.0
Script duration 202.0
Run total estimated duration= 203.000
script duration name:co2_whiff_120_60_large seconds:202.0
script duration name:co2 seconds:0.0
Script duration 202.0
Run total estimated duration= 203.000
script duration name:co2_whiff_120_60_large seconds:202.0
script duration name:co2 seconds:0.0
Script duration 202.0
Run total estimated duration= 203.000
script duration name:co2_whiff_120_60_large seconds:202.0
script duration name:co2 seconds:0.0
Script duration 202.0
Run total estimated duration= 203.000
script duration name:co2_whiff_120_60_large seconds:202.0
script duration name:co2 seconds:0.0
Script duration 202.0
Run total estimated duration= 203.000
script duration name:co2_whiff_120_60_large seconds:202.0
script duration name:co2 seconds:0.0
Script duration 202.0
Run total estimated duration= 203.000
script duration name:co2_whiff_120_60_large seconds:202.0
script duration name:co2 seconds:0.0
Script duration 202.0
Run total estimated duration= 203.000
script duration name:unknown400_120 seconds:540.0
script duration name:co2 seconds:0.0
Script duration 540.0
Run total estimated duration= 541.000
script duration name:unknown400_120 seconds:540.0
script duration name:sniffair_x2 seconds:250.0
Script duration 790.0
Run total estimated duration= 791.000
script duration name:unknown400_120 seconds:540.0
script duration name:sniffair_x2 seconds:250.0
Script duration 790.0
Run total estimated duration= 791.000
script duration name:unknown400_120 seconds:540.0
script duration name:cocktail_x1 seconds:108.0
Script duration 648.0
Run total estimated duration= 649.000
script duration name:unknown400_120 seconds:540.0
script duration name:cocktail_x1 seconds:108.0
Script duration 648.0
Run total estimated duration= 649.000
nruns=122 before=5.0, run_dur=39844.0, btw=3225.0
write rem/ex queues
/Users/jan/PychronDev/experiments/rem/Load1819.rem.txt
/Users/jan/PychronDev/experiments/rem/Load1819.ex.txt
doing event level: 3
add run
