do run
loading script "jan_co2_whiff_120_60_large.py"
loading script "jan_pump_ms.py"
loading script "jan_co2.py"
loading script "jan_pump_extraction_line.py"
testing...
no interpolation path defined
executed snippet estimated_duration=201.56, duration=0.000220060348511
script duration name:co2_whiff_120_60_large seconds:202.0
loading script "jan_co2_whiff_120_60_large.py"
loading script "jan_pump_ms.py"
loading script "jan_co2.py"
loading script "jan_pump_extraction_line.py"
testing...
no interpolation path defined
executed snippet estimated_duration=0, duration=1.90734863281e-05
loading script "jan_co2_whiff_120_60_large.py"
loading script "jan_pump_ms.py"
loading script "jan_co2.py"
loading script "jan_pump_extraction_line.py"
testing...
no interpolation path defined
calculate duration
testing...
no interpolation path defined
executed snippet estimated_duration=0, duration=4.2200088501e-05
calculate duration
testing...
no interpolation path defined
executed snippet estimated_duration=0, duration=8.70227813721e-05
executed snippet estimated_duration=0.0, duration=0.00192403793335
script duration name:co2 seconds:0.0
loading script "jan_co2_whiff_120_60_large.py"
loading script "jan_pump_ms.py"
loading script "jan_co2.py"
loading script "jan_pump_extraction_line.py"
testing...
no interpolation path defined
calculate duration
testing...
no interpolation path defined
executed snippet estimated_duration=4.0, duration=0.000136137008667
executed snippet estimated_duration=4.0, duration=0.00102400779724
Script duration 202.0
Run total estimated duration= 203.000
run duration: 0:03:23
doing event level: 2
15:48:50 -- Setting default integration. t=1.048576
setting integration time = 1.048576
SetIntegrationTime 1.048576 ===>> OK
----------------- start -----------------
**************** Experiment Type: Ar/Ar, Ar/Ar
create new session 4965161584
close session 4965161584
$$$$$ Clearing conditionals
adding conditionals 
Add queue conditionals
add default conditionals
adding default conditionals from /Users/jan/PychronDev/setupfiles/spectrometer/default_conditionals.yaml
Start automated run 65804-22
loading script "jan_co2_whiff_120_60_large.py"
loading script "jan_pump_ms.py"
loading script "jan_co2.py"
loading script "jan_pump_extraction_line.py"
%%%%%%%%%%%%%%%%%% setting automated run 65804-22
No value "sensitivity_multiplier" in metadata
$$$$$$$$$$$$$$$ auto_save_detector_ic=False
============================= Pre Extraction Check =============================
loading queue conditionals pre_run_terminations
loading system conditionals pre_run_terminations
loading conditionals from /Users/jan/PychronDev/setupfiles/spectrometer/default_conditionals.yaml
15:48:50 -- ******* Pre Extraction Check *******
Get a measurement from the spectrometer
Pre Extraction Termination data. keys=H2,H1,AX,L1,L2,CDD, signals=-0.07839,0.06326,-0.10069,-0.04216,0.08351,0.00312
15:48:50 -- testing system defined conditionals
Checking default pre extraction terminations n=2
testing CDD
evaluate ot="CDD.inactive" t="CDD", ctx="{'CDD': False}"
GetDeflection CDD ===>> 50
testing CDD==2000
evaluate ot="CDD.deflection==2000" t="CDD==2000", ctx="{'CDD': 50.0}"
15:48:50 -- ******* Pre Extraction Check Passed *******
=================================================================================
15:48:50 -- stopping status monitor
stop 4942042608
Status monitor stopped
Status monitor finished
15:48:51 -- starting status monitor
start 4942042608
StatusMonitor period=1. Frequencies(state=2, checksum=3, lock=5, owner=5)
start extraction
do extraction
Analysis started at 15:48:53.482569
Extraction Started jan_co2.py
15:48:53 -- ******* Extraction Started jan_co2.py *******
state changed from not run to extraction
DO EXTRACTION <pychron.extraction_line.pyscript_runner.RemotePyScriptRunner object at 0x1295a4050>
testing...
no interpolation path defined
calculate duration
testing...
no interpolation path defined
executed snippet estimated_duration=0, duration=4.60147857666e-05
calculate duration
testing...
no interpolation path defined
executed snippet estimated_duration=0, duration=8.58306884766e-05
executed snippet estimated_duration=100.0, duration=0.00255298614502
Jan CO2 laser analysis
doing GOSUB
testing...
no interpolation path defined
executed snippet estimated_duration=0, duration=3.71932983398e-05
Waiting for CO2 access
wait ('FelixCO2Flag', 0) {}
waiting for FelixCO2Flag = 0
Read FelixCO2Flag ===>> 0
finished waiting
CO2 free
wait ('CO2PumpTimeFlag', 0) {}
waiting for CO2PumpTimeFlag = 0
Read CO2PumpTimeFlag ===>> 0
finished waiting
acquire ('JanCO2Flag',) {'clear': True}
acquire JanCO2Flag
Set JanCO2Flag 1 ===>> OK
JanCO2Flag acquired
set extraction state False (0.75, 'red', 1.5)
CO2 acquired
executed snippet estimated_duration=0, duration=0.0164849758148
WaitForCO2Access.py completed successfully
gosub finished
doing GOSUB
testing...
no interpolation path defined
executed snippet estimated_duration=0, duration=9.48905944824e-05
Prepare for CO2 analysis
close () {'description': 'Jan Inlet'}
close name=--- desc=Jan Inlet
checking ownership. requestor=129.138.12.150
check software interlocks R
interlocks []
actuate state mode=None-script, software_lock=False
doing actuation None-script close_channel False
Close R ===>> OK
GetIndicatorState R ===>> False
change switch state (True, True)
update switch state R False args=() kw={} ncanvase=2
15:48:53 -- CLOSE  VALVE-R (Jan Inlet)
-------------------------- close None (Jan Inlet) result=[(True, True)]
action=close, ok=True, locked=[False]
open () {'description': 'Jan Ion Pump'}
open name=--- desc=Jan Ion Pump
checking ownership. requestor=129.138.12.150
check software interlocks O
interlocks []
actuate state mode=None-script, software_lock=False
doing actuation None-script open_channel False
Open O ===>> OK
GetIndicatorState O ===>> OK
change switch state (True, True)
update switch state O True args=() kw={} ncanvase=2
15:48:54 -- OPEN   VALVE-O (Jan Ion Pump)
-------------------------- open None (Jan Ion Pump) result=[(True, True)]
action=open, ok=True, locked=[False]
close () {'description': 'Microbone to Minibone'}
close name=--- desc=Microbone to Minibone
checking ownership. requestor=129.138.12.150
check software interlocks L
interlocks []
actuate state mode=None-script, software_lock=False
doing actuation None-script close_channel False
Close L ===>> OK
GetIndicatorState L ===>> False
change switch state (True, True)
update switch state L False args=() kw={} ncanvase=2
15:48:54 -- CLOSE  VALVE-L (Microbone to Minibone)
-------------------------- close None (Microbone to Minibone) result=[(True, True)]
action=close, ok=True, locked=[False]
open () {'description': 'Microbone to Turbo'}
open name=--- desc=Microbone to Turbo
checking ownership. requestor=129.138.12.150
check software interlocks U
interlocks []
actuate state mode=None-script, software_lock=False
doing actuation None-script open_channel False
Open U ===>> OK
GetIndicatorState U ===>> OK
change switch state (True, True)
update switch state U True args=() kw={} ncanvase=2
15:48:55 -- OPEN   VALVE-U (Microbone to Turbo)
-------------------------- open None (Microbone to Turbo) result=[(True, True)]
action=open, ok=True, locked=[False]
open () {'description': 'Microbone to Inlet Pipette'}
open name=--- desc=Microbone to Inlet Pipette
checking ownership. requestor=129.138.12.150
check software interlocks S
interlocks []
actuate state mode=None-script, software_lock=False
doing actuation None-script open_channel False
Open S ===>> OK
GetIndicatorState S ===>> OK
change switch state (True, True)
update switch state S True args=() kw={} ncanvase=2
15:48:56 -- OPEN   VALVE-S (Microbone to Inlet Pipette)
-------------------------- open None (Microbone to Inlet Pipette) result=[(True, True)]
action=open, ok=True, locked=[False]
open () {'description': 'Microbone to Getter D-50'}
open name=--- desc=Microbone to Getter D-50
checking ownership. requestor=129.138.12.150
check software interlocks K
interlocks []
actuate state mode=None-script, software_lock=False
doing actuation None-script open_channel False
Open K ===>> OK
GetIndicatorState K ===>> OK
change switch state (True, True)
update switch state K True args=() kw={} ncanvase=2
15:48:56 -- OPEN   VALVE-K (Microbone to Getter D-50)
-------------------------- open None (Microbone to Getter D-50) result=[(True, True)]
action=open, ok=True, locked=[False]
open () {'description': 'Microbone to Getter NP-10'}
open name=--- desc=Microbone to Getter NP-10
checking ownership. requestor=129.138.12.150
check software interlocks M
interlocks []
actuate state mode=None-script, software_lock=False
doing actuation None-script open_channel False
Open M ===>> OK
GetIndicatorState M ===>> OK
change switch state (True, True)
update switch state M True args=() kw={} ncanvase=2
15:48:57 -- OPEN   VALVE-M (Microbone to Getter NP-10)
-------------------------- open None (Microbone to Getter NP-10) result=[(True, True)]
action=open, ok=True, locked=[False]
close () {'description': 'CO2 Laser to Felix'}
close name=--- desc=CO2 Laser to Felix
checking ownership. requestor=129.138.12.150
check software interlocks F
interlocks []
actuate state mode=None-script, software_lock=True
VALVE-F(CO2 Laser to Felix) software locked
change switch state (True, False)
-------------------------- close None (CO2 Laser to Felix) result=[(True, False)]
action=close, ok=True, locked=[True]
open () {'description': 'CO2 Laser to Jan'}
open name=--- desc=CO2 Laser to Jan
checking ownership. requestor=129.138.12.150
check software interlocks A
interlocks []
actuate state mode=None-script, software_lock=False
doing actuation None-script open_channel False
Open A ===>> OK
GetIndicatorState A ===>> OK
change switch state (True, True)
update switch state A True args=() kw={} ncanvase=2
15:48:57 -- OPEN   VALVE-A (CO2 Laser to Jan)
-------------------------- open None (CO2 Laser to Jan) result=[(True, True)]
action=open, ok=True, locked=[False]
open () {'description': 'Microbone to CO2 Laser'}
open name=--- desc=Microbone to CO2 Laser
checking ownership. requestor=129.138.12.150
check software interlocks T
interlocks []
actuate state mode=None-script, software_lock=False
doing actuation None-script open_channel False
Open T ===>> OK
GetIndicatorState T ===>> OK
change switch state (True, True)
update switch state T True args=() kw={} ncanvase=2
15:48:58 -- OPEN   VALVE-T (Microbone to CO2 Laser)
-------------------------- open None (Microbone to CO2 Laser) result=[(True, True)]
action=open, ok=True, locked=[False]
executed snippet estimated_duration=0, duration=4.91227316856
PrepareForCO2Analysis.py completed successfully
gosub finished
set_motor ('beam', '1.25') {}
setting motor "beam" to 1.25
set motor beam to 1.25
SetMotor beam,1.25 ===>> OK
GetMotorMoving beam ===>> False
GetMotorMoving beam ===>> False
Block completed
move_to_position ('103',) {'autocenter': True}
FusionsCO2 move to position 103
sending GoToHole 103,True
GoToHole 103,True ===>> OK
GetDriveMoving ===>> OK
GetDriveMoving ===>> OK
GetDriveMoving ===>> OK
GetDriveMoving ===>> OK
GetDriveMoving ===>> OK
GetDriveMoving ===>> OK
GetDriveMoving ===>> OK
GetDriveMoving ===>> OK
GetDriveMoving ===>> OK
GetDriveMoving ===>> OK
GetDriveMoving ===>> OK
GetDriveMoving ===>> OK
GetDriveMoving ===>> OK
GetDriveMoving ===>> OK
GetDriveMoving ===>> OK
GetDriveMoving ===>> OK
GetDriveMoving ===>> OK
GetDriveMoving ===>> OK
GetDriveMoving ===>> OK
GetDriveMoving ===>> OK
GetDriveMoving ===>> OK
GetDriveMoving ===>> OK
GetDriveMoving ===>> OK
GetDriveMoving ===>> OK
GetDriveMoving ===>> OK
GetDriveMoving ===>> OK
GetDriveMoving ===>> OK
GetDriveMoving ===>> OK
GetDriveMoving ===>> OK
GetDriveMoving ===>> OK
GetDriveMoving ===>> OK
GetDriveMoving ===>> OK
GetDriveMoving ===>> OK
GetDriveMoving ===>> OK
GetDriveMoving ===>> OK
GetDriveMoving ===>> OK
GetDriveMoving ===>> OK
GetDriveMoving ===>> OK
GetDriveMoving ===>> OK
GetDriveMoving ===>> OK
GetDriveMoving ===>> OK
GetDriveMoving ===>> OK
GetDriveMoving ===>> OK
GetDriveMoving ===>> OK
GetDriveMoving ===>> OK
GetDriveMoving ===>> OK
GetDriveMoving ===>> OK
GetDriveMoving ===>> OK
GetDriveMoving ===>> OK
GetDriveMoving ===>> OK
GetDriveMoving ===>> OK
GetDriveMoving ===>> False
GetDriveMoving ===>> OK
GetDriveMoving ===>> OK
GetDriveMoving ===>> OK
GetDriveMoving ===>> OK
GetDriveMoving ===>> OK
GetDriveMoving ===>> OK
GetDriveMoving ===>> False
Block completed
GetAutoCorrecting ===>> False
GetAutoCorrecting ===>> False
Block completed
update position
GetPosition ===>> -15.95120,0.00000,1.00000
got position (-15.9512, 0.0, 1.0)
move to position succeeded
sleep (5,) {}
SLEEP 5.0
block started
WaitControl setup for 5.0  
Join finished
block finished. duration 5.01437211037
close () {'description': 'Microbone to Turbo'}
close name=--- desc=Microbone to Turbo
checking ownership. requestor=129.138.12.150
check software interlocks U
interlocks []
actuate state mode=None-script, software_lock=False
doing actuation None-script close_channel True
Close U ===>> OK
State checksums do not match. Local:-1965264452 Remote:1551197106
State checksum failed
GetIndicatorState U ===>> False
change switch state (True, True)
update switch state U False args=() kw={} ncanvase=2
15:49:21 -- CLOSE  VALVE-U (Microbone to Turbo)
-------------------------- close None (Microbone to Turbo) result=[(True, True)]
action=close, ok=True, locked=[False]
enable laser
enable () {}
set extraction state FusionsCO2 Enabled (False, 'red', 1.5)
enabling laser
Enable ===>> OK
begin interval
BEGIN INTERVAL Interval 1 waiting for 30.0
block started
set extract to 5.0
WaitControl setup for 30.0  
extract (5.0,) {}
GetPosition ===>> -15.95120,0.00000,1.00000
set extraction state FusionsCO2 ON! 5.0(watts) (0.75, 'red', 1.5)
extract sample to 5.0 (watts)
set laser output
SetLaserOutput 5.0,watts ===>> OK
executing pattern triangle.lp
execute_pattern ('triangle.lp',) {}
executing pattern triangle.lp
IsPatterning ===>> OK
IsPatterning ===>> OK
IsPatterning ===>> OK
IsPatterning ===>> OK
IsPatterning ===>> OK
IsPatterning ===>> OK
IsPatterning ===>> OK
IsPatterning ===>> OK
IsPatterning ===>> OK
IsPatterning ===>> OK
IsPatterning ===>> OK
IsPatterning ===>> OK
IsPatterning ===>> OK
IsPatterning ===>> OK
IsPatterning ===>> OK
IsPatterning ===>> OK
IsPatterning ===>> OK
IsPatterning ===>> OK
IsPatterning ===>> OK
IsPatterning ===>> OK
IsPatterning ===>> OK
IsPatterning ===>> OK
IsPatterning ===>> OK
IsPatterning ===>> OK
IsPatterning ===>> OK
IsPatterning ===>> OK
IsPatterning ===>> OK
IsPatterning ===>> False
IsPatterning ===>> False
Block completed
COMPLETE INTERVAL waiting for Interval 1 to complete
Join finished
block finished. duration 30.0498337746
Interval 1 finished
end_extract () {}
ending extraction. set laser power to 0
set laser power 0
SetLaserPower 0 ===>> OK
disable () {}
%%%%%%%%%%%%%%%%%%%%%%%%%%%%%%%%%%% disable
set extraction state False (0.75, 'red', 1.5)
disabling laser
Disable ===>> OK
sleep (30.0,) {}
SLEEP 30.0
block started
WaitControl setup for 30.0  
Join finished
block finished. duration 30.0458199978
executed snippet estimated_duration=165.5, duration=89.5556399822
jan_co2.py completed successfully
GetAchievedOutput ===>> No Response
Requested Output= 0.000
Achieved Output=  0.000
GetResponseBlob ===>> No Response
GetOutputBlob ===>> No Response
persistence save...
persistence save - db
AutomatedRunPersister post_extraction_save deprecated
persistence save - dvc
no extraction position for 103
not connected to db mysql://janexp@129.138.12.160/labspy
Enviromentals: {'lab_humiditys': [{'device': 'EnvironmentalMonitor',
                    'name': 'Lab Hum.',
                    'pub_date': '2017-08-15T15:47:40',
                    'title': 'iServer Hum.',
                    'value': 34.5}],
 'lab_pneumatics': [{'device': 'AirPressure',
                     'name': 'Pressure',
                     'pub_date': '2017-08-15T15:49:14',
                     'title': None,
                     'value': 89.025},
                    {'device': 'AirPressure2',
                     'name': 'Pressure2',
                     'pub_date': '2017-08-15T15:49:35',
                     'title': None,
                     'value': 89.74342}],
 'lab_temperatures': [{'device': 'EnvironmentalMonitor',
                       'name': 'Lab Temp.',
                       'pub_date': '2017-08-15T15:07:02',
                       'title': 'iServer Temp.',
                       'value': 73.5},
                      {'device': 'Chiller',
                       'name': 'Coolant Temp.',
                       'pub_date': '2017-08-15T15:37:25',
                       'title': None,
                       'value': 18.0}]}
Extraction Finished
15:50:25 -- ******* Extraction Finished *******
no overlap. not waiting for min ms pumptime
15:50:25 -- Sending spectrometer configuration
======== Sending configuration ========
SetDeflection CDD,50.0 ===>> OK
SetDeflection H2,0.0 ===>> OK
SetDeflection H1,0.0 ===>> OK
SetDeflection L2,825.0 ===>> OK
SetDeflection L1,400.0 ===>> OK
SetDeflection AX,190.0 ===>> OK
SetZFocus 74.64 ===>> OK
SetZSymmetry -50.72 ===>> OK
SetExtractionLens 26.13 ===>> OK
SetIonRepeller -3.81 ===>> OK
SetElectronEnergy 75.08 ===>> OK
SetYSymmetry -2.81 ===>> OK
SetIonCounterVoltage 1590.0 ===>> OK
send trap current 200.0
GetParameter Trap Current Readback ===>> 197.811389855338
SetParameter Trap Current Set,200.0 ===>> OK
updating mftable name mftable
Using mftable located at /Users/jan/PychronDev/setupfiles/spectrometer/mftables/mftable.csv
============ MFtable ===========
Isotope  H2     H1     AX     L1     L2     CDD    
Ar40     6.0550 5.8786 5.9924 6.1935 6.2299 6.6788
Ar39     6.0099 5.7696 6.0565 6.3367 6.1126 6.5653
Ar36     5.6875 5.4386 5.7199 5.9955 5.7676 6.2164
================================
get initial guess parabolic
get initial guess parabolic
get initial guess parabolic
get initial guess parabolic
get initial guess parabolic
get initial guess parabolic
======== Configuration Finished ========
GetYSymmetry ===>> -2.81
GetZSymmetry ===>> -50.72
GetParameter Trap Current Readback ===>> 198.258926936459
GetHighVoltage ===>> 4499.94659342336
start measurement
do measurement
L#=65804 analysis type=unknown
Measurement Started jan_co2_whiff_120_60_large.py
15:50:25 -- ******* Measurement Started jan_co2_whiff_120_60_large.py *******
state changed from extraction to measurement
setting trap, emission, spec, defl, and gains
GetExtractionLens ===>> 26.13
GetYSymmetry ===>> -2.81
GetZSymmetry ===>> -50.72
GetZFocus ===>> 74.64
GetDeflection H2 ===>> 0
GetDeflection H1 ===>> 0
GetDeflection AX ===>> 190
GetDeflection L1 ===>> 400
GetDeflection L2 ===>> 825
GetDeflection CDD ===>> 50
GetGain H2 ===>> 0.0113
GetGain H1 ===>> 0.1
GetGain AX ===>> 0.09645
GetGain L1 ===>> 0.010309
GetGain L2 ===>> 0.091218
GetGain CDD ===>> 0
GetParameter Trap Current Readback ===>> 198.035158395898
GetParameter Source Current Readback ===>> 552.658182262101
pre measurement save
New frame /Users/jan/PychronDev/data/isotopes/6f/871ab8-540a-4669-887e-8cb40e971ba9.h5
flush and close file /Users/jan/PychronDev/data/isotopes/6f/871ab8-540a-4669-887e-8cb40e971ba9.h5
testing...
no interpolation path defined
executed snippet estimated_duration=201.56, duration=0.000199794769287
co2 whiff measurement script
activate_detectors ('H2', 'H1', 'AX', 'L1', 'L2', 'CDD') {}
activate detectors
*************** Set Analysis View Ar/Ar
create graphs
clearing graphs
clear isotope group
setting isotope det=H2, iso=Ar41
setting isotope det=H1, iso=Ar40
setting isotope det=AX, iso=Ar39
setting isotope det=L1, iso=Ar38
setting isotope det=L2, iso=Ar37
setting isotope det=CDD, iso=Ar36
setting previous blanks
 - setting Ar41 blank 0.0243+/-0.0034
 - setting Ar40 blank 0.197+/-0.007
 - setting Ar36 blank 0.00271+/-0.00016
 - setting Ar37 blank 0.045+/-0.005
 - setting Ar38 blank 0.0027+/-0.0023
 - setting Ar39 blank 0.023+/-0.008
load analysis view
position_magnet ('Ar40',) {'detector': 'H1'}
detector Detector(H1)
POSITION Ar40 H1
setting detector H2 to Ar41 (40.9624)
setting detector H1 to Ar40 (39.9624)
setting detector AX to Ar39 (38.9624)
setting detector L1 to Ar38 (37.9624)
setting detector L2 to Ar37 (36.9624)
setting detector CDD to Ar36 (35.9624)
Mapping mass to dac mass func: "parabolic"
H1 map mass coeffs = [ -3.11428344e-04   1.33794662e-01   1.02920323e+00]
H1 map mass to dac 39.9624 >> 5.87861
GetDeflection H1 ===>> 0
GetHighVoltage ===>> 4499.94659342336
positioning Ar40 (5.87857538142) on H1
setting magnet DAC
current  : 5.878575
requested: 5.878575
Delta Dac: 0.000000
Checking detector protection. dv=0.00000
Checking detector "CDD". Protection Threshold: 0.5 (V)
SetMagnetDAC 5.87857538142 ===>> OK
Magnet settling time: 0.500 0.500
Magnet settling complete
set_dac. change=True
close ('S',) {}
close name=S desc=---
checking ownership. requestor=129.138.12.150
check software interlocks S
interlocks []
actuate state mode=None-script, software_lock=False
doing actuation None-script close_channel True
update labels <pychron.experiment.plot_panel.PlotPanel object at 0x136fd4050>
update labels "<pychron.graph.stacked_regression_graph.StackedRegressionGraph object at 0x13912c110>"
setting label 0 H2 Ar41
setting label 1 H1 Ar40
setting label 2 AX Ar39
setting label 3 L1 Ar38
setting label 4 L2 Ar37
setting label 5 CDD Ar36
update labels "<pychron.graph.stacked_graph.StackedGraph object at 0x13913ce90>"
setting label 0 H2 Ar41
setting label 1 H1 Ar40
setting label 2 AX Ar39
setting label 3 L1 Ar38
setting label 4 L2 Ar37
setting label 5 CDD Ar36
Close S ===>> OK
set states for children of S. state=False
handle state [('S', False)]
update switch state S False args=() kw={'refresh': False} ncanvase=2
refresh_canvas_needed fired
GetIndicatorState S ===>> False
change switch state (True, True)
update switch state S False args=() kw={} ncanvase=2
15:50:28 -- CLOSE  VALVE-S (Microbone to Inlet Pipette)
-------------------------- close S () result=[(True, True)]
action=close, ok=True, locked=[False]
equilibrate () {'do_post_equilibration': False, 'inlet': 'R', 'outlet': 'O', 'eqtime': 4}
Equilibration Started
15:50:28 -- ******* Equilibration Started *******
checking ownership. requestor=129.138.12.150
check software interlocks O
interlocks []
actuate state mode=None-script, software_lock=False
doing actuation None-script close_channel True
Close O ===>> OK
GetIndicatorState O ===>> False
change switch state (True, True)
update switch state O False args=() kw={} ncanvase=2
15:50:28 -- CLOSE  VALVE-O (Jan Ion Pump)
waiting 3s before opening inlet value ('R',)
checking ownership. requestor=129.138.12.150
check software interlocks R
interlocks []
actuate state mode=None-script, software_lock=False
doing actuation None-script open_channel True
Open R ===>> OK
GetIndicatorState R ===>> OK
change switch state (True, True)
update switch state R True args=() kw={} ncanvase=2
15:50:31 -- OPEN   VALVE-R (Jan Inlet)
equilibrating for 4sec
set_time_zero (0,) {}
sniff (4,) {}
py_sniff
build tables- sniff [Detector(H2), Detector(H1), Detector(AX), Detector(L1), Detector(L2), Detector(CDD)]
add group /sniff/Ar41 (Group) '' table H2
add group /sniff/Ar40 (Group) '' table H1
add group /sniff/Ar39 (Group) '' table AX
add group /sniff/Ar38 (Group) '' table L1
add group /sniff/Ar37 (Group) '' table L2
add group /sniff/Ar36 (Group) '' table CDD
flush and close file /Users/jan/PychronDev/data/isotopes/6f/871ab8-540a-4669-887e-8cb40e971ba9.h5
measuring sniff. ncounts=4
"sniff" increment series count="1" fit count="0" regressing="False"
starting measurement
Equilibration Finished
15:50:36 -- ******* Equilibration Finished *******
checking ownership. requestor=129.138.12.150
check software interlocks R
interlocks []
actuate state mode=None-script, software_lock=False
doing actuation None-script close_channel True
Close R ===>> OK
GetIndicatorState R ===>> False
change switch state (True, True)
update switch state R False args=() kw={} ncanvase=2
15:50:36 -- CLOSE  VALVE-R (Jan Inlet)
waiting for write to finish
measurement finished
estimated time: 4.194 actual time: :4.285
flush and close file /Users/jan/PychronDev/data/isotopes/6f/871ab8-540a-4669-887e-8cb40e971ba9.h5
set_fits () {}
using default fits file=/Users/jan/PychronDev/scripts/measurement/fits/nominal_linear.yaml
set "Ar41" to "('Average', 'SEM')"
set "Ar40" to "('Linear', 'SEM')"
set "Ar36" to "('Linear', 'SEM')"
set "Ar37" to "('linear', 'SEM')"
set "Ar38" to "('linear', 'SEM')"
set "Ar39" to "('Linear', 'SEM')"
set_baseline_fits () {}
using default fits file=/Users/jan/PychronDev/scripts/measurement/fits/nominal_linear.yaml
set "H2" to "('average', 'SEM')"
set "H1" to "('average', 'SEM')"
set "CDD" to "('average', 'SEM')"
set "L2" to "('average', 'SEM')"
set "L1" to "('average', 'SEM')"
set "AX" to "('average', 'SEM')"
whiff () {'ncounts': 1, 'conditionals': [{'action': 'run_remainder', 'attr': 'Ar40', 'teststr': 'Ar40.cur<=175'}, {'action': 'run_pipette', 'attr': 'Ar40', 'teststr': 'Ar40.cur>500'}, {'action': 'run_chamber_split', 'attr': 'Ar40', 'teststr': 'Ar40.cur>=300'}, {'action': 'pump', 'attr': 'Ar40', 'teststr': 'Ar40.cur>175'}]}
build tables- whiff [Detector(H2), Detector(H1), Detector(AX), Detector(L1), Detector(L2), Detector(CDD)]
add group /whiff/Ar41 (Group) '' table H2
add group /whiff/Ar40 (Group) '' table H1
add group /whiff/Ar39 (Group) '' table AX
add group /whiff/Ar38 (Group) '' table L1
add group /whiff/Ar37 (Group) '' table L2
add group /whiff/Ar36 (Group) '' table CDD
flush and close file /Users/jan/PychronDev/data/isotopes/6f/871ab8-540a-4669-887e-8cb40e971ba9.h5
measuring whiff. ncounts=1
"whiff" increment series count="2" fit count="1" regressing="True"
starting measurement
testing Ar40<=175
evaluate ot="Ar40.cur<=175" t="Ar40<=175", ctx="{'Ar40': 252.769890123039}"
testing Ar40>500
evaluate ot="Ar40.cur>500" t="Ar40>500", ctx="{'Ar40': 252.769890123039}"
testing Ar40>=300
evaluate ot="Ar40.cur>=300" t="Ar40>=300", ctx="{'Ar40': 252.769890123039}"
testing Ar40>175
evaluate ot="Ar40.cur>175" t="Ar40>175", ctx="{'Ar40': 252.769890123039}"
condition Ar40>175 is true trips=1/1
15:50:38 -- Conditional tripped: Ar40.cur>175 condition Ar40>175 is True
waiting for write to finish
measurement finished
estimated time: 1.049 actual time: :1.126
flush and close file /Users/jan/PychronDev/data/isotopes/6f/871ab8-540a-4669-887e-8cb40e971ba9.h5
WHIFF Result=pump
Whiff result=pump
reset_measurement (('H2', 'H1', 'AX', 'L1', 'L2', 'CDD'),) {}
reset_data () {}
reset data
pre measurement save
New frame /Users/jan/PychronDev/data/isotopes/6f/871ab8-540a-4669-887e-8cb40e971ba9.h5
flush and close file /Users/jan/PychronDev/data/isotopes/6f/871ab8-540a-4669-887e-8cb40e971ba9.h5
activate_detectors ('H2', 'H1', 'AX', 'L1', 'L2', 'CDD') {}
activate detectors
*************** Set Analysis View Ar/Ar
clear isotope group
 - setting Ar41 blank (0, 0)
 - setting Ar40 blank (0, 0)
 - setting Ar36 blank (0, 0)
 - setting Ar37 blank (0, 0)
 - setting Ar38 blank (0, 0)
 - setting Ar39 blank (0, 0)
setting isotope det=H2, iso=Ar41
setting isotope det=H1, iso=Ar40
setting isotope det=AX, iso=Ar39
setting isotope det=L1, iso=Ar38
setting isotope det=L2, iso=Ar37
setting isotope det=CDD, iso=Ar36
setting previous blanks
 - setting Ar41 blank 0.0243+/-0.0034
 - setting Ar40 blank 0.197+/-0.007
 - setting Ar36 blank 0.00271+/-0.00016
 - setting Ar37 blank 0.045+/-0.005
 - setting Ar38 blank 0.0027+/-0.0023
 - setting Ar39 blank 0.023+/-0.008
load analysis view
activate_detectors ('H2', 'H1', 'AX', 'L1', 'L2', 'CDD') {}
activate detectors
*************** Set Analysis View Ar/Ar
clear isotope group
 - setting Ar41 blank (0, 0)
 - setting Ar40 blank (0, 0)
 - setting Ar36 blank (0, 0)
 - setting Ar37 blank (0, 0)
 - setting Ar38 blank (0, 0)
 - setting Ar39 blank (0, 0)
setting isotope det=H2, iso=Ar41
setting isotope det=H1, iso=Ar40
setting isotope det=AX, iso=Ar39
setting isotope det=L1, iso=Ar38
setting isotope det=L2, iso=Ar37
setting isotope det=CDD, iso=Ar36
setting previous blanks
 - setting Ar41 blank 0.0243+/-0.0034
 - setting Ar40 blank 0.197+/-0.007
 - setting Ar36 blank 0.00271+/-0.00016
 - setting Ar37 blank 0.045+/-0.005
 - setting Ar38 blank 0.0027+/-0.0023
 - setting Ar39 blank 0.023+/-0.008
load analysis view
open ('R',) {}
open name=R desc=---
checking ownership. requestor=129.138.12.150
check software interlocks R
interlocks []
actuate state mode=None-script, software_lock=False
doing actuation None-script open_channel True
Open R ===>> OK
GetIndicatorState R ===>> OK
change switch state (True, True)
update switch state R True args=() kw={} ncanvase=2
15:50:39 -- OPEN   VALVE-R (Jan Inlet)
-------------------------- open R () result=[(True, True)]
action=open, ok=True, locked=[False]
open ('O',) {}
open name=O desc=---
checking ownership. requestor=129.138.12.150
check software interlocks O
interlocks []
actuate state mode=None-script, software_lock=False
doing actuation None-script open_channel True
Open O ===>> OK
GetIndicatorState O ===>> OK
change switch state (True, True)
update switch state O True args=() kw={} ncanvase=2
15:50:39 -- OPEN   VALVE-O (Jan Ion Pump)
-------------------------- open O () result=[(True, True)]
action=open, ok=True, locked=[False]
sleep (15,) {}
SLEEP 15.0
block started
WaitControl setup for 15.0  
Join finished
block finished. duration 15.0335290432
close ('R',) {}
close name=R desc=---
checking ownership. requestor=129.138.12.150
check software interlocks R
interlocks []
actuate state mode=None-script, software_lock=False
doing actuation None-script close_channel True
Close R ===>> OK
GetIndicatorState R ===>> False
change switch state (True, True)
update switch state R False args=() kw={} ncanvase=2
15:50:55 -- CLOSE  VALVE-R (Jan Inlet)
-------------------------- close R () result=[(True, True)]
action=close, ok=True, locked=[False]
open ('S',) {}
open name=S desc=---
checking ownership. requestor=129.138.12.150
check software interlocks S
interlocks []
actuate state mode=None-script, software_lock=False
doing actuation None-script open_channel True
Open S ===>> OK
set states for children of S. state=True
handle state [('S', True)]
update switch state S True args=() kw={'refresh': False} ncanvase=2
refresh_canvas_needed fired
GetIndicatorState S ===>> OK
change switch state (True, True)
update switch state S True args=() kw={} ncanvase=2
15:50:55 -- OPEN   VALVE-S (Microbone to Inlet Pipette)
-------------------------- open S () result=[(True, True)]
action=open, ok=True, locked=[False]
sleep (3,) {}
SLEEP 3.0
block started
WaitControl setup for 3.0  
Join finished
block finished. duration 3.02977108955
close ('T',) {}
close name=T desc=---
checking ownership. requestor=129.138.12.150
check software interlocks T
interlocks []
actuate state mode=None-script, software_lock=False
doing actuation None-script close_channel True
Close T ===>> OK
GetIndicatorState T ===>> False
change switch state (True, True)
update switch state T False args=() kw={} ncanvase=2
15:50:59 -- CLOSE  VALVE-T (Microbone to CO2 Laser)
-------------------------- close T () result=[(True, True)]
action=close, ok=True, locked=[False]
sleep (3,) {}
SLEEP 3.0
block started
WaitControl setup for 3.0  
Join finished
block finished. duration 3.00745916367
equilibrate () {'do_post_equilibration': True, 'inlet': 'R', 'outlet': 'O', 'eqtime': 12.0}
Equilibration Started
15:51:02 -- ******* Equilibration Started *******
checking ownership. requestor=129.138.12.150
check software interlocks O
interlocks []
actuate state mode=None-script, software_lock=False
doing actuation None-script close_channel True
Close O ===>> OK
GetIndicatorState O ===>> False
change switch state (True, True)
update switch state O False args=() kw={} ncanvase=2
15:51:02 -- CLOSE  VALVE-O (Jan Ion Pump)
waiting 3s before opening inlet value ('R',)
checking ownership. requestor=129.138.12.150
check software interlocks R
interlocks []
actuate state mode=None-script, software_lock=False
doing actuation None-script open_channel True
Open R ===>> OK
GetIndicatorState R ===>> OK
change switch state (True, True)
update switch state R True args=() kw={} ncanvase=2
15:51:06 -- OPEN   VALVE-R (Jan Inlet)
equilibrating for 12.0sec
set_time_zero (0,) {}
sniff (12.0,) {}
py_sniff
build tables- sniff [Detector(H2), Detector(H1), Detector(AX), Detector(L1), Detector(L2), Detector(CDD)]
add group /sniff/Ar41 (Group) '' table H2
add group /sniff/Ar40 (Group) '' table H1
add group /sniff/Ar39 (Group) '' table AX
add group /sniff/Ar38 (Group) '' table L1
add group /sniff/Ar37 (Group) '' table L2
add group /sniff/Ar36 (Group) '' table CDD
flush and close file /Users/jan/PychronDev/data/isotopes/6f/871ab8-540a-4669-887e-8cb40e971ba9.h5
measuring sniff. ncounts=12.0
"sniff" increment series count="1" fit count="0" regressing="False"
starting measurement
Equilibration Finished
15:51:18 -- ******* Equilibration Finished *******
checking ownership. requestor=129.138.12.150
check software interlocks R
interlocks []
actuate state mode=None-script, software_lock=False
doing actuation None-script close_channel True
Close R ===>> OK
GetIndicatorState R ===>> False
change switch state (True, True)
update switch state R False args=() kw={} ncanvase=2
15:51:19 -- CLOSE  VALVE-R (Jan Inlet)
Post Equilibration Started jan_pump_extraction_line.py
15:51:19 -- ******* Post Equilibration Started jan_pump_extraction_line.py *******
testing...
no interpolation path defined
calculate duration
testing...
no interpolation path defined
executed snippet estimated_duration=4.0, duration=0.000149965286255
executed snippet estimated_duration=4.0, duration=0.00105714797974
Pump after analysis
doing GOSUB
testing...
no interpolation path defined
executed snippet estimated_duration=4.0, duration=0.000138998031616
Pump Microbone
close () {'description': 'Jan Inlet'}
close name=--- desc=Jan Inlet
checking ownership. requestor=129.138.12.150
check software interlocks R
interlocks []
actuate state mode=None-script, software_lock=False
doing actuation None-script close_channel False
Close R ===>> OK
GetIndicatorState R ===>> False
change switch state (True, True)
update switch state R False args=() kw={} ncanvase=2
15:51:19 -- CLOSE  VALVE-R (Jan Inlet)
-------------------------- close None (Jan Inlet) result=[(True, True)]
waiting for write to finish
measurement finished
estimated time: 12.583 actual time: :12.655
flush and close file /Users/jan/PychronDev/data/isotopes/6f/871ab8-540a-4669-887e-8cb40e971ba9.h5
set_fits () {}
using default fits file=/Users/jan/PychronDev/scripts/measurement/fits/nominal_linear.yaml
set "Ar41" to "('Average', 'SEM')"
set "Ar40" to "('Linear', 'SEM')"
set "Ar36" to "('Linear', 'SEM')"
set "Ar37" to "('linear', 'SEM')"
set "Ar38" to "('linear', 'SEM')"
set "Ar39" to "('Linear', 'SEM')"
set_baseline_fits () {}
using default fits file=/Users/jan/PychronDev/scripts/measurement/fits/nominal_linear.yaml
set "H2" to "('average', 'SEM')"
set "H1" to "('average', 'SEM')"
set "CDD" to "('average', 'SEM')"
set "L2" to "('average', 'SEM')"
set "L1" to "('average', 'SEM')"
set "AX" to "('average', 'SEM')"
multicollect () {'integration_time': 1, 'ncounts': 120.0}
build tables- signal [Detector(H2), Detector(H1), Detector(AX), Detector(L1), Detector(L2), Detector(CDD)]
add group /signal/Ar41 (Group) '' table H2
add group /signal/Ar40 (Group) '' table H1
add group /signal/Ar39 (Group) '' table AX
add group /signal/Ar38 (Group) '' table L1
add group /signal/Ar37 (Group) '' table L2
add group /signal/Ar36 (Group) '' table CDD
flush and close file /Users/jan/PychronDev/data/isotopes/6f/871ab8-540a-4669-887e-8cb40e971ba9.h5
measuring signal. ncounts=120.0
"signal" increment series count="2" fit count="1" regressing="True"
action=close, ok=True, locked=[False]
is_closed ('F',) {}
is F () closed?
is closed True
open () {'description': 'CO2 Laser to Jan'}
open name=--- desc=CO2 Laser to Jan
checking ownership. requestor=129.138.12.150
check software interlocks A
interlocks []
actuate state mode=None-script, software_lock=False
doing actuation None-script open_channel False
Open A ===>> OK
GetIndicatorState A ===>> OK
change switch state (True, True)
update switch state A True args=() kw={} ncanvase=2
15:51:19 -- OPEN   VALVE-A (CO2 Laser to Jan)
-------------------------- open None (CO2 Laser to Jan) result=[(True, True)]
action=open, ok=True, locked=[False]
sleep (1,) {}
SLEEP 1.0
starting measurement
close () {'description': 'CO2 Laser to Roughing'}
close name=--- desc=CO2 Laser to Roughing
checking ownership. requestor=129.138.12.150
check software interlocks G
interlocks []
actuate state mode=None-script, software_lock=True
VALVE-G(CO2 Laser to Roughing) software locked
change switch state (True, False)
-------------------------- close None (CO2 Laser to Roughing) result=[(True, False)]
action=close, ok=True, locked=[True]
open () {'description': 'Microbone to Turbo'}
open name=--- desc=Microbone to Turbo
checking ownership. requestor=129.138.12.150
check software interlocks U
interlocks []
actuate state mode=None-script, software_lock=False
doing actuation None-script open_channel True
Open U ===>> OK
GetIndicatorState U ===>> OK
change switch state (True, True)
update switch state U True args=() kw={} ncanvase=2
15:51:21 -- OPEN   VALVE-U (Microbone to Turbo)
-------------------------- open None (Microbone to Turbo) result=[(True, True)]
action=open, ok=True, locked=[False]
open () {'description': 'Microbone to Getter NP-10'}
open name=--- desc=Microbone to Getter NP-10
checking ownership. requestor=129.138.12.150
check software interlocks M
interlocks []
actuate state mode=None-script, software_lock=False
doing actuation None-script open_channel False
Open M ===>> OK
GetIndicatorState M ===>> OK
change switch state (True, True)
update switch state M True args=() kw={} ncanvase=2
15:51:21 -- OPEN   VALVE-M (Microbone to Getter NP-10)
-------------------------- open None (Microbone to Getter NP-10) result=[(True, True)]
action=open, ok=True, locked=[False]
open () {'description': 'Microbone to Getter D-50'}
open name=--- desc=Microbone to Getter D-50
checking ownership. requestor=129.138.12.150
check software interlocks K
interlocks []
actuate state mode=None-script, software_lock=False
doing actuation None-script open_channel False
Open K ===>> OK
GetIndicatorState K ===>> OK
change switch state (True, True)
update switch state K True args=() kw={} ncanvase=2
15:51:22 -- OPEN   VALVE-K (Microbone to Getter D-50)
-------------------------- open None (Microbone to Getter D-50) result=[(True, True)]
action=open, ok=True, locked=[False]
open () {'description': 'Microbone to CO2 Laser'}
open name=--- desc=Microbone to CO2 Laser
checking ownership. requestor=129.138.12.150
check software interlocks T
interlocks []
actuate state mode=None-script, software_lock=False
doing actuation None-script open_channel True
Open T ===>> OK
State checksums do not match. Local:1586150319 Remote:-860229079
State checksum failed
GetIndicatorState T ===>> OK
change switch state (True, True)
update switch state T True args=() kw={} ncanvase=2
15:51:23 -- OPEN   VALVE-T (Microbone to CO2 Laser)
-------------------------- open None (Microbone to CO2 Laser) result=[(True, True)]
action=open, ok=True, locked=[False]
open () {'description': 'Microbone to Inlet Pipette'}
open name=--- desc=Microbone to Inlet Pipette
checking ownership. requestor=129.138.12.150
check software interlocks S
interlocks []
actuate state mode=None-script, software_lock=False
doing actuation None-script open_channel False
Open S ===>> OK
GetIndicatorState S ===>> OK
change switch state (True, True)
update switch state S True args=() kw={} ncanvase=2
15:51:23 -- OPEN   VALVE-S (Microbone to Inlet Pipette)
-------------------------- open None (Microbone to Inlet Pipette) result=[(True, True)]
action=open, ok=True, locked=[False]
sleep (1,) {}
SLEEP 1.0
testing H1<-5.0
evaluate ot="H1.bs<-5.0" t="H1<-5.0", ctx="{'H1': 0.07981651507573914}"
set_resource () {'name': 'CO2PumpTimeFlag', 'value': 30}
Set CO2PumpTimeFlag 30 ===>> OK
release ('JanCO2Flag',) {}
release JanCO2Flag
Set JanCO2Flag 0 ===>> OK
executed snippet estimated_duration=6.0, duration=5.95499515533
PumpMicrobone.py completed successfully
gosub finished
get_resource_value () {'name': 'JanMiniboneFlag'}
Read JanMiniboneFlag ===>> 0
Get Resource Value JanMiniboneFlag=0.0
get resource value 0.0
get_resource_value () {'name': 'JanMiniboneFlag'}
Read JanMiniboneFlag ===>> 0
Get Resource Value JanMiniboneFlag=0.0
executed snippet estimated_duration=4.0, duration=5.96665906906
jan_pump_extraction_line.py completed successfully
Post Equilibration Finished
15:51:25 -- ******* Post Equilibration Finished *******
testing H1<-5.0
evaluate ot="H1.bs<-5.0" t="H1<-5.0", ctx="{'H1': 0.07981651507573914}"
testing H1<-5.0
evaluate ot="H1.bs<-5.0" t="H1<-5.0", ctx="{'H1': 0.07981651507573914}"
testing H1<-5.0
evaluate ot="H1.bs<-5.0" t="H1<-5.0", ctx="{'H1': 0.07981651507573914}"
testing H1<-5.0
evaluate ot="H1.bs<-5.0" t="H1<-5.0", ctx="{'H1': 0.07981651507573914}"
15:51:45 -- collecting point 25
testing H1<-5.0
evaluate ot="H1.bs<-5.0" t="H1<-5.0", ctx="{'H1': 0.07981651507573914}"
testing H1<-5.0
evaluate ot="H1.bs<-5.0" t="H1<-5.0", ctx="{'H1': 0.07981651507573914}"
testing H1<-5.0
evaluate ot="H1.bs<-5.0" t="H1<-5.0", ctx="{'H1': 0.07981651507573914}"
testing H1<-5.0
evaluate ot="H1.bs<-5.0" t="H1<-5.0", ctx="{'H1': 0.07981651507573914}"
testing H1<-5.0
evaluate ot="H1.bs<-5.0" t="H1<-5.0", ctx="{'H1': 0.07981651507573914}"
15:52:11 -- collecting point 50
testing H1<-5.0
evaluate ot="H1.bs<-5.0" t="H1<-5.0", ctx="{'H1': 0.07981651507573914}"
testing H1<-5.0
evaluate ot="H1.bs<-5.0" t="H1<-5.0", ctx="{'H1': 0.07981651507573914}"
testing H1<-5.0
evaluate ot="H1.bs<-5.0" t="H1<-5.0", ctx="{'H1': 0.07981651507573914}"
testing H1<-5.0
evaluate ot="H1.bs<-5.0" t="H1<-5.0", ctx="{'H1': 0.07981651507573914}"
testing H1<-5.0
evaluate ot="H1.bs<-5.0" t="H1<-5.0", ctx="{'H1': 0.07981651507573914}"
15:52:38 -- collecting point 75
testing H1<-5.0
evaluate ot="H1.bs<-5.0" t="H1<-5.0", ctx="{'H1': 0.07981651507573914}"
testing Ar36<0.001
evaluate ot="Ar36.bs_corrected<0.001" t="Ar36<0.001", ctx="{'Ar36': 0.09149000194588178}"
testing H1<-5.0
evaluate ot="H1.bs<-5.0" t="H1<-5.0", ctx="{'H1': 0.07981651507573914}"
testing Ar36<0.001
evaluate ot="Ar36.bs_corrected<0.001" t="Ar36<0.001", ctx="{'Ar36': 0.09112665153641279}"
testing H1<-5.0
evaluate ot="H1.bs<-5.0" t="H1<-5.0", ctx="{'H1': 0.07981651507573914}"
testing Ar36<0.001
evaluate ot="Ar36.bs_corrected<0.001" t="Ar36<0.001", ctx="{'Ar36': 0.09120579097611747}"
testing H1<-5.0
evaluate ot="H1.bs<-5.0" t="H1<-5.0", ctx="{'H1': 0.07981651507573914}"
testing Ar36<0.001
evaluate ot="Ar36.bs_corrected<0.001" t="Ar36<0.001", ctx="{'Ar36': 0.09091103291636037}"
testing H1<-5.0
evaluate ot="H1.bs<-5.0" t="H1<-5.0", ctx="{'H1': 0.07981651507573914}"
testing Ar36<0.001
evaluate ot="Ar36.bs_corrected<0.001" t="Ar36<0.001", ctx="{'Ar36': 0.09089626139442397}"
15:53:04 -- collecting point 100
testing H1<-5.0
evaluate ot="H1.bs<-5.0" t="H1<-5.0", ctx="{'H1': 0.07981651507573914}"
testing Ar36<0.001
evaluate ot="Ar36.bs_corrected<0.001" t="Ar36<0.001", ctx="{'Ar36': 0.09071181835353066}"
testing H1<-5.0
evaluate ot="H1.bs<-5.0" t="H1<-5.0", ctx="{'H1': 0.07981651507573914}"
testing Ar36<0.001
evaluate ot="Ar36.bs_corrected<0.001" t="Ar36<0.001", ctx="{'Ar36': 0.09110099625656018}"
testing H1<-5.0
evaluate ot="H1.bs<-5.0" t="H1<-5.0", ctx="{'H1': 0.07981651507573914}"
testing Ar36<0.001
evaluate ot="Ar36.bs_corrected<0.001" t="Ar36<0.001", ctx="{'Ar36': 0.09098795949018235}"
testing H1<-5.0
evaluate ot="H1.bs<-5.0" t="H1<-5.0", ctx="{'H1': 0.07981651507573914}"
testing Ar36<0.001
evaluate ot="Ar36.bs_corrected<0.001" t="Ar36<0.001", ctx="{'Ar36': 0.09065777971521034}"
waiting for write to finish
measurement finished
estimated time: 125.829 actual time: :126.106
flush and close file /Users/jan/PychronDev/data/isotopes/6f/871ab8-540a-4669-887e-8cb40e971ba9.h5
baselines () {'settling_time': 15.0, 'detector': 'H1', 'mass': 34.2, 'ncounts': 60.0}
%%%%%%%%%%%%%%%%%%%%%%%%%%%%%%%% Baseline
build tables- baseline [Detector(H2), Detector(H1), Detector(AX), Detector(L1), Detector(L2), Detector(CDD)]
add group baseline table H2
add group baseline table H1
add group baseline table AX
add group baseline table L1
add group baseline table L2
add group baseline table CDD
flush and close file /Users/jan/PychronDev/data/isotopes/6f/871ab8-540a-4669-887e-8cb40e971ba9.h5
detector Detector(H1)
POSITION 34.2 H1
Mapping mass to dac mass func: "parabolic"
H1 map mass coeffs = [ -3.11428344e-04   1.33794662e-01   1.02920323e+00]
H1 map mass to dac 34.2 >> 5.24072160773
GetDeflection H1 ===>> 0
GetHighVoltage ===>> 4499.94659342336
positioning 34.2 (5.24069074561) on H1
setting magnet DAC
current  : 5.878575
requested: 5.240691
Delta Dac: 0.637885
Checking detector protection. dv=0.63788
Checking detector "CDD". Protection Threshold: 0.5 (V)
ProtectDetector CDD,On ===>> OK
GetDeflection CDD ===>> 2000
Protected = 2000
SetMagnetDAC 5.24069074561 ===>> OK
Magnet settling time: 0.500 0.500
Magnet settling complete
Wait for magnet to stop moving
GetMagnetMoving ===>> True
GetMagnetMoving ===>> True
GetMagnetMoving ===>> True
GetMagnetMoving ===>> True
GetMagnetMoving ===>> True
GetMagnetMoving ===>> True
GetMagnetMoving ===>> True
GetMagnetMoving ===>> True
GetMagnetMoving ===>> False
Magnet move complete
Unprotect detectors
ProtectDetector CDD,Off ===>> OK
GetDeflection CDD ===>> 50
set_dac. change=True
Delaying 15.0s for detectors to settle
Join finished
measuring baseline. ncounts=60.0
"baseline" increment series count="2" fit count="1" regressing="True"
starting measurement
testing H1<-5.0
evaluate ot="H1.bs<-5.0" t="H1<-5.0", ctx="{'H1': -0.12002019168262365}"
testing H1<-5.0
evaluate ot="H1.bs<-5.0" t="H1<-5.0", ctx="{'H1': -0.03882267765536513}"
testing H1<-5.0
evaluate ot="H1.bs<-5.0" t="H1<-5.0", ctx="{'H1': -0.01365864540945804}"
testing H1<-5.0
evaluate ot="H1.bs<-5.0" t="H1<-5.0", ctx="{'H1': 0.014192653386136511}"
testing H1<-5.0
evaluate ot="H1.bs<-5.0" t="H1<-5.0", ctx="{'H1': 0.030943821403291726}"
15:54:09 -- collecting point 25
testing H1<-5.0
evaluate ot="H1.bs<-5.0" t="H1<-5.0", ctx="{'H1': 0.05271463800875632}"
testing H1<-5.0
evaluate ot="H1.bs<-5.0" t="H1<-5.0", ctx="{'H1': 0.07134780142734813}"
testing H1<-5.0
evaluate ot="H1.bs<-5.0" t="H1<-5.0", ctx="{'H1': 0.07990146924819587}"
testing H1<-5.0
evaluate ot="H1.bs<-5.0" t="H1<-5.0", ctx="{'H1': 0.0895312643977122}"
testing H1<-5.0
evaluate ot="H1.bs<-5.0" t="H1<-5.0", ctx="{'H1': 0.0997774258014885}"
15:54:36 -- collecting point 50
testing H1<-5.0
evaluate ot="H1.bs<-5.0" t="H1<-5.0", ctx="{'H1': 0.10673579492790485}"
testing H1<-5.0
evaluate ot="H1.bs<-5.0" t="H1<-5.0", ctx="{'H1': 0.11249662681620219}"
waiting for write to finish
measurement finished
estimated time: 62.915 actual time: :63.109
flush and close file /Users/jan/PychronDev/data/isotopes/6f/871ab8-540a-4669-887e-8cb40e971ba9.h5
activate_detectors ('H1', 'AX', 'CDD') {'peak_center': True}
peak_center () {'detector': 'H1', 'isotope': 'Ar40'}
peak center: mean=3888.70681081 threshold=5.0
peak center started
setup peak center. detector=['H1', 'AX', 'CDD'], isotope=Ar40
VersionedUnpickler [<apptools.sweet_pickle.versioned_unpickler.VersionedUnpickler object at 0x13e88def0>] using Updater [<apptools.sweet_pickle.updater.Updater object at 0x130d11d10>]
VersionedUnpickler [<apptools.sweet_pickle.versioned_unpickler.VersionedUnpickler object at 0x13e88def0>] using Updater [<apptools.sweet_pickle.updater.Updater object at 0x130d11d10>]
VersionedUnpickler [<apptools.sweet_pickle.versioned_unpickler.VersionedUnpickler object at 0x13e88def0>] using Updater [<apptools.sweet_pickle.updater.Updater object at 0x130d11d10>]
setting integration time = 0.524288
SetIntegrationTime 0.524288 ===>> OK
Mapping mass to dac mass func: "parabolic"
H1 map mass coeffs = [ -3.11428344e-04   1.33794662e-01   1.02920323e+00]
H1 map mass to dac 39.9624 >> 5.87861
GetDeflection H1 ===>> 0
GetHighVoltage ===>> 4499.94659342336
do peak center. <pychron.spectrometer.jobs.peak_center.PeakCenter object at 0x13162e230>
doing pc
starting peak center. center dac= 5.87857538142 step_width=0.001
width = 0.001
get scan parameters. half-width=0.015,window=0.015, i=0, scalar=1
Scan parameters center=5.87858 width=0.03000 (5.86358 - 5.89358)
Moving to starting dac 5.86357538142
setting magnet DAC
current  : 5.240691
requested: 5.863575
Delta Dac: 0.622885
Checking detector protection. dv=0.62288
Checking detector "CDD". Protection Threshold: 0.5 (V)
ProtectDetector CDD,On ===>> OK
GetDeflection CDD ===>> 2000
Protected = 2000
SetMagnetDAC 5.86357538142 ===>> OK
Magnet settling time: 0.500 0.500
Magnet settling complete
Wait for magnet to stop moving
GetMagnetMoving ===>> True
GetMagnetMoving ===>> True
GetMagnetMoving ===>> True
GetMagnetMoving ===>> True
GetMagnetMoving ===>> True
GetMagnetMoving ===>> True
GetMagnetMoving ===>> True
GetMagnetMoving ===>> True
GetMagnetMoving ===>> True
GetMagnetMoving ===>> True
GetMagnetMoving ===>> True
GetMagnetMoving ===>> True
GetMagnetMoving ===>> False
Magnet move complete
Unprotect detectors
ProtectDetector CDD,Off ===>> OK
GetDeflection CDD ===>> 50
set_dac. change=True
Wait until signal near baseline. tol= 0.135407120583. timeout= 10
Peak center failed to move to a baseline position
_do_sweep sm= 5.86357538142, em= 5.89357538142, stm= 0.001
calculated step values: start=5.86357538142, end=5.89357538142, width=0.001, nsteps=31.0
setting magnet DAC
current  : 5.863575
requested: 5.863575
Delta Dac: 0.000000
Checking detector protection. dv=0.00000
Checking detector "CDD". Protection Threshold: 0.5 (V)
SetMagnetDAC 5.86357538142 ===>> OK
set_dac. change=False
setting magnet DAC
current  : 5.863575
requested: 5.864610
Delta Dac: 0.001034
Checking detector protection. dv=0.00103
Checking detector "CDD". Protection Threshold: 0.5 (V)
SetMagnetDAC 5.86460986418 ===>> OK
Magnet settling time: 1.049 0.500
Magnet settling complete
set_dac. change=True
setting magnet DAC
current  : 5.864610
requested: 5.865644
Delta Dac: 0.001034
Checking detector protection. dv=0.00103
Checking detector "CDD". Protection Threshold: 0.5 (V)
SetMagnetDAC 5.86564434693 ===>> OK
Magnet settling time: 1.049 0.500
Magnet settling complete
set_dac. change=True
setting magnet DAC
current  : 5.865644
requested: 5.866679
Delta Dac: 0.001034
Checking detector protection. dv=0.00103
Checking detector "CDD". Protection Threshold: 0.5 (V)
SetMagnetDAC 5.86667882969 ===>> OK
Magnet settling time: 1.049 0.500
Magnet settling complete
set_dac. change=True
setting magnet DAC
current  : 5.866679
requested: 5.867713
Delta Dac: 0.001034
Checking detector protection. dv=0.00103
Checking detector "CDD". Protection Threshold: 0.5 (V)
SetMagnetDAC 5.86771331245 ===>> OK
Magnet settling time: 1.049 0.500
Magnet settling complete
set_dac. change=True
setting magnet DAC
current  : 5.867713
requested: 5.868748
Delta Dac: 0.001034
Checking detector protection. dv=0.00103
Checking detector "CDD". Protection Threshold: 0.5 (V)
SetMagnetDAC 5.86874779521 ===>> OK
Magnet settling time: 1.049 0.500
Magnet settling complete
set_dac. change=True
setting magnet DAC
current  : 5.868748
requested: 5.869782
Delta Dac: 0.001034
Checking detector protection. dv=0.00103
Checking detector "CDD". Protection Threshold: 0.5 (V)
SetMagnetDAC 5.86978227797 ===>> OK
Magnet settling time: 1.049 0.500
Magnet settling complete
set_dac. change=True
setting magnet DAC
current  : 5.869782
requested: 5.870817
Delta Dac: 0.001034
Checking detector protection. dv=0.00103
Checking detector "CDD". Protection Threshold: 0.5 (V)
SetMagnetDAC 5.87081676073 ===>> OK
Magnet settling time: 1.049 0.500
Magnet settling complete
set_dac. change=True
setting magnet DAC
current  : 5.870817
requested: 5.871851
Delta Dac: 0.001034
Checking detector protection. dv=0.00103
Checking detector "CDD". Protection Threshold: 0.5 (V)
SetMagnetDAC 5.87185124349 ===>> OK
Magnet settling time: 1.049 0.500
Magnet settling complete
set_dac. change=True
setting magnet DAC
current  : 5.871851
requested: 5.872886
Delta Dac: 0.001034
Checking detector protection. dv=0.00103
Checking detector "CDD". Protection Threshold: 0.5 (V)
SetMagnetDAC 5.87288572624 ===>> OK
Magnet settling time: 1.049 0.500
Magnet settling complete
set_dac. change=True
setting magnet DAC
current  : 5.872886
requested: 5.873920
Delta Dac: 0.001034
Checking detector protection. dv=0.00103
Checking detector "CDD". Protection Threshold: 0.5 (V)
SetMagnetDAC 5.873920209 ===>> OK
Magnet settling time: 1.049 0.500
Magnet settling complete
set_dac. change=True
setting magnet DAC
current  : 5.873920
requested: 5.874955
Delta Dac: 0.001034
Checking detector protection. dv=0.00103
Checking detector "CDD". Protection Threshold: 0.5 (V)
SetMagnetDAC 5.87495469176 ===>> OK
Magnet settling time: 1.049 0.500
Magnet settling complete
set_dac. change=True
setting magnet DAC
current  : 5.874955
requested: 5.875989
Delta Dac: 0.001034
Checking detector protection. dv=0.00103
Checking detector "CDD". Protection Threshold: 0.5 (V)
SetMagnetDAC 5.87598917452 ===>> OK
Magnet settling time: 1.049 0.500
Magnet settling complete
set_dac. change=True
setting magnet DAC
current  : 5.875989
requested: 5.877024
Delta Dac: 0.001034
Checking detector protection. dv=0.00103
Checking detector "CDD". Protection Threshold: 0.5 (V)
SetMagnetDAC 5.87702365728 ===>> OK
Magnet settling time: 1.049 0.500
Magnet settling complete
set_dac. change=True
setting magnet DAC
current  : 5.877024
requested: 5.878058
Delta Dac: 0.001034
Checking detector protection. dv=0.00103
Checking detector "CDD". Protection Threshold: 0.5 (V)
SetMagnetDAC 5.87805814004 ===>> OK
Magnet settling time: 1.049 0.500
Magnet settling complete
set_dac. change=True
setting magnet DAC
current  : 5.878058
requested: 5.879093
Delta Dac: 0.001034
Checking detector protection. dv=0.00103
Checking detector "CDD". Protection Threshold: 0.5 (V)
SetMagnetDAC 5.8790926228 ===>> OK
Magnet settling time: 1.049 0.500
Magnet settling complete
set_dac. change=True
setting magnet DAC
current  : 5.879093
requested: 5.880127
Delta Dac: 0.001034
Checking detector protection. dv=0.00103
Checking detector "CDD". Protection Threshold: 0.5 (V)
SetMagnetDAC 5.88012710555 ===>> OK
Magnet settling time: 1.049 0.500
Magnet settling complete
set_dac. change=True
setting magnet DAC
current  : 5.880127
requested: 5.881162
Delta Dac: 0.001034
Checking detector protection. dv=0.00103
Checking detector "CDD". Protection Threshold: 0.5 (V)
SetMagnetDAC 5.88116158831 ===>> OK
Magnet settling time: 1.049 0.500
Magnet settling complete
set_dac. change=True
setting magnet DAC
current  : 5.881162
requested: 5.882196
Delta Dac: 0.001034
Checking detector protection. dv=0.00103
Checking detector "CDD". Protection Threshold: 0.5 (V)
SetMagnetDAC 5.88219607107 ===>> OK
Magnet settling time: 1.049 0.500
Magnet settling complete
set_dac. change=True
setting magnet DAC
current  : 5.882196
requested: 5.883231
Delta Dac: 0.001034
Checking detector protection. dv=0.00103
Checking detector "CDD". Protection Threshold: 0.5 (V)
SetMagnetDAC 5.88323055383 ===>> OK
Magnet settling time: 1.049 0.500
Magnet settling complete
set_dac. change=True
setting magnet DAC
current  : 5.883231
requested: 5.884265
Delta Dac: 0.001034
Checking detector protection. dv=0.00103
Checking detector "CDD". Protection Threshold: 0.5 (V)
SetMagnetDAC 5.88426503659 ===>> OK
Magnet settling time: 1.049 0.500
Magnet settling complete
set_dac. change=True
setting magnet DAC
current  : 5.884265
requested: 5.885300
Delta Dac: 0.001034
Checking detector protection. dv=0.00103
Checking detector "CDD". Protection Threshold: 0.5 (V)
SetMagnetDAC 5.88529951935 ===>> OK
Magnet settling time: 1.049 0.500
Magnet settling complete
set_dac. change=True
setting magnet DAC
current  : 5.885300
requested: 5.886334
Delta Dac: 0.001034
Checking detector protection. dv=0.00103
Checking detector "CDD". Protection Threshold: 0.5 (V)
SetMagnetDAC 5.88633400211 ===>> OK
Magnet settling time: 1.049 0.500
Magnet settling complete
set_dac. change=True
setting magnet DAC
current  : 5.886334
requested: 5.887368
Delta Dac: 0.001034
Checking detector protection. dv=0.00103
Checking detector "CDD". Protection Threshold: 0.5 (V)
SetMagnetDAC 5.88736848487 ===>> OK
Magnet settling time: 1.049 0.500
Magnet settling complete
set_dac. change=True
setting magnet DAC
current  : 5.887368
requested: 5.888403
Delta Dac: 0.001034
Checking detector protection. dv=0.00103
Checking detector "CDD". Protection Threshold: 0.5 (V)
SetMagnetDAC 5.88840296762 ===>> OK
Magnet settling time: 1.049 0.500
Magnet settling complete
set_dac. change=True
setting magnet DAC
current  : 5.888403
requested: 5.889437
Delta Dac: 0.001034
Checking detector protection. dv=0.00103
Checking detector "CDD". Protection Threshold: 0.5 (V)
SetMagnetDAC 5.88943745038 ===>> OK
Magnet settling time: 1.049 0.500
Magnet settling complete
set_dac. change=True
setting magnet DAC
current  : 5.889437
requested: 5.890472
Delta Dac: 0.001034
Checking detector protection. dv=0.00103
Checking detector "CDD". Protection Threshold: 0.5 (V)
SetMagnetDAC 5.89047193314 ===>> OK
Magnet settling time: 1.049 0.500
Magnet settling complete
set_dac. change=True
setting magnet DAC
current  : 5.890472
requested: 5.891506
Delta Dac: 0.001034
Checking detector protection. dv=0.00103
Checking detector "CDD". Protection Threshold: 0.5 (V)
SetMagnetDAC 5.8915064159 ===>> OK
Magnet settling time: 1.049 0.500
Magnet settling complete
set_dac. change=True
setting magnet DAC
current  : 5.891506
requested: 5.892541
Delta Dac: 0.001034
Checking detector protection. dv=0.00103
Checking detector "CDD". Protection Threshold: 0.5 (V)
SetMagnetDAC 5.89254089866 ===>> OK
Magnet settling time: 1.049 0.500
Magnet settling complete
set_dac. change=True
setting magnet DAC
current  : 5.892541
requested: 5.893575
Delta Dac: 0.001034
Checking detector protection. dv=0.00103
Checking detector "CDD". Protection Threshold: 0.5 (V)
SetMagnetDAC 5.89357538142 ===>> OK
Magnet settling time: 1.049 0.500
Magnet settling complete
set_dac. change=True
result of _do_sweep=True
result of _calculate_peak_center=([5.8711204715973171, 5.8788158623788798, 5.8865112531604424], [2721.2775495083697, 3715.2964413019581, 2749.1907871726057], 5.8765613533608443, 3715.2964413019581)
Failed to find a valid peak. No peak greater than 1.0. max = 0.104708731892
new center pos Detector(H1) (Ar40) @ 5.87881586238
GetHighVoltage ===>> 4499.94659342336
GetDeflection H1 ===>> 0
dac uncorrected for HV and deflection 5.87885048238
update mftable H1 Ar40 5.87885048238 message=automated run peakcenter
get initial guess parabolic
get initial guess parabolic
get initial guess parabolic
get initial guess parabolic
get initial guess parabolic
get initial guess parabolic
dump mftable to /Users/jan/PychronDev/setupfiles/spectrometer/mftables/mftable.csv
add to repo msg=modified - automated run peakcenter
sweep finished
locally archiving mftable
setting magnet DAC
current  : 5.893575
requested: 5.878816
Delta Dac: 0.014760
Checking detector protection. dv=0.01476
Checking detector "CDD". Protection Threshold: 0.5 (V)
SetMagnetDAC 5.87881586238 ===>> OK
Magnet settling time: 0.500 0.500
Magnet settling complete
set_dac. change=True
setting integration time = 1.048576
SetIntegrationTime 1.048576 ===>> OK
Failed to find a valid peak. No peak greater than 1.0. max = 0.104708731892
flush and close file /Users/jan/PychronDev/data/isotopes/6f/871ab8-540a-4669-887e-8cb40e971ba9.h5
finished measure script
executed snippet estimated_duration=222.56, duration=309.212926865
jan_co2_whiff_120_60_large.py completed successfully
Measurement Finished
15:55:35 -- ******* Measurement Finished *******
Post Measurement Started jan_pump_ms.py
15:55:35 -- ******* Post Measurement Started jan_pump_ms.py *******
testing...
no interpolation path defined
executed snippet estimated_duration=0, duration=2.69412994385e-05
Pumping spectrometer
open () {'name': 'O'}
open name=O desc=---
checking ownership. requestor=129.138.12.150
check software interlocks O
interlocks []
actuate state mode=None-script, software_lock=False
doing actuation None-script open_channel True
Open O ===>> OK
GetIndicatorState O ===>> OK
change switch state (True, True)
update switch state O True args=() kw={} ncanvase=2
15:55:35 -- OPEN   VALVE-O (Jan Ion Pump)
-------------------------- open O () result=[(True, True)]
action=open, ok=True, locked=[False]
executed snippet estimated_duration=0, duration=0.35012793541
jan_pump_ms.py completed successfully
setting _ms_pumptime
Post Measurement Finished
15:55:35 -- ******* Post Measurement Finished *******
$$$$$$$$$$$$$$$$$$$$ state at run end measurement
state changed from measurement to success
post measurement save measured=True aborted=False
Set filtering
setting fod for Ar41= {'filter_outliers': True, 'std_devs': 2, 'iterations': 1}
setting fod for H2= {'filter_outliers': True, 'std_devs': 2, 'iterations': 1}
setting fod for Ar40= {'filter_outliers': True, 'std_devs': 2, 'iterations': 1}
setting fod for H1= {'filter_outliers': True, 'std_devs': 2, 'iterations': 1}
setting fod for Ar36= {'filter_outliers': True, 'std_devs': 2, 'iterations': 1}
setting fod for CDD= {'filter_outliers': True, 'std_devs': 10, 'iterations': 1}
setting fod for Ar37= {'filter_outliers': True, 'std_devs': 2, 'iterations': 1}
setting fod for L2= {'filter_outliers': True, 'std_devs': 2, 'iterations': 1}
setting fod for Ar38= {'filter_outliers': True, 'std_devs': 2, 'iterations': 1}
setting fod for L1= {'filter_outliers': True, 'std_devs': 2, 'iterations': 1}
setting fod for Ar39= {'filter_outliers': True, 'std_devs': 2, 'iterations': 1}
setting fod for AX= {'filter_outliers': True, 'std_devs': 2, 'iterations': 1}
not connected to db mysql://janexp@129.138.12.160/labspy
Enviromentals: {'lab_humiditys': [{'device': 'EnvironmentalMonitor',
                    'name': 'Lab Hum.',
                    'pub_date': '2017-08-15T15:52:45',
                    'title': 'iServer Hum.',
                    'value': 34.7}],
 'lab_pneumatics': [{'device': 'AirPressure',
                     'name': 'Pressure',
                     'pub_date': '2017-08-15T15:55:16',
                     'title': None,
                     'value': 82.8},
                    {'device': 'AirPressure2',
                     'name': 'Pressure2',
                     'pub_date': '2017-08-15T15:55:36',
                     'title': None,
                     'value': 78.81796}],
 'lab_temperatures': [{'device': 'EnvironmentalMonitor',
                       'name': 'Lab Temp.',
                       'pub_date': '2017-08-15T15:07:02',
                       'title': 'iServer Temp.',
                       'value': 73.5},
                      {'device': 'Chiller',
                       'name': 'Coolant Temp.',
                       'pub_date': '2017-08-15T15:37:25',
                       'title': None,
                       'value': 18.0}]}
persistence save...
persistence save - db
post measurement save
5223921520 connecting to database sqlite://@/
connected to db sqlite://@/
create new session 5223921520
close session 5223921520
No database instance. Not saving post measurement to isotopedb database
$$$$$$$$$$$$$$$ auto_save_detector_ic=False
massspec enabled True
create new session 4981422800
MassSpec Database Version: 16.0
close session 4981422800
saving post measurement to secondary database
saving to massspec database 129.138.12.160/massspecdata
setting labnumber to 65804
setting aliquot to 22
setting step to 
setting uuid to 6f871ab8-540a-4669-887e-8cb40e971ba9
setting irradpos to 65804
setting extract_device to Fusions CO2
setting tray to 
setting position to 103
setting power_requested to 5.0
setting extract_value to 5.0
setting duration to 30.0
setting duration_at_request to 30.0
setting first_stage_delay to 30.0
setting cleanup to 30.0
setting comment to D:2
setting irradiation to NM-291
setting level to D
setting irradiation_level to D
setting sample to Og-15
setting material to Sanidine
setting project to IR1009
setting mass_spectrometer to Jan
no attribute chron_dosages
no attribute production_ratios
no attribute interference_corrections
no attribute production_name
no attribute j
Reference Isotope=Ar40
Reference Detector=H1
%%%%%%%%%%%%%%%%%%%% Comment: D:2 %%%%%%%%%%%%%%%%%%%
adding isotope Ar41 H2
add baseline dbdet= Ar41. original det= H2
get baseline data Ar41 H2
Get data baseline <pychron.processing.isotope.Baseline object at 0x12607de50> len t=60
baseline Ar41. v=-0.100194906542, e=0.00422113961297
get signal data Ar41 H2
Get data signal Ar41 0.1978+/-0.0033 len t=120
adding isotope Ar40 H1
add baseline dbdet= Ar40. original det= H1
get baseline data Ar40 H1
Get data baseline <pychron.processing.isotope.Baseline object at 0x13ddb2110> len t=60
baseline Ar40. v=0.128780282901, e=0.0100436556937
get signal data Ar40 H1
Get data signal Ar40 4058.98+/-0.15 len t=120
adding isotope Ar39 AX
add baseline dbdet= Ar39. original det= AX
get baseline data Ar39 AX
Get data baseline <pychron.processing.isotope.Baseline object at 0x13ddb2410> len t=60
baseline Ar39. v=-0.0315314792639, e=0.00698626690488
get signal data Ar39 AX
Get data signal Ar39 38.889+/-0.015 len t=120
adding isotope Ar38 L1
add baseline dbdet= Ar38. original det= L1
get baseline data Ar38 L1
Get data baseline <pychron.processing.isotope.Baseline object at 0x13ddb2610> len t=60
baseline Ar38. v=-0.0265152688215, e=0.00263170542007
get signal data Ar38 L1
Get data signal Ar38 0.531+/-0.005 len t=120
adding isotope Ar37 L2
add baseline dbdet= Ar37. original det= L2
get baseline data Ar37 L2
Get data baseline <pychron.processing.isotope.Baseline object at 0x13ddb2210> len t=60
baseline Ar37. v=-0.00948580472852, e=0.00510467176549
get signal data Ar37 L2
Get data signal Ar37 0.082+/-0.010 len t=120
adding isotope Ar36 CDD
add baseline dbdet= Ar36. original det= CDD
get baseline data Ar36 CDD
Get data baseline <pychron.processing.isotope.Baseline object at 0x13ddb2890> len t=60
baseline Ar36. v=0.000763977326693, e=4.03303506282e-05
get signal data Ar36 CDD
Get data signal Ar36 0.0897+/-0.0008 len t=120
65804-22 added analysis time 0.498080015182s
analysis added to mass spec database
mass spec save time= 0.509
persistence save - dvc
================= post measurement started
create new session 4941776560
close session 4941776560
---------------- Experiment Queue saving disabled
DVC saving peakcenter
Failed to find a valid peak. No peak greater than 1.0. max = 0.104708731892
Smart pull ahead: 0 behind: 0
Up-to-date with origin
add to repo msg=modified - ad8224ebc6dbfeb9f5997218dfa5fe690569839d.json
add to repo msg=modified - 04-22.json
add to repo msg=modified - 04-22.dat.json
add to repo msg=modified - 04-22.blan.json
add to repo msg=modified - 04-22.inte.json
add to repo msg=modified - 04-22.icfa.json
add to repo msg=modified - 04-22.base.json
not at valid file /Users/jan/PychronDev/data/.dvc/repositories/IR1009/658/tags/04-22.tags.json
add to repo msg=modified - 04-22.peak.json
add to repo msg=modified - 04-22.extr.json
not at valid file /Users/jan/PychronDev/data/.dvc/repositories/IR1009/658/monitor/04-22.moni.json
commit message=<COLLECTION>
add to repo msg=modified - 04-22.inte.json
add to repo msg=modified - 04-22.base.json
commit message=<ISOEVO> default collection fits
add to repo msg=modified - 04-22.blan.json
commit message=<BLANKS> preceding ba-01-J-2742
add to repo msg=modified - 04-22.icfa.json
commit message=<ICFactor> default
push repository <pychron.git_archive.repo_manager.GitRepoManager object at 0x13d8c6d10>
pushing to remote=origin, url=https://github.com
no changes to meta repo
create new session 4941776560
add association IR1009
get identifier "65804"
setting analysis irradiation position=<pychron.dvc.dvc_orm.IrradiationPositionTbl object at 0x132f7b1d0>
close session 4941776560
================= post measurement finished
15:55:50 -- ******* Post Run Check *******
loading queue conditionals post_run_actions
loading system conditionals post_run_actions
loading conditionals from /Users/jan/PychronDev/setupfiles/spectrometer/default_conditionals.yaml
loading queue conditionals post_run_terminations
loading system conditionals post_run_terminations
loading conditionals from /Users/jan/PychronDev/setupfiles/spectrometer/default_conditionals.yaml
Checking default post run terminations n=1
GetDeflection CDD ===>> 50
testing CDD==2000
evaluate ot="CDD.deflection==2000" t="CDD==2000", ctx="{'CDD': 50.0}"
15:55:50 -- ******* Post Run Check Passed *******
15:55:50 -- Automated run 65804-22 success duration: 419.917 s
----------------- finish -----------------
----------------- stop -----------------
retroactive repository identifiers disabled
finish run. runs completed=7
update duration runid=65804-22, duration=419.916655779, md5=3d9034cf
loading script "jan_co2_whiff_120_60_large.py"
loading script "jan_pump_ms.py"
loading script "jan_co2.py"
loading script "jan_pump_extraction_line.py"
testing...
no interpolation path defined
executed snippet estimated_duration=201.56, duration=0.000832080841064
script duration name:co2_whiff_120_60_large seconds:202.0
loading script "jan_co2_whiff_120_60_large.py"
loading script "jan_pump_ms.py"
loading script "jan_co2.py"
loading script "jan_pump_extraction_line.py"
testing...
no interpolation path defined
executed snippet estimated_duration=0, duration=5.19752502441e-05
loading script "jan_co2_whiff_120_60_large.py"
loading script "jan_pump_ms.py"
loading script "jan_co2.py"
loading script "jan_pump_extraction_line.py"
testing...
no interpolation path defined
calculate duration
testing...
no interpolation path defined
executed snippet estimated_duration=0, duration=5.31673431396e-05
calculate duration
testing...
no interpolation path defined
executed snippet estimated_duration=0, duration=0.000116109848022
executed snippet estimated_duration=0.0, duration=0.0104448795319
script duration name:co2 seconds:0.0
loading script "jan_co2_whiff_120_60_large.py"
loading script "jan_pump_ms.py"
loading script "jan_co2.py"
loading script "jan_pump_extraction_line.py"
testing...
no interpolation path defined
calculate duration
testing...
no interpolation path defined
executed snippet estimated_duration=4.0, duration=0.000178098678589
executed snippet estimated_duration=4.0, duration=0.00387597084045
Script duration 202.0
Run total estimated duration= 203.000
co2_whiff_120_60_large in script context. using previous estimated duration
script duration name:co2_whiff_120_60_large seconds:202.0
pump_ms in script context. using previous estimated duration
co2 in script context. using previous estimated duration
script duration name:co2 seconds:0.0
pump_extraction_line in script context. using previous estimated duration
Script duration 202.0
Run total estimated duration= 203.000
script duration name:co2_whiff_120_60_large seconds:202.0
script duration name:co2 seconds:0.0
Script duration 202.0
Run total estimated duration= 203.000
script duration name:co2_whiff_120_60_large seconds:202.0
script duration name:co2 seconds:0.0
Script duration 202.0
Run total estimated duration= 203.000
loading script "jan_unknown400_120.py"
loading script "jan_pump_ms.py"
loading script "jan_co2.py"
loading script "jan_pump_extraction_line.py"
testing...
no interpolation path defined
executed snippet estimated_duration=539.8, duration=0.000182151794434
script duration name:unknown400_120 seconds:540.0
script duration name:co2 seconds:0.0
Script duration 540.0
Run total estimated duration= 541.000
unknown400_120 in script context. using previous estimated duration
script duration name:unknown400_120 seconds:540.0
loading script "jan_unknown400_120.py"
loading script "jan_pump_ms.py"
loading script "jan_cocktail_x1.py"
loading script "jan_pump_extraction_line.py"
testing...
no interpolation path defined
calculate duration
testing...
no interpolation path defined
executed snippet estimated_duration=0, duration=5.31673431396e-05
calculate duration
testing...
no interpolation path defined
executed snippet estimated_duration=0, duration=0.000124931335449
calculate duration
testing...
no interpolation path defined
executed snippet estimated_duration=32.0, duration=0.000103950500488
calculate duration
testing...
no interpolation path defined
executed snippet estimated_duration=34.0, duration=0.000112056732178
calculate duration
testing...
no interpolation path defined
executed snippet estimated_duration=4.0, duration=8.10623168945e-05
calculate duration
testing...
no interpolation path defined
executed snippet estimated_duration=38.0, duration=0.000108003616333
executed snippet estimated_duration=108.0, duration=0.0127780437469
script duration name:cocktail_x1 seconds:108.0
Script duration 648.0
Run total estimated duration= 649.000
script duration name:unknown400_120 seconds:540.0
cocktail_x1 in script context. using previous estimated duration
script duration name:cocktail_x1 seconds:108.0
Script duration 648.0
Run total estimated duration= 649.000
script duration name:co2_whiff_120_60_large seconds:202.0
script duration name:co2 seconds:0.0
Script duration 202.0
Run total estimated duration= 203.000
script duration name:co2_whiff_120_60_large seconds:202.0
script duration name:co2 seconds:0.0
Script duration 202.0
Run total estimated duration= 203.000
script duration name:co2_whiff_120_60_large seconds:202.0
script duration name:co2 seconds:0.0
Script duration 202.0
Run total estimated duration= 203.000
script duration name:co2_whiff_120_60_large seconds:202.0
script duration name:co2 seconds:0.0
Script duration 202.0
Run total estimated duration= 203.000
script duration name:co2_whiff_120_60_large seconds:202.0
script duration name:co2 seconds:0.0
Script duration 202.0
Run total estimated duration= 203.000
script duration name:co2_whiff_120_60_large seconds:202.0
script duration name:co2 seconds:0.0
Script duration 202.0
Run total estimated duration= 203.000
script duration name:co2_whiff_120_60_large seconds:202.0
script duration name:co2 seconds:0.0
Script duration 202.0
Run total estimated duration= 203.000
script duration name:unknown400_120 seconds:540.0
loading script "jan_unknown400_120.py"
loading script "jan_pump_ms.py"
loading script "jan_sniffair_x2.py"
loading script "jan_pump_extraction_line.py"
testing...
no interpolation path defined
calculate duration
testing...
no interpolation path defined
executed snippet estimated_duration=0, duration=6.60419464111e-05
calculate duration
testing...
no interpolation path defined
executed snippet estimated_duration=0, duration=0.000118970870972
calculate duration
testing...
no interpolation path defined
executed snippet estimated_duration=32.0, duration=0.000148057937622
calculate duration
testing...
no interpolation path defined
executed snippet estimated_duration=34.0, duration=0.0001220703125
calculate duration
testing...
no interpolation path defined
executed snippet estimated_duration=4.0, duration=7.41481781006e-05
calculate duration
testing...
no interpolation path defined
executed snippet estimated_duration=36.0, duration=0.000115871429443
calculate duration
testing...
no interpolation path defined
executed snippet estimated_duration=34.0, duration=0.000124931335449
calculate duration
testing...
no interpolation path defined
executed snippet estimated_duration=4.0, duration=7.48634338379e-05
calculate duration
testing...
no interpolation path defined
executed snippet estimated_duration=36.0, duration=9.79900360107e-05
calculate duration
testing...
no interpolation path defined
executed snippet estimated_duration=70.0, duration=0.000112056732178
executed snippet estimated_duration=250.0, duration=0.0399651527405
script duration name:sniffair_x2 seconds:250.0
Script duration 790.0
Run total estimated duration= 791.000
script duration name:co2_whiff_120_60_large seconds:202.0
script duration name:co2 seconds:0.0
Script duration 202.0
Run total estimated duration= 203.000
script duration name:co2_whiff_120_60_large seconds:202.0
script duration name:co2 seconds:0.0
Script duration 202.0
Run total estimated duration= 203.000
script duration name:co2_whiff_120_60_large seconds:202.0
script duration name:co2 seconds:0.0
Script duration 202.0
Run total estimated duration= 203.000
script duration name:co2_whiff_120_60_large seconds:202.0
script duration name:co2 seconds:0.0
Script duration 202.0
Run total estimated duration= 203.000
script duration name:co2_whiff_120_60_large seconds:202.0
script duration name:co2 seconds:0.0
Script duration 202.0
Run total estimated duration= 203.000
script duration name:co2_whiff_120_60_large seconds:202.0
script duration name:co2 seconds:0.0
Script duration 202.0
Run total estimated duration= 203.000
script duration name:co2_whiff_120_60_large seconds:202.0
script duration name:co2 seconds:0.0
Script duration 202.0
Run total estimated duration= 203.000
script duration name:co2_whiff_120_60_large seconds:202.0
script duration name:co2 seconds:0.0
Script duration 202.0
Run total estimated duration= 203.000
script duration name:unknown400_120 seconds:540.0
script duration name:co2 seconds:0.0
Script duration 540.0
Run total estimated duration= 541.000
script duration name:unknown400_120 seconds:540.0
script duration name:cocktail_x1 seconds:108.0
Script duration 648.0
Run total estimated duration= 649.000
script duration name:unknown400_120 seconds:540.0
script duration name:cocktail_x1 seconds:108.0
Script duration 648.0
Run total estimated duration= 649.000
script duration name:unknown400_120 seconds:540.0
sniffair_x2 in script context. using previous estimated duration
script duration name:sniffair_x2 seconds:250.0
Script duration 790.0
Run total estimated duration= 791.000
script duration name:co2_whiff_120_60_large seconds:202.0
script duration name:co2 seconds:0.0
Script duration 202.0
Run total estimated duration= 203.000
script duration name:co2_whiff_120_60_large seconds:202.0
script duration name:co2 seconds:0.0
Script duration 202.0
Run total estimated duration= 203.000
script duration name:co2_whiff_120_60_large seconds:202.0
script duration name:co2 seconds:0.0
Script duration 202.0
Run total estimated duration= 203.000
script duration name:co2_whiff_120_60_large seconds:202.0
script duration name:co2 seconds:0.0
Script duration 202.0
Run total estimated duration= 203.000
script duration name:co2_whiff_120_60_large seconds:202.0
script duration name:co2 seconds:0.0
Script duration 202.0
Run total estimated duration= 203.000
script duration name:co2_whiff_120_60_large seconds:202.0
script duration name:co2 seconds:0.0
Script duration 202.0
Run total estimated duration= 203.000
script duration name:co2_whiff_120_60_large seconds:202.0
script duration name:co2 seconds:0.0
Script duration 202.0
Run total estimated duration= 203.000
script duration name:co2_whiff_120_60_large seconds:202.0
script duration name:co2 seconds:0.0
Script duration 202.0
Run total estimated duration= 203.000
script duration name:co2_whiff_120_60_large seconds:202.0
script duration name:co2 seconds:0.0
Script duration 202.0
Run total estimated duration= 203.000
script duration name:co2_whiff_120_60_large seconds:202.0
script duration name:co2 seconds:0.0
Script duration 202.0
Run total estimated duration= 203.000
script duration name:co2_whiff_120_60_large seconds:202.0
script duration name:co2 seconds:0.0
Script duration 202.0
Run total estimated duration= 203.000
script duration name:co2_whiff_120_60_large seconds:202.0
script duration name:co2 seconds:0.0
Script duration 202.0
Run total estimated duration= 203.000
script duration name:co2_whiff_120_60_large seconds:202.0
script duration name:co2 seconds:0.0
Script duration 202.0
Run total estimated duration= 203.000
script duration name:co2_whiff_120_60_large seconds:202.0
script duration name:co2 seconds:0.0
Script duration 202.0
Run total estimated duration= 203.000
script duration name:co2_whiff_120_60_large seconds:202.0
script duration name:co2 seconds:0.0
Script duration 202.0
Run total estimated duration= 203.000
script duration name:unknown400_120 seconds:540.0
script duration name:co2 seconds:0.0
Script duration 540.0
Run total estimated duration= 541.000
script duration name:unknown400_120 seconds:540.0
script duration name:cocktail_x1 seconds:108.0
Script duration 648.0
Run total estimated duration= 649.000
script duration name:unknown400_120 seconds:540.0
script duration name:cocktail_x1 seconds:108.0
Script duration 648.0
Run total estimated duration= 649.000
script duration name:co2_whiff_120_60_large seconds:202.0
script duration name:co2 seconds:0.0
Script duration 202.0
Run total estimated duration= 203.000
script duration name:co2_whiff_120_60_large seconds:202.0
script duration name:co2 seconds:0.0
Script duration 202.0
Run total estimated duration= 203.000
script duration name:co2_whiff_120_60_large seconds:202.0
script duration name:co2 seconds:0.0
Script duration 202.0
Run total estimated duration= 203.000
script duration name:co2_whiff_120_60_large seconds:202.0
script duration name:co2 seconds:0.0
Script duration 202.0
Run total estimated duration= 203.000
script duration name:co2_whiff_120_60_large seconds:202.0
script duration name:co2 seconds:0.0
Script duration 202.0
Run total estimated duration= 203.000
script duration name:unknown400_120 seconds:540.0
script duration name:sniffair_x2 seconds:250.0
Script duration 790.0
Run total estimated duration= 791.000
script duration name:unknown400_120 seconds:540.0
script duration name:sniffair_x2 seconds:250.0
Script duration 790.0
Run total estimated duration= 791.000
script duration name:co2_whiff_120_60_large seconds:202.0
script duration name:co2 seconds:0.0
Script duration 202.0
Run total estimated duration= 203.000
script duration name:co2_whiff_120_60_large seconds:202.0
script duration name:co2 seconds:0.0
Script duration 202.0
Run total estimated duration= 203.000
script duration name:co2_whiff_120_60_large seconds:202.0
script duration name:co2 seconds:0.0
Script duration 202.0
Run total estimated duration= 203.000
script duration name:co2_whiff_120_60_large seconds:202.0
script duration name:co2 seconds:0.0
Script duration 202.0
Run total estimated duration= 203.000
script duration name:co2_whiff_120_60_large seconds:202.0
script duration name:co2 seconds:0.0
Script duration 202.0
Run total estimated duration= 203.000
script duration name:co2_whiff_120_60_large seconds:202.0
script duration name:co2 seconds:0.0
Script duration 202.0
Run total estimated duration= 203.000
script duration name:co2_whiff_120_60_large seconds:202.0
script duration name:co2 seconds:0.0
Script duration 202.0
Run total estimated duration= 203.000
script duration name:co2_whiff_120_60_large seconds:202.0
script duration name:co2 seconds:0.0
Script duration 202.0
Run total estimated duration= 203.000
script duration name:co2_whiff_120_60_large seconds:202.0
script duration name:co2 seconds:0.0
Script duration 202.0
Run total estimated duration= 203.000
script duration name:co2_whiff_120_60_large seconds:202.0
script duration name:co2 seconds:0.0
Script duration 202.0
Run total estimated duration= 203.000
script duration name:unknown400_120 seconds:540.0
script duration name:co2 seconds:0.0
Script duration 540.0
Run total estimated duration= 541.000
script duration name:unknown400_120 seconds:540.0
script duration name:cocktail_x1 seconds:108.0
Script duration 648.0
Run total estimated duration= 649.000
script duration name:unknown400_120 seconds:540.0
script duration name:cocktail_x1 seconds:108.0
Script duration 648.0
Run total estimated duration= 649.000
script duration name:co2_whiff_120_60_large seconds:202.0
script duration name:co2 seconds:0.0
Script duration 202.0
Run total estimated duration= 203.000
script duration name:co2_whiff_120_60_large seconds:202.0
script duration name:co2 seconds:0.0
Script duration 202.0
Run total estimated duration= 203.000
script duration name:co2_whiff_120_60_large seconds:202.0
script duration name:co2 seconds:0.0
Script duration 202.0
Run total estimated duration= 203.000
script duration name:co2_whiff_120_60_large seconds:202.0
script duration name:co2 seconds:0.0
Script duration 202.0
Run total estimated duration= 203.000
script duration name:co2_whiff_120_60_large seconds:202.0
script duration name:co2 seconds:0.0
Script duration 202.0
Run total estimated duration= 203.000
script duration name:co2_whiff_120_60_large seconds:202.0
script duration name:co2 seconds:0.0
Script duration 202.0
Run total estimated duration= 203.000
script duration name:co2_whiff_120_60_large seconds:202.0
script duration name:co2 seconds:0.0
Script duration 202.0
Run total estimated duration= 203.000
script duration name:co2_whiff_120_60_large seconds:202.0
script duration name:co2 seconds:0.0
Script duration 202.0
Run total estimated duration= 203.000
script duration name:co2_whiff_120_60_large seconds:202.0
script duration name:co2 seconds:0.0
Script duration 202.0
Run total estimated duration= 203.000
script duration name:co2_whiff_120_60_large seconds:202.0
script duration name:co2 seconds:0.0
Script duration 202.0
Run total estimated duration= 203.000
script duration name:unknown400_120 seconds:540.0
script duration name:sniffair_x2 seconds:250.0
Script duration 790.0
Run total estimated duration= 791.000
script duration name:co2_whiff_120_60_large seconds:202.0
script duration name:co2 seconds:0.0
Script duration 202.0
Run total estimated duration= 203.000
script duration name:co2_whiff_120_60_large seconds:202.0
script duration name:co2 seconds:0.0
Script duration 202.0
Run total estimated duration= 203.000
script duration name:co2_whiff_120_60_large seconds:202.0
script duration name:co2 seconds:0.0
Script duration 202.0
Run total estimated duration= 203.000
script duration name:co2_whiff_120_60_large seconds:202.0
script duration name:co2 seconds:0.0
Script duration 202.0
Run total estimated duration= 203.000
script duration name:co2_whiff_120_60_large seconds:202.0
script duration name:co2 seconds:0.0
Script duration 202.0
Run total estimated duration= 203.000
script duration name:unknown400_120 seconds:540.0
script duration name:co2 seconds:0.0
Script duration 540.0
Run total estimated duration= 541.000
script duration name:unknown400_120 seconds:540.0
script duration name:cocktail_x1 seconds:108.0
Script duration 648.0
Run total estimated duration= 649.000
script duration name:unknown400_120 seconds:540.0
script duration name:cocktail_x1 seconds:108.0
Script duration 648.0
Run total estimated duration= 649.000
script duration name:co2_whiff_120_60_large seconds:202.0
script duration name:co2 seconds:0.0
Script duration 202.0
Run total estimated duration= 203.000
script duration name:co2_whiff_120_60_large seconds:202.0
script duration name:co2 seconds:0.0
Script duration 202.0
Run total estimated duration= 203.000
script duration name:co2_whiff_120_60_large seconds:202.0
script duration name:co2 seconds:0.0
Script duration 202.0
Run total estimated duration= 203.000
script duration name:co2_whiff_120_60_large seconds:202.0
script duration name:co2 seconds:0.0
Script duration 202.0
Run total estimated duration= 203.000
script duration name:co2_whiff_120_60_large seconds:202.0
script duration name:co2 seconds:0.0
Script duration 202.0
Run total estimated duration= 203.000
script duration name:co2_whiff_120_60_large seconds:202.0
script duration name:co2 seconds:0.0
Script duration 202.0
Run total estimated duration= 203.000
script duration name:co2_whiff_120_60_large seconds:202.0
script duration name:co2 seconds:0.0
Script duration 202.0
Run total estimated duration= 203.000
script duration name:co2_whiff_120_60_large seconds:202.0
script duration name:co2 seconds:0.0
Script duration 202.0
Run total estimated duration= 203.000
script duration name:co2_whiff_120_60_large seconds:202.0
script duration name:co2 seconds:0.0
Script duration 202.0
Run total estimated duration= 203.000
script duration name:co2_whiff_120_60_large seconds:202.0
script duration name:co2 seconds:0.0
Script duration 202.0
Run total estimated duration= 203.000
script duration name:co2_whiff_120_60_large seconds:202.0
script duration name:co2 seconds:0.0
Script duration 202.0
Run total estimated duration= 203.000
script duration name:co2_whiff_120_60_large seconds:202.0
script duration name:co2 seconds:0.0
Script duration 202.0
Run total estimated duration= 203.000
script duration name:co2_whiff_120_60_large seconds:202.0
script duration name:co2 seconds:0.0
Script duration 202.0
Run total estimated duration= 203.000
script duration name:co2_whiff_120_60_large seconds:202.0
script duration name:co2 seconds:0.0
Script duration 202.0
Run total estimated duration= 203.000
script duration name:co2_whiff_120_60_large seconds:202.0
script duration name:co2 seconds:0.0
Script duration 202.0
Run total estimated duration= 203.000
script duration name:unknown400_120 seconds:540.0
script duration name:co2 seconds:0.0
Script duration 540.0
Run total estimated duration= 541.000
script duration name:unknown400_120 seconds:540.0
script duration name:sniffair_x2 seconds:250.0
Script duration 790.0
Run total estimated duration= 791.000
script duration name:unknown400_120 seconds:540.0
script duration name:sniffair_x2 seconds:250.0
Script duration 790.0
Run total estimated duration= 791.000
script duration name:unknown400_120 seconds:540.0
script duration name:cocktail_x1 seconds:108.0
Script duration 648.0
Run total estimated duration= 649.000
script duration name:unknown400_120 seconds:540.0
script duration name:cocktail_x1 seconds:108.0
Script duration 648.0
Run total estimated duration= 649.000
script duration name:co2_whiff_120_60_large seconds:202.0
script duration name:co2 seconds:0.0
Script duration 202.0
Run total estimated duration= 203.000
script duration name:co2_whiff_120_60_large seconds:202.0
script duration name:co2 seconds:0.0
Script duration 202.0
Run total estimated duration= 203.000
script duration name:co2_whiff_120_60_large seconds:202.0
script duration name:co2 seconds:0.0
Script duration 202.0
Run total estimated duration= 203.000
script duration name:co2_whiff_120_60_large seconds:202.0
script duration name:co2 seconds:0.0
Script duration 202.0
Run total estimated duration= 203.000
script duration name:co2_whiff_120_60_large seconds:202.0
script duration name:co2 seconds:0.0
Script duration 202.0
Run total estimated duration= 203.000
script duration name:co2_whiff_120_60_large seconds:202.0
script duration name:co2 seconds:0.0
Script duration 202.0
Run total estimated duration= 203.000
script duration name:co2_whiff_120_60_large seconds:202.0
script duration name:co2 seconds:0.0
Script duration 202.0
Run total estimated duration= 203.000
script duration name:co2_whiff_120_60_large seconds:202.0
script duration name:co2 seconds:0.0
Script duration 202.0
Run total estimated duration= 203.000
script duration name:co2_whiff_120_60_large seconds:202.0
script duration name:co2 seconds:0.0
Script duration 202.0
Run total estimated duration= 203.000
script duration name:co2_whiff_120_60_large seconds:202.0
script duration name:co2 seconds:0.0
Script duration 202.0
Run total estimated duration= 203.000
script duration name:unknown400_120 seconds:540.0
script duration name:co2 seconds:0.0
Script duration 540.0
Run total estimated duration= 541.000
script duration name:unknown400_120 seconds:540.0
script duration name:sniffair_x2 seconds:250.0
Script duration 790.0
Run total estimated duration= 791.000
script duration name:unknown400_120 seconds:540.0
script duration name:sniffair_x2 seconds:250.0
Script duration 790.0
Run total estimated duration= 791.000
script duration name:unknown400_120 seconds:540.0
script duration name:cocktail_x1 seconds:108.0
Script duration 648.0
Run total estimated duration= 649.000
script duration name:unknown400_120 seconds:540.0
script duration name:cocktail_x1 seconds:108.0
Script duration 648.0
Run total estimated duration= 649.000
nruns=119 before=5.0, run_dur=38059.0, btw=3170.0
write rem/ex queues
/Users/jan/PychronDev/experiments/rem/Load1819.rem.txt
/Users/jan/PychronDev/experiments/rem/Load1819.ex.txt
doing event level: 3
add run
