do run
loading script "jan_co2_whiff_120_60_large.py"
loading script "jan_pump_ms.py"
loading script "jan_co2.py"
loading script "jan_pump_extraction_line.py"
testing...
no interpolation path defined
executed snippet estimated_duration=201.56, duration=0.000236988067627
script duration name:co2_whiff_120_60_large seconds:202.0
loading script "jan_co2_whiff_120_60_large.py"
loading script "jan_pump_ms.py"
loading script "jan_co2.py"
loading script "jan_pump_extraction_line.py"
testing...
no interpolation path defined
executed snippet estimated_duration=0, duration=2.28881835938e-05
loading script "jan_co2_whiff_120_60_large.py"
loading script "jan_pump_ms.py"
loading script "jan_co2.py"
loading script "jan_pump_extraction_line.py"
testing...
no interpolation path defined
calculate duration
testing...
no interpolation path defined
executed snippet estimated_duration=0, duration=4.91142272949e-05
calculate duration
testing...
no interpolation path defined
executed snippet estimated_duration=0, duration=8.89301300049e-05
executed snippet estimated_duration=0.0, duration=0.00228309631348
script duration name:co2 seconds:0.0
loading script "jan_co2_whiff_120_60_large.py"
loading script "jan_pump_ms.py"
loading script "jan_co2.py"
loading script "jan_pump_extraction_line.py"
testing...
no interpolation path defined
calculate duration
testing...
no interpolation path defined
executed snippet estimated_duration=4.0, duration=0.000134944915771
executed snippet estimated_duration=4.0, duration=0.00119590759277
Script duration 202.0
Run total estimated duration= 203.000
run duration: 0:03:23
doing event level: 2
16:56:55 -- Setting default integration. t=1.048576
setting integration time = 1.048576
SetIntegrationTime 1.048576 ===>> OK
----------------- start -----------------
**************** Experiment Type: Ar/Ar, Ar/Ar
create new session 4945918576
close session 4945918576
$$$$$ Clearing conditionals
adding conditionals kevin
extract conditionals from file. /Users/jan/PychronDev/scripts/conditionals/kevin.yaml
no attr for this modification cd={'extraction_str': '', 'attr': '', 'mapper': '', 'use_termination': False, 'start_count': 0, 'nskip': 0, 'window': 0, 'frequency': 1, 'teststr': '', 'action': 'Skip Next Run', 'ntrips': 1, 'use_truncation': False}
no attr for this cancelation cd={'mapper': '', 'window': 0, 'frequency': 1, 'attr': '', 'teststr': '', 'start_count': 0, 'ntrips': 1}
adding truncation attr="Ar40" test="Ar40>5000.0" start="10"
adding truncation attr="age" test="age>50.0" start="40"
adding truncation attr="Ar39" test="Ar39.bs_corrected<0.3" start="30"
adding truncation attr="Ar40" test="Ar40.bs_corrected>2000.0" start="20"
adding termination attr="Ar40" test="Ar40>5000.0" start="1"
Invalid conditional kind="pre_run_terminations"
no attr for this action cd={'mapper': '', 'attr': '', 'start_count': 0, 'window': 0, 'frequency': 1, 'teststr': '', 'action': None, 'ntrips': 1}
Invalid conditional kind="post_run_terminations"
Add queue conditionals
add default conditionals
adding default conditionals from /Users/jan/PychronDev/setupfiles/spectrometer/default_conditionals.yaml
Start automated run 65804-84
loading script "jan_co2_whiff_120_60_large.py"
loading script "jan_pump_ms.py"
loading script "jan_co2.py"
loading script "jan_pump_extraction_line.py"
%%%%%%%%%%%%%%%%%% setting automated run 65804-84
No value "sensitivity_multiplier" in metadata
$$$$$$$$$$$$$$$ auto_save_detector_ic=False
============================= Pre Extraction Check =============================
loading queue conditionals pre_run_terminations
loading system conditionals pre_run_terminations
loading conditionals from /Users/jan/PychronDev/setupfiles/spectrometer/default_conditionals.yaml
16:56:55 -- ******* Pre Extraction Check *******
Get a measurement from the spectrometer
Pre Extraction Termination data. keys=H2,H1,AX,L1,L2,CDD, signals=-0.09290,0.18994,0.06487,-0.04415,0.01225,0.00252
16:56:55 -- testing system defined conditionals
Checking default pre extraction terminations n=2
testing CDD
evaluate ot="CDD.inactive" t="CDD", ctx="{'CDD': False}"
GetDeflection CDD ===>> 50
testing CDD==2000
evaluate ot="CDD.deflection==2000" t="CDD==2000", ctx="{'CDD': 50.0}"
16:56:55 -- ******* Pre Extraction Check Passed *******
=================================================================================
16:56:55 -- stopping status monitor
stop 4943877616
Status monitor stopped
Status monitor finished
16:56:57 -- starting status monitor
start 4943877616
StatusMonitor period=1. Frequencies(state=2, checksum=3, lock=5, owner=5)
start extraction
do extraction
Analysis started at 16:56:58.606799
Extraction Started jan_co2.py
16:56:58 -- ******* Extraction Started jan_co2.py *******
state changed from not run to extraction
DO EXTRACTION <pychron.extraction_line.pyscript_runner.RemotePyScriptRunner object at 0x1296a5050>
testing...
no interpolation path defined
calculate duration
testing...
no interpolation path defined
executed snippet estimated_duration=0, duration=6.29425048828e-05
calculate duration
testing...
no interpolation path defined
executed snippet estimated_duration=0, duration=9.89437103271e-05
executed snippet estimated_duration=100.0, duration=0.00268983840942
Jan CO2 laser analysis
doing GOSUB
testing...
no interpolation path defined
executed snippet estimated_duration=0, duration=6.98566436768e-05
Waiting for CO2 access
wait ('FelixCO2Flag', 0) {}
waiting for FelixCO2Flag = 0
Read FelixCO2Flag ===>> 0
finished waiting
CO2 free
wait ('CO2PumpTimeFlag', 0) {}
waiting for CO2PumpTimeFlag = 0
Read CO2PumpTimeFlag ===>> 0
finished waiting
acquire ('JanCO2Flag',) {'clear': True}
acquire JanCO2Flag
Set JanCO2Flag 1 ===>> OK
JanCO2Flag acquired
set extraction state False (0.75, 'red', 1.5)
CO2 acquired
executed snippet estimated_duration=0, duration=0.0215220451355
WaitForCO2Access.py completed successfully
gosub finished
doing GOSUB
testing...
no interpolation path defined
executed snippet estimated_duration=0, duration=0.000102043151855
Prepare for CO2 analysis
close () {'description': 'Jan Inlet'}
close name=--- desc=Jan Inlet
checking ownership. requestor=129.138.12.150
check software interlocks R
interlocks []
actuate state mode=None-script, software_lock=False
doing actuation None-script close_channel False
Close R ===>> OK
GetIndicatorState R ===>> False
change switch state (True, True)
update switch state R False args=() kw={} ncanvase=3
16:56:59 -- CLOSE  VALVE-R (Jan Inlet)
-------------------------- close None (Jan Inlet) result=[(True, True)]
action=close, ok=True, locked=[False]
open () {'description': 'Jan Ion Pump'}
open name=--- desc=Jan Ion Pump
checking ownership. requestor=129.138.12.150
check software interlocks O
interlocks []
actuate state mode=None-script, software_lock=False
doing actuation None-script open_channel False
Open O ===>> OK
GetIndicatorState O ===>> OK
change switch state (True, True)
update switch state O True args=() kw={} ncanvase=3
16:56:59 -- OPEN   VALVE-O (Jan Ion Pump)
-------------------------- open None (Jan Ion Pump) result=[(True, True)]
action=open, ok=True, locked=[False]
close () {'description': 'Microbone to Minibone'}
close name=--- desc=Microbone to Minibone
checking ownership. requestor=129.138.12.150
check software interlocks L
interlocks []
actuate state mode=None-script, software_lock=False
doing actuation None-script close_channel False
Close L ===>> OK
GetIndicatorState L ===>> False
change switch state (True, True)
update switch state L False args=() kw={} ncanvase=3
16:57:00 -- CLOSE  VALVE-L (Microbone to Minibone)
-------------------------- close None (Microbone to Minibone) result=[(True, True)]
action=close, ok=True, locked=[False]
open () {'description': 'Microbone to Turbo'}
open name=--- desc=Microbone to Turbo
checking ownership. requestor=129.138.12.150
check software interlocks U
interlocks []
actuate state mode=None-script, software_lock=False
doing actuation None-script open_channel False
Open U ===>> OK
GetIndicatorState U ===>> OK
change switch state (True, True)
update switch state U True args=() kw={} ncanvase=3
16:57:00 -- OPEN   VALVE-U (Microbone to Turbo)
-------------------------- open None (Microbone to Turbo) result=[(True, True)]
action=open, ok=True, locked=[False]
open () {'description': 'Microbone to Inlet Pipette'}
open name=--- desc=Microbone to Inlet Pipette
checking ownership. requestor=129.138.12.150
check software interlocks S
interlocks []
actuate state mode=None-script, software_lock=False
doing actuation None-script open_channel False
Open S ===>> OK
GetIndicatorState S ===>> OK
change switch state (True, True)
update switch state S True args=() kw={} ncanvase=3
16:57:01 -- OPEN   VALVE-S (Microbone to Inlet Pipette)
-------------------------- open None (Microbone to Inlet Pipette) result=[(True, True)]
action=open, ok=True, locked=[False]
open () {'description': 'Microbone to Getter D-50'}
open name=--- desc=Microbone to Getter D-50
checking ownership. requestor=129.138.12.150
check software interlocks K
interlocks []
actuate state mode=None-script, software_lock=False
doing actuation None-script open_channel False
Open K ===>> OK
GetIndicatorState K ===>> OK
change switch state (True, True)
update switch state K True args=() kw={} ncanvase=3
16:57:02 -- OPEN   VALVE-K (Microbone to Getter D-50)
-------------------------- open None (Microbone to Getter D-50) result=[(True, True)]
action=open, ok=True, locked=[False]
open () {'description': 'Microbone to Getter NP-10'}
open name=--- desc=Microbone to Getter NP-10
checking ownership. requestor=129.138.12.150
check software interlocks M
interlocks []
actuate state mode=None-script, software_lock=False
doing actuation None-script open_channel False
Open M ===>> OK
GetIndicatorState M ===>> OK
change switch state (True, True)
update switch state M True args=() kw={} ncanvase=3
16:57:02 -- OPEN   VALVE-M (Microbone to Getter NP-10)
-------------------------- open None (Microbone to Getter NP-10) result=[(True, True)]
action=open, ok=True, locked=[False]
close () {'description': 'CO2 Laser to Felix'}
close name=--- desc=CO2 Laser to Felix
checking ownership. requestor=129.138.12.150
check software interlocks F
interlocks []
actuate state mode=None-script, software_lock=True
VALVE-F(CO2 Laser to Felix) software locked
change switch state (True, False)
-------------------------- close None (CO2 Laser to Felix) result=[(True, False)]
action=close, ok=True, locked=[True]
open () {'description': 'CO2 Laser to Jan'}
open name=--- desc=CO2 Laser to Jan
checking ownership. requestor=129.138.12.150
check software interlocks A
interlocks []
actuate state mode=None-script, software_lock=False
doing actuation None-script open_channel False
invalid checksum "". error=invalid literal for int() with base 10: ''
State checksums do not match. Local:-1965264452 Remote:None
State checksum failed
Open A ===>> OK
GetIndicatorState A ===>> OK
change switch state (True, True)
update switch state A True args=() kw={} ncanvase=3
16:57:08 -- OPEN   VALVE-A (CO2 Laser to Jan)
-------------------------- open None (CO2 Laser to Jan) result=[(True, True)]
action=open, ok=True, locked=[False]
open () {'description': 'Microbone to CO2 Laser'}
open name=--- desc=Microbone to CO2 Laser
checking ownership. requestor=129.138.12.150
check software interlocks T
interlocks []
actuate state mode=None-script, software_lock=False
doing actuation None-script open_channel False
Open T ===>> OK
GetIndicatorState T ===>> OK
change switch state (True, True)
update switch state T True args=() kw={} ncanvase=3
16:57:09 -- OPEN   VALVE-T (Microbone to CO2 Laser)
-------------------------- open None (Microbone to CO2 Laser) result=[(True, True)]
action=open, ok=True, locked=[False]
executed snippet estimated_duration=0, duration=11.2051391602
PrepareForCO2Analysis.py completed successfully
gosub finished
set_motor ('beam', '1.25') {}
setting motor "beam" to 1.25
set motor beam to 1.25
SetMotor beam,1.25 ===>> OK
GetMotorMoving beam ===>> False
GetMotorMoving beam ===>> False
Block completed
move_to_position ('167',) {'autocenter': True}
FusionsCO2 move to position 167
sending GoToHole 167,True
GoToHole 167,True ===>> OK
GetDriveMoving ===>> OK
GetDriveMoving ===>> OK
GetDriveMoving ===>> OK
GetDriveMoving ===>> OK
GetDriveMoving ===>> OK
GetDriveMoving ===>> OK
GetDriveMoving ===>> False
GetDriveMoving ===>> OK
GetDriveMoving ===>> OK
GetDriveMoving ===>> OK
GetDriveMoving ===>> OK
GetDriveMoving ===>> OK
GetDriveMoving ===>> OK
GetDriveMoving ===>> OK
GetDriveMoving ===>> OK
GetDriveMoving ===>> False
Block completed
GetAutoCorrecting ===>> OK
GetAutoCorrecting ===>> OK
GetAutoCorrecting ===>> OK
GetAutoCorrecting ===>> OK
GetAutoCorrecting ===>> OK
GetAutoCorrecting ===>> OK
GetAutoCorrecting ===>> OK
GetAutoCorrecting ===>> OK
GetAutoCorrecting ===>> False
GetAutoCorrecting ===>> False
Block completed
update position
GetPosition ===>> 11.96340,-5.98170,1.00000
got position (11.9634, -5.9817, 1.0)
move to position succeeded
sleep (5,) {}
SLEEP 5.0
block started
WaitControl setup for 5.0  
Join finished
block finished. duration 5.07982802391
close () {'description': 'Microbone to Turbo'}
close name=--- desc=Microbone to Turbo
checking ownership. requestor=129.138.12.150
check software interlocks U
interlocks []
actuate state mode=None-script, software_lock=False
doing actuation None-script close_channel True
Close U ===>> OK
GetIndicatorState U ===>> False
change switch state (True, True)
update switch state U False args=() kw={} ncanvase=3
16:57:26 -- CLOSE  VALVE-U (Microbone to Turbo)
-------------------------- close None (Microbone to Turbo) result=[(True, True)]
action=close, ok=True, locked=[False]
enable laser
enable () {}
set extraction state FusionsCO2 Enabled (False, 'red', 1.5)
enabling laser
Enable ===>> OK
begin interval
BEGIN INTERVAL Interval 1 waiting for 30.0
block started
WaitControl setup for 30.0  
set extract to 5.0
extract (5.0,) {}
GetPosition ===>> 11.96340,-5.98170,1.00000
set extraction state FusionsCO2 ON! 5.0(watts) (0.75, 'red', 1.5)
extract sample to 5.0 (watts)
set laser output
SetLaserOutput 5.0,watts ===>> OK
executing pattern triangle.lp
execute_pattern ('triangle.lp',) {}
executing pattern triangle.lp
IsPatterning ===>> OK
IsPatterning ===>> OK
IsPatterning ===>> OK
IsPatterning ===>> OK
IsPatterning ===>> OK
IsPatterning ===>> OK
IsPatterning ===>> OK
IsPatterning ===>> OK
IsPatterning ===>> OK
IsPatterning ===>> OK
IsPatterning ===>> OK
IsPatterning ===>> OK
IsPatterning ===>> OK
IsPatterning ===>> OK
IsPatterning ===>> OK
IsPatterning ===>> OK
IsPatterning ===>> OK
IsPatterning ===>> OK
IsPatterning ===>> OK
IsPatterning ===>> OK
IsPatterning ===>> OK
IsPatterning ===>> OK
IsPatterning ===>> OK
IsPatterning ===>> OK
IsPatterning ===>> OK
IsPatterning ===>> OK
IsPatterning ===>> False
IsPatterning ===>> False
Block completed
COMPLETE INTERVAL waiting for Interval 1 to complete
Join finished
block finished. duration 30.0795898438
Interval 1 finished
end_extract () {}
ending extraction. set laser power to 0
set laser power 0
SetLaserPower 0 ===>> OK
disable () {}
%%%%%%%%%%%%%%%%%%%%%%%%%%%%%%%%%%% disable
set extraction state False (0.75, 'red', 1.5)
disabling laser
Disable ===>> OK
sleep (30.0,) {}
SLEEP 30.0
block started
WaitControl setup for 30.0  
Join finished
block finished. duration 30.1163980961
executed snippet estimated_duration=166.5, duration=88.7316529751
jan_co2.py completed successfully
GetAchievedOutput ===>> No Response
Requested Output= 0.000
Achieved Output=  0.000
GetResponseBlob ===>> No Response
GetOutputBlob ===>> No Response
persistence save...
persistence save - db
AutomatedRunPersister post_extraction_save deprecated
persistence save - dvc
no extraction position for 167
not connected to db mysql://janexp@129.138.12.160/labspy
Enviromentals: {'lab_humiditys': [{'device': 'EnvironmentalMonitor',
                    'name': 'Lab Hum.',
                    'pub_date': '2017-08-18T16:38:35',
                    'title': 'iServer Hum.',
                    'value': 31.9}],
 'lab_pneumatics': [{'device': 'AirPressure',
                     'name': 'Pressure',
                     'pub_date': '2017-08-18T16:58:06',
                     'title': None,
                     'value': 83.025},
                    {'device': 'AirPressure2',
                     'name': 'Pressure2',
                     'pub_date': '2017-08-18T16:58:16',
                     'title': None,
                     'value': 83.33884}],
 'lab_temperatures': [{'device': 'EnvironmentalMonitor',
                       'name': 'Lab Temp.',
                       'pub_date': '2017-08-18T16:13:12',
                       'title': 'iServer Temp.',
                       'value': 73.9},
                      {'device': 'Chiller',
                       'name': 'Coolant Temp.',
                       'pub_date': '2017-08-18T16:46:01',
                       'title': None,
                       'value': 18.0}]}
Extraction Finished
16:58:29 -- ******* Extraction Finished *******
no overlap. not waiting for min ms pumptime
16:58:29 -- Sending spectrometer configuration
======== Sending configuration ========
SetDeflection CDD,50.0 ===>> OK
SetDeflection H2,0.0 ===>> OK
SetDeflection H1,0.0 ===>> OK
SetDeflection L2,825.0 ===>> OK
SetDeflection L1,400.0 ===>> OK
SetDeflection AX,190.0 ===>> OK
SetZFocus 74.64 ===>> OK
SetZSymmetry -50.72 ===>> OK
SetExtractionLens 26.13 ===>> OK
SetIonRepeller -3.81 ===>> OK
SetElectronEnergy 75.08 ===>> OK
SetYSymmetry -2.81 ===>> OK
SetIonCounterVoltage 1590.0 ===>> OK
send trap current 200.0
GetParameter Trap Current Readback ===>> 198.370811206739
SetParameter Trap Current Set,200.0 ===>> OK
updating mftable name mftable
Using mftable located at /Users/jan/PychronDev/setupfiles/spectrometer/mftables/mftable.csv
============ MFtable ===========
Isotope  H2     H1     AX     L1     L2     CDD    
Ar40     6.0552 5.8788 5.9926 6.1937 6.2300 6.6790
Ar39     6.0101 5.7697 6.0567 6.3368 6.1128 6.5655
Ar36     5.6876 5.4387 5.7200 5.9957 5.7677 6.2166
================================
get initial guess parabolic
get initial guess parabolic
get initial guess parabolic
get initial guess parabolic
get initial guess parabolic
get initial guess parabolic
======== Configuration Finished ========
GetYSymmetry ===>> -2.81
GetZSymmetry ===>> -50.72
GetParameter Trap Current Readback ===>> 197.811389855338
GetHighVoltage ===>> 4500
start measurement
do measurement
L#=65804 analysis type=unknown
Measurement Started jan_co2_whiff_120_60_large.py
16:58:30 -- ******* Measurement Started jan_co2_whiff_120_60_large.py *******
state changed from extraction to measurement
setting trap, emission, spec, defl, and gains
GetExtractionLens ===>> 26.13
GetYSymmetry ===>> -2.81
GetZSymmetry ===>> -50.72
GetZFocus ===>> 74.64
GetDeflection H2 ===>> 0
GetDeflection H1 ===>> 0
GetDeflection AX ===>> 190
GetDeflection L1 ===>> 400
GetDeflection L2 ===>> 825
GetDeflection CDD ===>> 50
GetGain H2 ===>> 0.0113
GetGain H1 ===>> 0.1
GetGain AX ===>> 0.09645
GetGain L1 ===>> 0.010309
GetGain L2 ===>> 0.091218
GetGain CDD ===>> 0
GetParameter Trap Current Readback ===>> 198.370811206739
GetParameter Source Current Readback ===>> 552.049929805286
pre measurement save
New frame /Users/jan/PychronDev/data/isotopes/a6/d26044-f6ed-44c3-8891-f6007f8b49c9.h5
flush and close file /Users/jan/PychronDev/data/isotopes/a6/d26044-f6ed-44c3-8891-f6007f8b49c9.h5
testing...
no interpolation path defined
executed snippet estimated_duration=201.56, duration=0.000311136245728
co2 whiff measurement script
activate_detectors ('H2', 'H1', 'AX', 'L1', 'L2', 'CDD') {}
activate detectors
*************** Set Analysis View Ar/Ar
create graphs
clearing graphs
clear isotope group
setting isotope det=H2, iso=Ar41
setting isotope det=H1, iso=Ar40
setting isotope det=AX, iso=Ar39
setting isotope det=L1, iso=Ar38
setting isotope det=L2, iso=Ar37
setting isotope det=CDD, iso=Ar36
setting previous blanks
 - setting Ar41 blank 0.012+/-0.004
 - setting Ar40 blank 0.398+/-0.008
 - setting Ar36 blank 0.00385+/-0.00018
 - setting Ar37 blank 0.038+/-0.006
 - setting Ar38 blank 0.0109+/-0.0025
 - setting Ar39 blank 0.008+/-0.010
load analysis view
position_magnet ('Ar40',) {'detector': 'H1'}
detector Detector(H1)
POSITION Ar40 H1
setting detector H2 to Ar41 (40.9624)
setting detector H1 to Ar40 (39.9624)
setting detector AX to Ar39 (38.9624)
setting detector L1 to Ar38 (37.9624)
setting detector L2 to Ar37 (36.9624)
setting detector CDD to Ar36 (35.9624)
Mapping mass to dac mass func: "parabolic"
H1 map mass coeffs = [ -3.11428344e-04   1.33794662e-01   1.02937323e+00]
H1 map mass to dac 39.9624 >> 5.87878
GetDeflection H1 ===>> 0
GetHighVoltage ===>> 4500
positioning Ar40 (5.87878) on H1
setting magnet DAC
current  : 5.878780
requested: 5.878780
Delta Dac: 0.000000
Checking detector protection. dv=0.00000
Checking detector "CDD". Protection Threshold: 0.5 (V)
SetMagnetDAC 5.87878 ===>> OK
Magnet settling time: 0.500 0.500
Magnet settling complete
set_dac. change=True
close ('S',) {}
close name=S desc=---
checking ownership. requestor=129.138.12.150
check software interlocks S
interlocks []
actuate state mode=None-script, software_lock=False
doing actuation None-script close_channel True
update labels <pychron.experiment.plot_panel.PlotPanel object at 0x157d972f0>
update labels "<pychron.graph.stacked_regression_graph.StackedRegressionGraph object at 0x172cad0b0>"
setting label 0 H2 Ar41
setting label 1 H1 Ar40
setting label 2 AX Ar39
setting label 3 L1 Ar38
setting label 4 L2 Ar37
setting label 5 CDD Ar36
update labels "<pychron.graph.stacked_graph.StackedGraph object at 0x172c90d10>"
setting label 0 H2 Ar41
setting label 1 H1 Ar40
setting label 2 AX Ar39
setting label 3 L1 Ar38
setting label 4 L2 Ar37
setting label 5 CDD Ar36
Close S ===>> OK
GetIndicatorState S ===>> False
change switch state (True, True)
update switch state S False args=() kw={} ncanvase=3
16:58:32 -- CLOSE  VALVE-S (Microbone to Inlet Pipette)
-------------------------- close S () result=[(True, True)]
action=close, ok=True, locked=[False]
equilibrate () {'do_post_equilibration': False, 'inlet': 'R', 'outlet': 'O', 'eqtime': 4}
Equilibration Started
16:58:32 -- ******* Equilibration Started *******
checking ownership. requestor=129.138.12.150
check software interlocks O
interlocks []
actuate state mode=None-script, software_lock=False
doing actuation None-script close_channel True
Close O ===>> OK
GetIndicatorState O ===>> False
change switch state (True, True)
update switch state O False args=() kw={} ncanvase=3
16:58:33 -- CLOSE  VALVE-O (Jan Ion Pump)
waiting 3s before opening inlet value ('R',)
checking ownership. requestor=129.138.12.150
check software interlocks R
interlocks []
actuate state mode=None-script, software_lock=False
doing actuation None-script open_channel True
Open R ===>> OK
GetIndicatorState R ===>> OK
change switch state (True, True)
update switch state R True args=() kw={} ncanvase=3
16:58:36 -- OPEN   VALVE-R (Jan Inlet)
set_time_zero (0,) {}
equilibrating for 4sec
sniff (4,) {}
py_sniff
build tables- sniff [Detector(H2), Detector(H1), Detector(AX), Detector(L1), Detector(L2), Detector(CDD)]
add group /sniff/Ar41 (Group) '' table H2
add group /sniff/Ar40 (Group) '' table H1
add group /sniff/Ar39 (Group) '' table AX
add group /sniff/Ar38 (Group) '' table L1
add group /sniff/Ar37 (Group) '' table L2
add group /sniff/Ar36 (Group) '' table CDD
flush and close file /Users/jan/PychronDev/data/isotopes/a6/d26044-f6ed-44c3-8891-f6007f8b49c9.h5
measuring sniff. ncounts=4
"sniff" increment series count="1" fit count="0" regressing="False"
starting measurement
Equilibration Finished
16:58:40 -- ******* Equilibration Finished *******
checking ownership. requestor=129.138.12.150
check software interlocks R
interlocks []
actuate state mode=None-script, software_lock=False
doing actuation None-script close_channel True
Close R ===>> OK
GetIndicatorState R ===>> False
change switch state (True, True)
update switch state R False args=() kw={} ncanvase=3
16:58:41 -- CLOSE  VALVE-R (Jan Inlet)
waiting for write to finish
measurement finished
estimated time: 4.194 actual time: :4.300
flush and close file /Users/jan/PychronDev/data/isotopes/a6/d26044-f6ed-44c3-8891-f6007f8b49c9.h5
set_fits () {}
using default fits file=/Users/jan/PychronDev/scripts/measurement/fits/nominal_linear.yaml
set "Ar41" to "('Average', 'SEM')"
set "Ar40" to "('Linear', 'SEM')"
set "Ar36" to "('Linear', 'SEM')"
set "Ar37" to "('linear', 'SEM')"
set "Ar38" to "('linear', 'SEM')"
set "Ar39" to "('Linear', 'SEM')"
set_baseline_fits () {}
using default fits file=/Users/jan/PychronDev/scripts/measurement/fits/nominal_linear.yaml
set "H2" to "('average', 'SEM')"
set "H1" to "('average', 'SEM')"
set "CDD" to "('average', 'SEM')"
set "L2" to "('average', 'SEM')"
set "L1" to "('average', 'SEM')"
set "AX" to "('average', 'SEM')"
whiff () {'ncounts': 1, 'conditionals': [{'action': 'run_remainder', 'attr': 'Ar40', 'teststr': 'Ar40.cur<=175'}, {'action': 'run_pipette', 'attr': 'Ar40', 'teststr': 'Ar40.cur>500'}, {'action': 'run_chamber_split', 'attr': 'Ar40', 'teststr': 'Ar40.cur>=300'}, {'action': 'pump', 'attr': 'Ar40', 'teststr': 'Ar40.cur>175'}]}
build tables- whiff [Detector(H2), Detector(H1), Detector(AX), Detector(L1), Detector(L2), Detector(CDD)]
add group /whiff/Ar41 (Group) '' table H2
add group /whiff/Ar40 (Group) '' table H1
add group /whiff/Ar39 (Group) '' table AX
add group /whiff/Ar38 (Group) '' table L1
add group /whiff/Ar37 (Group) '' table L2
add group /whiff/Ar36 (Group) '' table CDD
flush and close file /Users/jan/PychronDev/data/isotopes/a6/d26044-f6ed-44c3-8891-f6007f8b49c9.h5
measuring whiff. ncounts=1
"whiff" increment series count="2" fit count="1" regressing="True"
starting measurement
testing Ar40<=175
evaluate ot="Ar40.cur<=175" t="Ar40<=175", ctx="{'Ar40': 100.899210389381}"
condition Ar40<=175 is true trips=1/1
16:58:43 -- Conditional tripped: Ar40.cur<=175 condition Ar40<=175 is True
waiting for write to finish
measurement finished
estimated time: 1.049 actual time: :1.185
flush and close file /Users/jan/PychronDev/data/isotopes/a6/d26044-f6ed-44c3-8891-f6007f8b49c9.h5
WHIFF Result=run_remainder
Whiff result=run_remainder
open ('R',) {}
open name=R desc=---
checking ownership. requestor=129.138.12.150
check software interlocks R
interlocks []
actuate state mode=None-script, software_lock=False
doing actuation None-script open_channel True
Open R ===>> OK
set states for children of R. state=True
handle state [('R', True)]
update switch state R True args=() kw={'refresh': False} ncanvase=3
refresh_canvas_needed fired
GetIndicatorState R ===>> OK
change switch state (True, True)
update switch state R True args=() kw={} ncanvase=3
16:58:43 -- OPEN   VALVE-R (Jan Inlet)
-------------------------- open R () result=[(True, True)]
action=open, ok=True, locked=[False]
open ('S',) {}
open name=S desc=---
checking ownership. requestor=129.138.12.150
check software interlocks S
interlocks []
actuate state mode=None-script, software_lock=False
doing actuation None-script open_channel True
Open S ===>> OK
GetIndicatorState S ===>> OK
change switch state (True, True)
update switch state S True args=() kw={} ncanvase=3
16:58:44 -- OPEN   VALVE-S (Microbone to Inlet Pipette)
-------------------------- open S () result=[(True, True)]
action=open, ok=True, locked=[False]
sleep (12.0,) {}
SLEEP 12.0
block started
WaitControl setup for 12.0  
Join finished
block finished. duration 12.1138629913
close ('R',) {}
close name=R desc=---
checking ownership. requestor=129.138.12.150
check software interlocks R
interlocks []
actuate state mode=None-script, software_lock=False
doing actuation None-script close_channel True
Close R ===>> OK
GetIndicatorState R ===>> False
change switch state (True, True)
update switch state R False args=() kw={} ncanvase=3
16:58:57 -- CLOSE  VALVE-R (Jan Inlet)
-------------------------- close R () result=[(True, True)]
action=close, ok=True, locked=[False]
post_equilibration () {}
Post Equilibration Started jan_pump_extraction_line.py
multicollect () {'integration_time': 1, 'ncounts': 120.0}
16:58:57 -- ******* Post Equilibration Started jan_pump_extraction_line.py *******
build tables- signal [Detector(H2), Detector(H1), Detector(AX), Detector(L1), Detector(L2), Detector(CDD)]
testing...
add group /signal/Ar41 (Group) '' table H2
no interpolation path defined
add group /signal/Ar40 (Group) '' table H1
calculate duration
add group /signal/Ar39 (Group) '' table AX
testing...
add group /signal/Ar38 (Group) '' table L1
no interpolation path defined
add group /signal/Ar37 (Group) '' table L2
executed snippet estimated_duration=4.0, duration=0.000180959701538
add group /signal/Ar36 (Group) '' table CDD
executed snippet estimated_duration=4.0, duration=0.00848698616028
flush and close file /Users/jan/PychronDev/data/isotopes/a6/d26044-f6ed-44c3-8891-f6007f8b49c9.h5
Pump after analysis
measuring signal. ncounts=120.0
doing GOSUB
testing...
no interpolation path defined
executed snippet estimated_duration=4.0, duration=0.000144958496094
Pump Microbone
close () {'description': 'Jan Inlet'}
close name=--- desc=Jan Inlet
checking ownership. requestor=129.138.12.150
check software interlocks R
interlocks []
actuate state mode=None-script, software_lock=False
doing actuation None-script close_channel False
"signal" increment series count="2" fit count="1" regressing="True"
Close R ===>> OK
GetIndicatorState R ===>> False
change switch state (True, True)
update switch state R False args=() kw={} ncanvase=3
16:58:58 -- CLOSE  VALVE-R (Jan Inlet)
-------------------------- close None (Jan Inlet) result=[(True, True)]
starting measurement
action=close, ok=True, locked=[False]
is_closed ('F',) {}
is F () closed?
is closed True
open () {'description': 'CO2 Laser to Jan'}
open name=--- desc=CO2 Laser to Jan
checking ownership. requestor=129.138.12.150
check software interlocks A
interlocks []
actuate state mode=None-script, software_lock=False
doing actuation None-script open_channel False
Open A ===>> OK
GetIndicatorState A ===>> OK
change switch state (True, True)
update switch state A True args=() kw={} ncanvase=3
16:58:58 -- OPEN   VALVE-A (CO2 Laser to Jan)
-------------------------- open None (CO2 Laser to Jan) result=[(True, True)]
action=open, ok=True, locked=[False]
sleep (1,) {}
SLEEP 1.0
testing Ar40>5000.0
evaluate ot="Ar40>5000.0" t="Ar40>5000.0", ctx="{'Ar40': 105.06117908480795}"
close () {'description': 'CO2 Laser to Roughing'}
close name=--- desc=CO2 Laser to Roughing
checking ownership. requestor=129.138.12.150
check software interlocks G
interlocks []
actuate state mode=None-script, software_lock=True
VALVE-G(CO2 Laser to Roughing) software locked
change switch state (True, False)
-------------------------- close None (CO2 Laser to Roughing) result=[(True, False)]
action=close, ok=True, locked=[True]
open () {'description': 'Microbone to Turbo'}
open name=--- desc=Microbone to Turbo
checking ownership. requestor=129.138.12.150
check software interlocks U
interlocks []
actuate state mode=None-script, software_lock=False
doing actuation None-script open_channel True
Open U ===>> OK
GetIndicatorState U ===>> OK
change switch state (True, True)
update switch state U True args=() kw={} ncanvase=3
16:59:00 -- OPEN   VALVE-U (Microbone to Turbo)
-------------------------- open None (Microbone to Turbo) result=[(True, True)]
action=open, ok=True, locked=[False]
open () {'description': 'Microbone to Getter NP-10'}
open name=--- desc=Microbone to Getter NP-10
checking ownership. requestor=129.138.12.150
check software interlocks M
interlocks []
actuate state mode=None-script, software_lock=False
doing actuation None-script open_channel False
testing Ar40>5000.0
evaluate ot="Ar40>5000.0" t="Ar40>5000.0", ctx="{'Ar40': 2747.046922598988}"
Open M ===>> OK
GetIndicatorState M ===>> OK
change switch state (True, True)
update switch state M True args=() kw={} ncanvase=3
16:59:00 -- OPEN   VALVE-M (Microbone to Getter NP-10)
-------------------------- open None (Microbone to Getter NP-10) result=[(True, True)]
action=open, ok=True, locked=[False]
open () {'description': 'Microbone to Getter D-50'}
open name=--- desc=Microbone to Getter D-50
checking ownership. requestor=129.138.12.150
check software interlocks K
interlocks []
actuate state mode=None-script, software_lock=False
doing actuation None-script open_channel False
Open K ===>> OK
GetIndicatorState K ===>> OK
change switch state (True, True)
update switch state K True args=() kw={} ncanvase=3
16:59:01 -- OPEN   VALVE-K (Microbone to Getter D-50)
-------------------------- open None (Microbone to Getter D-50) result=[(True, True)]
testing Ar40>5000.0
evaluate ot="Ar40>5000.0" t="Ar40>5000.0", ctx="{'Ar40': 2774.6792926457074}"
action=open, ok=True, locked=[False]
open () {'description': 'Microbone to CO2 Laser'}
open name=--- desc=Microbone to CO2 Laser
checking ownership. requestor=129.138.12.150
check software interlocks T
interlocks []
actuate state mode=None-script, software_lock=False
doing actuation None-script open_channel False
Open T ===>> OK
GetIndicatorState T ===>> OK
change switch state (True, True)
update switch state T True args=() kw={} ncanvase=3
16:59:01 -- OPEN   VALVE-T (Microbone to CO2 Laser)
-------------------------- open None (Microbone to CO2 Laser) result=[(True, True)]
action=open, ok=True, locked=[False]
open () {'description': 'Microbone to Inlet Pipette'}
open name=--- desc=Microbone to Inlet Pipette
checking ownership. requestor=129.138.12.150
check software interlocks S
interlocks []
actuate state mode=None-script, software_lock=False
doing actuation None-script open_channel False
testing Ar40>5000.0
evaluate ot="Ar40>5000.0" t="Ar40>5000.0", ctx="{'Ar40': 2783.598824574171}"
testing H1<-5.0
evaluate ot="H1.bs<-5.0" t="H1<-5.0", ctx="{'H1': 0.07274348737000233}"
Open S ===>> OK
GetIndicatorState S ===>> OK
change switch state (True, True)
update switch state S True args=() kw={} ncanvase=3
16:59:02 -- OPEN   VALVE-S (Microbone to Inlet Pipette)
-------------------------- open None (Microbone to Inlet Pipette) result=[(True, True)]
action=open, ok=True, locked=[False]
sleep (1,) {}
SLEEP 1.0
testing Ar40>5000.0
evaluate ot="Ar40>5000.0" t="Ar40>5000.0", ctx="{'Ar40': 2786.439255341942}"
set_resource () {'name': 'CO2PumpTimeFlag', 'value': 30}
Set CO2PumpTimeFlag 30 ===>> OK
release ('JanCO2Flag',) {}
release JanCO2Flag
Set JanCO2Flag 0 ===>> OK
executed snippet estimated_duration=6.0, duration=6.29747796059
PumpMicrobone.py completed successfully
gosub finished
get_resource_value () {'name': 'JanMiniboneFlag'}
Read JanMiniboneFlag ===>> 0
Get Resource Value JanMiniboneFlag=0.0
get resource value 0.0
get_resource_value () {'name': 'JanMiniboneFlag'}
Read JanMiniboneFlag ===>> 0
Get Resource Value JanMiniboneFlag=0.0
executed snippet estimated_duration=4.0, duration=6.34116482735
jan_pump_extraction_line.py completed successfully
Post Equilibration Finished
16:59:04 -- ******* Post Equilibration Finished *******
testing Ar40>5000.0
evaluate ot="Ar40>5000.0" t="Ar40>5000.0", ctx="{'Ar40': 2792.076998230119}"
testing Ar40>5000.0
evaluate ot="Ar40>5000.0" t="Ar40>5000.0", ctx="{'Ar40': 2795.211716192031}"
testing Ar40>5000.0
evaluate ot="Ar40>5000.0" t="Ar40>5000.0", ctx="{'Ar40': 2796.578570967874}"
testing Ar40>5000.0
evaluate ot="Ar40>5000.0" t="Ar40>5000.0", ctx="{'Ar40': 2798.106387770756}"
testing H1<-5.0
evaluate ot="H1.bs<-5.0" t="H1<-5.0", ctx="{'H1': 0.07274348737000233}"
testing Ar40>5000.0
evaluate ot="Ar40>5000.0" t="Ar40>5000.0", ctx="{'Ar40': 2799.083058974465}"
testing Ar40>5000.0
evaluate ot="Ar40>5000.0" t="Ar40>5000.0", ctx="{'Ar40': 2799.083058974465}"
testing Ar40>5000.0
evaluate ot="Ar40>5000.0" t="Ar40>5000.0", ctx="{'Ar40': 2798.5431949221156}"
testing Ar40>5000.0
evaluate ot="Ar40>5000.0" t="Ar40>5000.0", ctx="{'Ar40': 2798.5431949221156}"
testing Ar40>5000.0
evaluate ot="Ar40>5000.0" t="Ar40>5000.0", ctx="{'Ar40': 2798.611890660679}"
testing Ar40>5000.0
evaluate ot="Ar40>5000.0" t="Ar40>5000.0", ctx="{'Ar40': 2798.611890660679}"
testing Ar40>5000.0
evaluate ot="Ar40>5000.0" t="Ar40>5000.0", ctx="{'Ar40': 2798.975959281512}"
testing Ar40>5000.0
evaluate ot="Ar40>5000.0" t="Ar40>5000.0", ctx="{'Ar40': 2798.975959281512}"
testing Ar40>5000.0
evaluate ot="Ar40>5000.0" t="Ar40>5000.0", ctx="{'Ar40': 2799.5273845296274}"
testing Ar40>5000.0
evaluate ot="Ar40>5000.0" t="Ar40>5000.0", ctx="{'Ar40': 2799.5273845296274}"
testing H1<-5.0
evaluate ot="H1.bs<-5.0" t="H1<-5.0", ctx="{'H1': 0.07274348737000233}"
testing Ar40>5000.0
evaluate ot="Ar40>5000.0" t="Ar40>5000.0", ctx="{'Ar40': 2800.011220884885}"
testing Ar40>5000.0
evaluate ot="Ar40>5000.0" t="Ar40>5000.0", ctx="{'Ar40': 2800.011220884885}"
testing Ar40>5000.0
evaluate ot="Ar40>5000.0" t="Ar40>5000.0", ctx="{'Ar40': 2800.384023033007}"
testing Ar40>5000.0
evaluate ot="Ar40>5000.0" t="Ar40>5000.0", ctx="{'Ar40': 2800.384023033007}"
testing Ar40>5000.0
evaluate ot="Ar40>5000.0" t="Ar40>5000.0", ctx="{'Ar40': 2800.727085118593}"
testing Ar40>5000.0
evaluate ot="Ar40>5000.0" t="Ar40>5000.0", ctx="{'Ar40': 2800.727085118593}"
testing Ar40>5000.0
evaluate ot="Ar40>5000.0" t="Ar40>5000.0", ctx="{'Ar40': 2800.862374789788}"
testing Ar40>5000.0
evaluate ot="Ar40>5000.0" t="Ar40>5000.0", ctx="{'Ar40': 2800.862374789788}"
testing Ar40>5000.0
evaluate ot="Ar40>5000.0" t="Ar40>5000.0", ctx="{'Ar40': 2800.612083937558}"
testing Ar40>5000.0
evaluate ot="Ar40>5000.0" t="Ar40>5000.0", ctx="{'Ar40': 2800.612083937558}"
testing H1<-5.0
evaluate ot="H1.bs<-5.0" t="H1<-5.0", ctx="{'H1': 0.07274348737000233}"
testing Ar40>5000.0
evaluate ot="Ar40>5000.0" t="Ar40>5000.0", ctx="{'Ar40': 2800.420092504929}"
testing Ar40>2000.0
evaluate ot="Ar40.bs_corrected>2000.0" t="Ar40>2000.0", ctx="{'Ar40': 2800.817876219347}"
condition Ar40>2000.0 is true trips=1/1
16:59:19 -- Conditional tripped: Ar40.bs_corrected>2000.0 condition Ar40>2000.0 is True
16:59:19 -- truncation conditional condition Ar40>2000.0 is True. measurement iteration executed 20/120 counts
state changed from measurement to truncated
waiting for write to finish
measurement finished
estimated time: 125.829 actual time: :21.153
flush and close file /Users/jan/PychronDev/data/isotopes/a6/d26044-f6ed-44c3-8891-f6007f8b49c9.h5
baselines () {'settling_time': 15.0, 'detector': 'H1', 'mass': 34.2, 'ncounts': 60.0}
%%%%%%%%%%%%%%%%%%%%%%%%%%%%%%%% Baseline
build tables- baseline [Detector(H2), Detector(H1), Detector(AX), Detector(L1), Detector(L2), Detector(CDD)]
add group baseline table H2
add group baseline table H1
add group baseline table AX
add group baseline table L1
add group baseline table L2
add group baseline table CDD
flush and close file /Users/jan/PychronDev/data/isotopes/a6/d26044-f6ed-44c3-8891-f6007f8b49c9.h5
detector Detector(H1)
POSITION 34.2 H1
Mapping mass to dac mass func: "parabolic"
H1 map mass coeffs = [ -3.11428344e-04   1.33794662e-01   1.02937323e+00]
H1 map mass to dac 34.2 >> 5.24089160773
GetDeflection H1 ===>> 0
GetHighVoltage ===>> 4500
positioning 34.2 (5.24089160773) on H1
setting magnet DAC
current  : 5.878780
requested: 5.240892
Delta Dac: 0.637888
Checking detector protection. dv=0.63789
Checking detector "CDD". Protection Threshold: 0.5 (V)
ProtectDetector CDD,On ===>> OK
GetDeflection CDD ===>> 2000
Protected = 2000
SetMagnetDAC 5.24089160773 ===>> OK
Magnet settling time: 0.500 0.500
loading system conditionals pre_run_terminations
loading conditionals from /Users/jan/PychronDev/setupfiles/spectrometer/default_conditionals.yaml
loading queue conditionals pre_run_terminations
loading system conditionals None
loading conditionals from /Users/jan/PychronDev/setupfiles/spectrometer/default_conditionals.yaml
loading queue conditionals None
loading system conditionals post_run_terminations
loading conditionals from /Users/jan/PychronDev/setupfiles/spectrometer/default_conditionals.yaml
loading queue conditionals post_run_terminations
Show conditionals active run: <pychron.experiment.automated_run.automated_run.AutomatedRun object at 0x170ee2e30>
Show conditionals measuring run: <pychron.experiment.automated_run.automated_run.AutomatedRun object at 0x170ee2e30>
active_run same as measuring_run: True
Magnet settling complete
Wait for magnet to stop moving
GetMagnetMoving ===>> True
GetMagnetMoving ===>> True
GetMagnetMoving ===>> True
GetMagnetMoving ===>> True
GetMagnetMoving ===>> True
GetMagnetMoving ===>> True
GetMagnetMoving ===>> True
GetMagnetMoving ===>> True
GetMagnetMoving ===>> True
GetMagnetMoving ===>> False
Magnet move complete
Unprotect detectors
ProtectDetector CDD,Off ===>> OK
GetDeflection CDD ===>> 50
set_dac. change=True
Delaying 15.0s for detectors to settle
Join finished
measuring baseline. ncounts=60.0
"baseline" increment series count="2" fit count="1" regressing="True"
starting measurement
testing Ar40>5000.0
evaluate ot="Ar40>5000.0" t="Ar40>5000.0", ctx="{'Ar40': 2800.420092504929}"
testing Ar40>5000.0
evaluate ot="Ar40>5000.0" t="Ar40>5000.0", ctx="{'Ar40': 2800.660095050092}"
testing Ar40>5000.0
evaluate ot="Ar40>5000.0" t="Ar40>5000.0", ctx="{'Ar40': 2800.6521542652927}"
testing Ar40>5000.0
evaluate ot="Ar40>5000.0" t="Ar40>5000.0", ctx="{'Ar40': 2800.6378549583414}"
testing H1<-5.0
evaluate ot="H1.bs<-5.0" t="H1<-5.0", ctx="{'H1': -0.14501896604231476}"
testing Ar40>5000.0
evaluate ot="Ar40>5000.0" t="Ar40>5000.0", ctx="{'Ar40': 2800.630497903819}"
testing Ar40>5000.0
evaluate ot="Ar40>5000.0" t="Ar40>5000.0", ctx="{'Ar40': 2800.600730169416}"
testing Ar40>5000.0
evaluate ot="Ar40>5000.0" t="Ar40>5000.0", ctx="{'Ar40': 2800.5779908569853}"
testing Ar40>5000.0
evaluate ot="Ar40>5000.0" t="Ar40>5000.0", ctx="{'Ar40': 2800.5631687137093}"
testing Ar40>5000.0
evaluate ot="Ar40>5000.0" t="Ar40>5000.0", ctx="{'Ar40': 2800.560755794589}"
testing H1<-5.0
evaluate ot="H1.bs<-5.0" t="H1<-5.0", ctx="{'H1': -0.06791980228982104}"
testing Ar40>5000.0
evaluate ot="Ar40>5000.0" t="Ar40>5000.0", ctx="{'Ar40': 2800.555425647091}"
testing Ar40>5000.0
evaluate ot="Ar40>5000.0" t="Ar40>5000.0", ctx="{'Ar40': 2800.555425647091}"
testing Ar40>5000.0
evaluate ot="Ar40>5000.0" t="Ar40>5000.0", ctx="{'Ar40': 2800.552418879051}"
testing Ar40>5000.0
evaluate ot="Ar40>5000.0" t="Ar40>5000.0", ctx="{'Ar40': 2800.552418879051}"
testing Ar40>5000.0
evaluate ot="Ar40>5000.0" t="Ar40>5000.0", ctx="{'Ar40': 2800.5490645681134}"
testing Ar40>5000.0
evaluate ot="Ar40>5000.0" t="Ar40>5000.0", ctx="{'Ar40': 2800.5490645681134}"
testing Ar40>5000.0
evaluate ot="Ar40>5000.0" t="Ar40>5000.0", ctx="{'Ar40': 2800.5426249873967}"
testing Ar40>5000.0
evaluate ot="Ar40>5000.0" t="Ar40>5000.0", ctx="{'Ar40': 2800.5426249873967}"
testing Ar40>5000.0
evaluate ot="Ar40>5000.0" t="Ar40>5000.0", ctx="{'Ar40': 2800.5325368459307}"
testing Ar40>5000.0
evaluate ot="Ar40>5000.0" t="Ar40>5000.0", ctx="{'Ar40': 2800.5325368459307}"
testing H1<-5.0
evaluate ot="H1.bs<-5.0" t="H1<-5.0", ctx="{'H1': -0.03970085363145391}"
testing Ar40>5000.0
evaluate ot="Ar40>5000.0" t="Ar40>5000.0", ctx="{'Ar40': 2800.529475252128}"
testing Ar40>5000.0
evaluate ot="Ar40>5000.0" t="Ar40>5000.0", ctx="{'Ar40': 2800.529475252128}"
testing Ar40>5000.0
evaluate ot="Ar40>5000.0" t="Ar40>5000.0", ctx="{'Ar40': 2800.525292348422}"
testing Ar40>5000.0
evaluate ot="Ar40>5000.0" t="Ar40>5000.0", ctx="{'Ar40': 2800.525292348422}"
testing Ar40>5000.0
evaluate ot="Ar40>5000.0" t="Ar40>5000.0", ctx="{'Ar40': 2800.520174450739}"
testing Ar40>5000.0
evaluate ot="Ar40>5000.0" t="Ar40>5000.0", ctx="{'Ar40': 2800.520174450739}"
testing Ar40>5000.0
evaluate ot="Ar40>5000.0" t="Ar40>5000.0", ctx="{'Ar40': 2800.5183767918174}"
testing Ar40>5000.0
evaluate ot="Ar40>5000.0" t="Ar40>5000.0", ctx="{'Ar40': 2800.5183767918174}"
testing Ar40>5000.0
evaluate ot="Ar40>5000.0" t="Ar40>5000.0", ctx="{'Ar40': 2800.51186808426}"
testing Ar40>5000.0
evaluate ot="Ar40>5000.0" t="Ar40>5000.0", ctx="{'Ar40': 2800.51186808426}"
testing H1<-5.0
evaluate ot="H1.bs<-5.0" t="H1<-5.0", ctx="{'H1': -0.019032091961177243}"
testing Ar40>5000.0
evaluate ot="Ar40>5000.0" t="Ar40>5000.0", ctx="{'Ar40': 2800.5096113161826}"
testing Ar40>2000.0
evaluate ot="Ar40.bs_corrected>2000.0" t="Ar40>2000.0", ctx="{'Ar40': 2800.9073950306006}"
condition Ar40>2000.0 is true trips=1/1
16:59:58 -- Conditional tripped: Ar40.bs_corrected>2000.0 condition Ar40>2000.0 is True
16:59:58 -- truncation conditional condition Ar40>2000.0 is True. measurement iteration executed 20/60 counts
waiting for write to finish
measurement finished
estimated time: 62.915 actual time: :21.122
flush and close file /Users/jan/PychronDev/data/isotopes/a6/d26044-f6ed-44c3-8891-f6007f8b49c9.h5
activate_detectors ('H1', 'AX', 'CDD') {'peak_center': True}
peak_center () {'detector': 'H1', 'isotope': 'Ar40'}
peak center: mean=2766.11078389 threshold=5.0
peak center started
setup peak center. detector=['H1', 'AX', 'CDD'], isotope=Ar40
VersionedUnpickler [<apptools.sweet_pickle.versioned_unpickler.VersionedUnpickler object at 0x157d86590>] using Updater [<apptools.sweet_pickle.updater.Updater object at 0x1315f7e90>]
VersionedUnpickler [<apptools.sweet_pickle.versioned_unpickler.VersionedUnpickler object at 0x157d86590>] using Updater [<apptools.sweet_pickle.updater.Updater object at 0x1315f7e90>]
VersionedUnpickler [<apptools.sweet_pickle.versioned_unpickler.VersionedUnpickler object at 0x161b00110>] using Updater [<apptools.sweet_pickle.updater.Updater object at 0x1315f7e90>]
setting integration time = 0.524288
SetIntegrationTime 0.524288 ===>> OK
Mapping mass to dac mass func: "parabolic"
H1 map mass coeffs = [ -3.11428344e-04   1.33794662e-01   1.02937323e+00]
H1 map mass to dac 39.9624 >> 5.87878
loading system conditionals pre_run_terminations
loading conditionals from /Users/jan/PychronDev/setupfiles/spectrometer/default_conditionals.yaml
GetDeflection H1 ===>> 0
loading queue conditionals pre_run_terminations
loading system conditionals None
loading conditionals from /Users/jan/PychronDev/setupfiles/spectrometer/default_conditionals.yaml
loading queue conditionals None
loading system conditionals post_run_terminations
loading conditionals from /Users/jan/PychronDev/setupfiles/spectrometer/default_conditionals.yaml
GetHighVoltage ===>> 4500
loading queue conditionals post_run_terminations
do peak center. <pychron.spectrometer.jobs.peak_center.PeakCenter object at 0x1315bc830>
Show conditionals active run: <pychron.experiment.automated_run.automated_run.AutomatedRun object at 0x170ee2e30>
doing pc
Show conditionals measuring run: <pychron.experiment.automated_run.automated_run.AutomatedRun object at 0x170ee2e30>
starting peak center. center dac= 5.87878 step_width=0.001
active_run same as measuring_run: True
width = 0.001
get scan parameters. half-width=0.015,window=0.015, i=0, scalar=1
Scan parameters center=5.87878 width=0.03000 (5.86378 - 5.89378)
Moving to starting dac 5.86378
setting magnet DAC
current  : 5.240892
requested: 5.863780
Delta Dac: 0.622888
Checking detector protection. dv=0.62289
Checking detector "CDD". Protection Threshold: 0.5 (V)
ProtectDetector CDD,On ===>> OK
GetDeflection CDD ===>> 2000
Protected = 2000
SetMagnetDAC 5.86378 ===>> OK
Magnet settling time: 0.500 0.500
Magnet settling complete
Wait for magnet to stop moving
GetMagnetMoving ===>> True
GetMagnetMoving ===>> True
GetMagnetMoving ===>> True
GetMagnetMoving ===>> True
GetMagnetMoving ===>> True
GetMagnetMoving ===>> True
GetMagnetMoving ===>> True
GetMagnetMoving ===>> True
GetMagnetMoving ===>> True
GetMagnetMoving ===>> True
GetMagnetMoving ===>> False
Magnet move complete
Unprotect detectors
ProtectDetector CDD,Off ===>> OK
GetDeflection CDD ===>> 50
set_dac. change=True
Wait until signal near baseline. tol= 0.0452838774568. timeout= 10
Peak center failed to move to a baseline position
_do_sweep sm= 5.86378, em= 5.89378, stm= 0.001
calculated step values: start=5.86378, end=5.89378, width=0.001, nsteps=31.0
setting magnet DAC
current  : 5.863780
requested: 5.863780
Delta Dac: 0.000000
Checking detector protection. dv=0.00000
Checking detector "CDD". Protection Threshold: 0.5 (V)
SetMagnetDAC 5.86378 ===>> OK
set_dac. change=False
setting magnet DAC
current  : 5.863780
requested: 5.864814
Delta Dac: 0.001034
Checking detector protection. dv=0.00103
Checking detector "CDD". Protection Threshold: 0.5 (V)
SetMagnetDAC 5.86481448276 ===>> OK
Magnet settling time: 1.049 0.500
Magnet settling complete
set_dac. change=True
setting magnet DAC
current  : 5.864814
requested: 5.865849
Delta Dac: 0.001034
Checking detector protection. dv=0.00103
Checking detector "CDD". Protection Threshold: 0.5 (V)
SetMagnetDAC 5.86584896552 ===>> OK
Magnet settling time: 1.049 0.500
Magnet settling complete
set_dac. change=True
setting magnet DAC
current  : 5.865849
requested: 5.866883
Delta Dac: 0.001034
Checking detector protection. dv=0.00103
Checking detector "CDD". Protection Threshold: 0.5 (V)
SetMagnetDAC 5.86688344828 ===>> OK
Magnet settling time: 1.049 0.500
Magnet settling complete
set_dac. change=True
setting magnet DAC
current  : 5.866883
requested: 5.867918
Delta Dac: 0.001034
Checking detector protection. dv=0.00103
Checking detector "CDD". Protection Threshold: 0.5 (V)
SetMagnetDAC 5.86791793103 ===>> OK
Magnet settling time: 1.049 0.500
Magnet settling complete
set_dac. change=True
setting magnet DAC
current  : 5.867918
requested: 5.868952
Delta Dac: 0.001034
Checking detector protection. dv=0.00103
Checking detector "CDD". Protection Threshold: 0.5 (V)
SetMagnetDAC 5.86895241379 ===>> OK
Magnet settling time: 1.049 0.500
Magnet settling complete
set_dac. change=True
setting magnet DAC
current  : 5.868952
requested: 5.869987
Delta Dac: 0.001034
Checking detector protection. dv=0.00103
Checking detector "CDD". Protection Threshold: 0.5 (V)
SetMagnetDAC 5.86998689655 ===>> OK
Magnet settling time: 1.049 0.500
Magnet settling complete
set_dac. change=True
setting magnet DAC
current  : 5.869987
requested: 5.871021
Delta Dac: 0.001034
Checking detector protection. dv=0.00103
Checking detector "CDD". Protection Threshold: 0.5 (V)
SetMagnetDAC 5.87102137931 ===>> OK
Magnet settling time: 1.049 0.500
Magnet settling complete
set_dac. change=True
setting magnet DAC
current  : 5.871021
requested: 5.872056
Delta Dac: 0.001034
Checking detector protection. dv=0.00103
Checking detector "CDD". Protection Threshold: 0.5 (V)
SetMagnetDAC 5.87205586207 ===>> OK
Magnet settling time: 1.049 0.500
Magnet settling complete
set_dac. change=True
setting magnet DAC
current  : 5.872056
requested: 5.873090
Delta Dac: 0.001034
Checking detector protection. dv=0.00103
Checking detector "CDD". Protection Threshold: 0.5 (V)
SetMagnetDAC 5.87309034483 ===>> OK
Magnet settling time: 1.049 0.500
Magnet settling complete
set_dac. change=True
setting magnet DAC
current  : 5.873090
requested: 5.874125
Delta Dac: 0.001034
Checking detector protection. dv=0.00103
Checking detector "CDD". Protection Threshold: 0.5 (V)
SetMagnetDAC 5.87412482759 ===>> OK
Magnet settling time: 1.049 0.500
Magnet settling complete
set_dac. change=True
setting magnet DAC
current  : 5.874125
requested: 5.875159
Delta Dac: 0.001034
Checking detector protection. dv=0.00103
Checking detector "CDD". Protection Threshold: 0.5 (V)
SetMagnetDAC 5.87515931034 ===>> OK
Magnet settling time: 1.049 0.500
Magnet settling complete
set_dac. change=True
setting magnet DAC
current  : 5.875159
requested: 5.876194
Delta Dac: 0.001034
Checking detector protection. dv=0.00103
Checking detector "CDD". Protection Threshold: 0.5 (V)
SetMagnetDAC 5.8761937931 ===>> OK
Magnet settling time: 1.049 0.500
Magnet settling complete
set_dac. change=True
setting magnet DAC
current  : 5.876194
requested: 5.877228
Delta Dac: 0.001034
Checking detector protection. dv=0.00103
Checking detector "CDD". Protection Threshold: 0.5 (V)
SetMagnetDAC 5.87722827586 ===>> OK
Magnet settling time: 1.049 0.500
Magnet settling complete
set_dac. change=True
setting magnet DAC
current  : 5.877228
requested: 5.878263
Delta Dac: 0.001034
Checking detector protection. dv=0.00103
Checking detector "CDD". Protection Threshold: 0.5 (V)
SetMagnetDAC 5.87826275862 ===>> OK
Magnet settling time: 1.049 0.500
Magnet settling complete
set_dac. change=True
setting magnet DAC
current  : 5.878263
requested: 5.879297
Delta Dac: 0.001034
Checking detector protection. dv=0.00103
Checking detector "CDD". Protection Threshold: 0.5 (V)
SetMagnetDAC 5.87929724138 ===>> OK
Magnet settling time: 1.049 0.500
Magnet settling complete
set_dac. change=True
setting magnet DAC
current  : 5.879297
requested: 5.880332
Delta Dac: 0.001034
Checking detector protection. dv=0.00103
Checking detector "CDD". Protection Threshold: 0.5 (V)
SetMagnetDAC 5.88033172414 ===>> OK
Magnet settling time: 1.049 0.500
Magnet settling complete
set_dac. change=True
setting magnet DAC
current  : 5.880332
requested: 5.881366
Delta Dac: 0.001034
Checking detector protection. dv=0.00103
Checking detector "CDD". Protection Threshold: 0.5 (V)
SetMagnetDAC 5.8813662069 ===>> OK
Magnet settling time: 1.049 0.500
Magnet settling complete
set_dac. change=True
setting magnet DAC
current  : 5.881366
requested: 5.882401
Delta Dac: 0.001034
Checking detector protection. dv=0.00103
Checking detector "CDD". Protection Threshold: 0.5 (V)
SetMagnetDAC 5.88240068966 ===>> OK
Magnet settling time: 1.049 0.500
Magnet settling complete
set_dac. change=True
setting magnet DAC
current  : 5.882401
requested: 5.883435
Delta Dac: 0.001034
Checking detector protection. dv=0.00103
Checking detector "CDD". Protection Threshold: 0.5 (V)
SetMagnetDAC 5.88343517241 ===>> OK
Magnet settling time: 1.049 0.500
Magnet settling complete
set_dac. change=True
setting magnet DAC
current  : 5.883435
requested: 5.884470
Delta Dac: 0.001034
Checking detector protection. dv=0.00103
Checking detector "CDD". Protection Threshold: 0.5 (V)
SetMagnetDAC 5.88446965517 ===>> OK
Magnet settling time: 1.049 0.500
Magnet settling complete
set_dac. change=True
setting magnet DAC
current  : 5.884470
requested: 5.885504
Delta Dac: 0.001034
Checking detector protection. dv=0.00103
Checking detector "CDD". Protection Threshold: 0.5 (V)
SetMagnetDAC 5.88550413793 ===>> OK
Magnet settling time: 1.049 0.500
Magnet settling complete
set_dac. change=True
setting magnet DAC
current  : 5.885504
requested: 5.886539
Delta Dac: 0.001034
Checking detector protection. dv=0.00103
Checking detector "CDD". Protection Threshold: 0.5 (V)
SetMagnetDAC 5.88653862069 ===>> OK
Magnet settling time: 1.049 0.500
Magnet settling complete
set_dac. change=True
setting magnet DAC
current  : 5.886539
requested: 5.887573
Delta Dac: 0.001034
Checking detector protection. dv=0.00103
Checking detector "CDD". Protection Threshold: 0.5 (V)
SetMagnetDAC 5.88757310345 ===>> OK
Magnet settling time: 1.049 0.500
Magnet settling complete
set_dac. change=True
setting magnet DAC
current  : 5.887573
requested: 5.888608
Delta Dac: 0.001034
Checking detector protection. dv=0.00103
Checking detector "CDD". Protection Threshold: 0.5 (V)
SetMagnetDAC 5.88860758621 ===>> OK
Magnet settling time: 1.049 0.500
Magnet settling complete
set_dac. change=True
setting magnet DAC
current  : 5.888608
requested: 5.889642
Delta Dac: 0.001034
Checking detector protection. dv=0.00103
Checking detector "CDD". Protection Threshold: 0.5 (V)
SetMagnetDAC 5.88964206897 ===>> OK
Magnet settling time: 1.049 0.500
Magnet settling complete
set_dac. change=True
setting magnet DAC
current  : 5.889642
requested: 5.890677
Delta Dac: 0.001034
Checking detector protection. dv=0.00103
Checking detector "CDD". Protection Threshold: 0.5 (V)
SetMagnetDAC 5.89067655172 ===>> OK
Magnet settling time: 1.049 0.500
Magnet settling complete
set_dac. change=True
setting magnet DAC
current  : 5.890677
requested: 5.891711
Delta Dac: 0.001034
Checking detector protection. dv=0.00103
Checking detector "CDD". Protection Threshold: 0.5 (V)
SetMagnetDAC 5.89171103448 ===>> OK
Magnet settling time: 1.049 0.500
Magnet settling complete
set_dac. change=True
setting magnet DAC
current  : 5.891711
requested: 5.892746
Delta Dac: 0.001034
Checking detector protection. dv=0.00103
Checking detector "CDD". Protection Threshold: 0.5 (V)
SetMagnetDAC 5.89274551724 ===>> OK
Magnet settling time: 1.049 0.500
Magnet settling complete
set_dac. change=True
setting magnet DAC
current  : 5.892746
requested: 5.893780
Delta Dac: 0.001034
Checking detector protection. dv=0.00103
Checking detector "CDD". Protection Threshold: 0.5 (V)
SetMagnetDAC 5.89378 ===>> OK
Magnet settling time: 1.049 0.500
Magnet settling complete
set_dac. change=True
result of _do_sweep=True
result of _calculate_peak_center=([5.8709643687374751, 5.8785996392785576, 5.88623490981964], [1967.6502515606164, 2685.2413108470059, 1973.9627262609515], 5.8735795991983979, 2685.2413108470059)
Failed to find a valid peak. No peak greater than 1.0. max = 0.026597732326
new center pos Detector(H1) (Ar40) @ 5.87859963928
GetHighVoltage ===>> 4500
GetDeflection H1 ===>> 0
dac uncorrected for HV and deflection 5.87859963928
update mftable H1 Ar40 5.87859963928 message=automated run peakcenter
get initial guess parabolic
get initial guess parabolic
get initial guess parabolic
get initial guess parabolic
get initial guess parabolic
get initial guess parabolic
dump mftable to /Users/jan/PychronDev/setupfiles/spectrometer/mftables/mftable.csv
add to repo msg=modified - automated run peakcenter
sweep finished
locally archiving mftable
setting magnet DAC
current  : 5.893780
requested: 5.878600
Delta Dac: 0.015180
Checking detector protection. dv=0.01518
Checking detector "CDD". Protection Threshold: 0.5 (V)
SetMagnetDAC 5.87859963928 ===>> OK
Magnet settling time: 0.500 0.500
Magnet settling complete
set_dac. change=True
setting integration time = 1.048576
SetIntegrationTime 1.048576 ===>> OK
Failed to find a valid peak. No peak greater than 1.0. max = 0.026597732326
flush and close file /Users/jan/PychronDev/data/isotopes/a6/d26044-f6ed-44c3-8891-f6007f8b49c9.h5
finished measure script
executed snippet estimated_duration=213.56, duration=141.05163002
jan_co2_whiff_120_60_large.py completed successfully
Measurement Finished
17:00:51 -- ******* Measurement Finished *******
Post Measurement Started jan_pump_ms.py
17:00:51 -- ******* Post Measurement Started jan_pump_ms.py *******
testing...
no interpolation path defined
executed snippet estimated_duration=0, duration=2.8133392334e-05
Pumping spectrometer
open () {'name': 'O'}
open name=O desc=---
checking ownership. requestor=129.138.12.150
check software interlocks O
interlocks []
actuate state mode=None-script, software_lock=False
doing actuation None-script open_channel True
Open O ===>> OK
GetIndicatorState O ===>> OK
change switch state (True, True)
update switch state O True args=() kw={} ncanvase=3
17:00:51 -- OPEN   VALVE-O (Jan Ion Pump)
-------------------------- open O () result=[(True, True)]
action=open, ok=True, locked=[False]
executed snippet estimated_duration=0, duration=0.356848955154
jan_pump_ms.py completed successfully
setting _ms_pumptime
Post Measurement Finished
17:00:51 -- ******* Post Measurement Finished *******
$$$$$$$$$$$$$$$$$$$$ state at run end truncated
post measurement save measured=True aborted=False
Set filtering
setting fod for Ar41= {'filter_outliers': True, 'std_devs': 2, 'iterations': 1}
setting fod for H2= {'filter_outliers': True, 'std_devs': 2, 'iterations': 1}
setting fod for Ar40= {'filter_outliers': True, 'std_devs': 2, 'iterations': 1}
setting fod for H1= {'filter_outliers': True, 'std_devs': 2, 'iterations': 1}
setting fod for Ar36= {'filter_outliers': True, 'std_devs': 2, 'iterations': 1}
setting fod for CDD= {'filter_outliers': True, 'std_devs': 10, 'iterations': 1}
setting fod for Ar37= {'filter_outliers': True, 'std_devs': 2, 'iterations': 1}
setting fod for L2= {'filter_outliers': True, 'std_devs': 2, 'iterations': 1}
setting fod for Ar38= {'filter_outliers': True, 'std_devs': 2, 'iterations': 1}
setting fod for L1= {'filter_outliers': True, 'std_devs': 2, 'iterations': 1}
setting fod for Ar39= {'filter_outliers': True, 'std_devs': 2, 'iterations': 1}
setting fod for AX= {'filter_outliers': True, 'std_devs': 2, 'iterations': 1}
not connected to db mysql://janexp@129.138.12.160/labspy
Enviromentals: {'lab_humiditys': [{'device': 'EnvironmentalMonitor',
                    'name': 'Lab Hum.',
                    'pub_date': '2017-08-18T16:38:35',
                    'title': 'iServer Hum.',
                    'value': 31.9}],
 'lab_pneumatics': [{'device': 'AirPressure',
                     'name': 'Pressure',
                     'pub_date': '2017-08-18T17:00:07',
                     'title': None,
                     'value': 80.475},
                    {'device': 'AirPressure2',
                     'name': 'Pressure2',
                     'pub_date': '2017-08-18T17:00:16',
                     'title': None,
                     'value': 80.43256}],
 'lab_temperatures': [{'device': 'EnvironmentalMonitor',
                       'name': 'Lab Temp.',
                       'pub_date': '2017-08-18T16:13:12',
                       'title': 'iServer Temp.',
                       'value': 73.9},
                      {'device': 'Chiller',
                       'name': 'Coolant Temp.',
                       'pub_date': '2017-08-18T16:46:01',
                       'title': None,
                       'value': 18.0}]}
persistence save...
persistence save - db
post measurement save
6291081744 connecting to database sqlite://@/
connected to db sqlite://@/
create new session 6291081744
close session 6291081744
No database instance. Not saving post measurement to isotopedb database
$$$$$$$$$$$$$$$ auto_save_detector_ic=False
massspec enabled True
create new session 4981430992
MassSpec Database Version: 16.0
close session 4981430992
saving post measurement to secondary database
saving to massspec database 129.138.12.160/massspecdata
setting labnumber to 65804
setting aliquot to 84
setting step to 
setting uuid to a6d26044-f6ed-44c3-8891-f6007f8b49c9
setting irradpos to 65804
setting extract_device to Fusions CO2
setting tray to 
setting position to 167
setting power_requested to 5.0
setting extract_value to 5.0
setting duration to 30.0
setting duration_at_request to 30.0
setting first_stage_delay to 30.0
setting cleanup to 30.0
setting comment to D:2
setting irradiation to NM-291
setting level to D
setting irradiation_level to D
setting sample to Og-15
setting material to Sanidine
setting project to IR1009
setting mass_spectrometer to Jan
no attribute chron_dosages
no attribute production_ratios
no attribute interference_corrections
no attribute production_name
no attribute j
Reference Isotope=Ar40
Reference Detector=H1
%%%%%%%%%%%%%%%%%%%% Comment: D:2 %%%%%%%%%%%%%%%%%%%
adding isotope Ar41 H2
add baseline dbdet= Ar41. original det= H2
get baseline data Ar41 H2
Get data baseline <pychron.processing.isotope.Baseline object at 0x15f6f8a90> len t=20
baseline Ar41. v=-0.106033838784, e=0.00645921293434
get signal data Ar41 H2
Get data signal Ar41 0.217+/-0.017 len t=20
adding isotope Ar40 H1
add baseline dbdet= Ar40. original det= H1
get baseline data Ar40 H1
Get data baseline <pychron.processing.isotope.Baseline object at 0x15f6f8d10> len t=20
baseline Ar40. v=-0.00764770898916, e=0.0166722202051
get signal data Ar40 H1
Get data signal Ar40 2802.1+/-0.6 len t=20
adding isotope Ar39 AX
add baseline dbdet= Ar39. original det= AX
get baseline data Ar39 AX
Get data baseline <pychron.processing.isotope.Baseline object at 0x15f6f8610> len t=20
baseline Ar39. v=-0.0392716497524, e=0.0133082294061
get signal data Ar39 AX
Get data signal Ar39 4.78+/-0.05 len t=20
adding isotope Ar38 L1
add baseline dbdet= Ar38. original det= L1
get baseline data Ar38 L1
Get data baseline <pychron.processing.isotope.Baseline object at 0x15f6f86d0> len t=20
baseline Ar38. v=-0.0172409342832, e=0.0060132639015
get signal data Ar38 L1
Get data signal Ar38 0.244+/-0.035 len t=20
adding isotope Ar37 L2
add baseline dbdet= Ar37. original det= L2
get baseline data Ar37 L2
Get data baseline <pychron.processing.isotope.Baseline object at 0x1668d9b10> len t=20
baseline Ar37. v=-0.00503980564702, e=0.00908478865529
get signal data Ar37 L2
Get data signal Ar37 0.09+/-0.05 len t=20
adding isotope Ar36 CDD
add baseline dbdet= Ar36. original det= CDD
get baseline data Ar36 CDD
Get data baseline <pychron.processing.isotope.Baseline object at 0x1668d9d50> len t=20
baseline Ar36. v=0.000511790627502, e=5.43192215928e-05
get signal data Ar36 CDD
Get data signal Ar36 0.0249+/-0.0032 len t=20
65804-84 added analysis time 0.487730979919s
analysis added to mass spec database
mass spec save time= 0.497
persistence save - dvc
================= post measurement started
create new session 4943611568
close session 4943611568
---------------- Experiment Queue saving disabled
DVC saving peakcenter
Failed to find a valid peak. No peak greater than 1.0. max = 0.026597732326
Smart pull ahead: 0 behind: 0
Up-to-date with origin
add to repo msg=modified - ad8224ebc6dbfeb9f5997218dfa5fe690569839d.json
add to repo msg=modified - 04-84.json
add to repo msg=modified - 04-84.dat.json
add to repo msg=modified - 04-84.blan.json
add to repo msg=modified - 04-84.inte.json
add to repo msg=modified - 04-84.icfa.json
add to repo msg=modified - 04-84.base.json
not at valid file /Users/jan/PychronDev/data/.dvc/repositories/IR1009/658/tags/04-84.tags.json
add to repo msg=modified - 04-84.peak.json
add to repo msg=modified - 04-84.extr.json
not at valid file /Users/jan/PychronDev/data/.dvc/repositories/IR1009/658/monitor/04-84.moni.json
commit message=<COLLECTION>
add to repo msg=modified - 04-84.inte.json
add to repo msg=modified - 04-84.base.json
commit message=<ISOEVO> default collection fits
add to repo msg=modified - 04-84.blan.json
commit message=<BLANKS> preceding bc-02-J-881
add to repo msg=modified - 04-84.icfa.json
commit message=<ICFactor> default
push repository <pychron.git_archive.repo_manager.GitRepoManager object at 0x1730d6770>
pushing to remote=origin, url=https://github.com
no changes to meta repo
create new session 4943611568
add association IR1009
get identifier "65804"
setting analysis irradiation position=<pychron.dvc.dvc_orm.IrradiationPositionTbl object at 0x178557f10>
close session 4943611568
================= post measurement finished
17:01:07 -- ******* Post Run Check *******
loading queue conditionals post_run_actions
loading system conditionals post_run_actions
loading conditionals from /Users/jan/PychronDev/setupfiles/spectrometer/default_conditionals.yaml
loading queue conditionals post_run_terminations
loading system conditionals post_run_terminations
loading conditionals from /Users/jan/PychronDev/setupfiles/spectrometer/default_conditionals.yaml
Checking default post run terminations n=1
GetDeflection CDD ===>> 50
testing CDD==2000
evaluate ot="CDD.deflection==2000" t="CDD==2000", ctx="{'CDD': 50.0}"
17:01:07 -- ******* Post Run Check Passed *******
17:01:07 -- Automated run 65804-84 truncated duration: 252.263 s
----------------- finish -----------------
----------------- stop -----------------
retroactive repository identifiers disabled
finish run. runs completed=35
write rem/ex queues
/Users/jan/PychronDev/experiments/rem/Load1819.rem.txt
/Users/jan/PychronDev/experiments/rem/Load1819.ex.txt
doing event level: 3
add run
